CRITICAL - 2023-03-15 02:33:57 --> Object of class CodeIgniter\Database\MySQLi\Connection could not be converted to string
in APPPATH/Controllers/Testdb.php on line 19.
 1 SYSTEMPATH/CodeIgniter.php(934): App\Controllers\Testdb->customers_beta()
 2 SYSTEMPATH/CodeIgniter.php(499): CodeIgniter\CodeIgniter->runController()
 3 SYSTEMPATH/CodeIgniter.php(368): CodeIgniter\CodeIgniter->handleRequest()
 4 FCPATH/index.php(67): CodeIgniter\CodeIgniter->run()
ERROR - 2023-03-15 02:35:44 --> Error connecting to the database: mysqli_sql_exception: No such file or directory in /app/myapp/system/Database/MySQLi/Connection.php:174
Stack trace:
#0 /app/myapp/system/Database/MySQLi/Connection.php(174): mysqli->real_connect()
#1 /app/myapp/system/Database/BaseConnection.php(391): CodeIgniter\Database\MySQLi\Connection->connect()
#2 /app/myapp/system/Database/BaseConnection.php(573): CodeIgniter\Database\BaseConnection->initialize()
#3 /app/myapp/app/Controllers/Testdb.php(15): CodeIgniter\Database\BaseConnection->query()
#4 /app/myapp/system/CodeIgniter.php(934): App\Controllers\Testdb->customers_beta()
#5 /app/myapp/system/CodeIgniter.php(499): CodeIgniter\CodeIgniter->runController()
#6 /app/myapp/system/CodeIgniter.php(368): CodeIgniter\CodeIgniter->handleRequest()
#7 /app/myapp/public/index.php(67): CodeIgniter\CodeIgniter->run()
#8 {main}

Next CodeIgniter\Database\Exceptions\DatabaseException: No such file or directory in /app/myapp/system/Database/MySQLi/Connection.php:218
Stack trace:
#0 /app/myapp/system/Database/BaseConnection.php(391): CodeIgniter\Database\MySQLi\Connection->connect()
#1 /app/myapp/system/Database/BaseConnection.php(573): CodeIgniter\Database\BaseConnection->initialize()
#2 /app/myapp/app/Controllers/Testdb.php(15): CodeIgniter\Database\BaseConnection->query()
#3 /app/myapp/system/CodeIgniter.php(934): App\Controllers\Testdb->customers_beta()
#4 /app/myapp/system/CodeIgniter.php(499): CodeIgniter\CodeIgniter->runController()
#5 /app/myapp/system/CodeIgniter.php(368): CodeIgniter\CodeIgniter->handleRequest()
#6 /app/myapp/public/index.php(67): CodeIgniter\CodeIgniter->run()
#7 {main}
CRITICAL - 2023-03-15 02:35:44 --> Unable to connect to the database.
Main connection [MySQLi]: No such file or directory
in SYSTEMPATH/Database/BaseConnection.php on line 427.
 1 SYSTEMPATH/Database/BaseConnection.php(573): CodeIgniter\Database\BaseConnection->initialize()
 2 APPPATH/Controllers/Testdb.php(15): CodeIgniter\Database\BaseConnection->query()
 3 SYSTEMPATH/CodeIgniter.php(934): App\Controllers\Testdb->customers_beta()
 4 SYSTEMPATH/CodeIgniter.php(499): CodeIgniter\CodeIgniter->runController()
 5 SYSTEMPATH/CodeIgniter.php(368): CodeIgniter\CodeIgniter->handleRequest()
 6 FCPATH/index.php(67): CodeIgniter\CodeIgniter->run()
ERROR - 2023-03-15 02:35:46 --> Error connecting to the database: mysqli_sql_exception: No such file or directory in /app/myapp/system/Database/MySQLi/Connection.php:174
Stack trace:
#0 /app/myapp/system/Database/MySQLi/Connection.php(174): mysqli->real_connect()
#1 /app/myapp/system/Database/BaseConnection.php(391): CodeIgniter\Database\MySQLi\Connection->connect()
#2 /app/myapp/system/Database/BaseConnection.php(573): CodeIgniter\Database\BaseConnection->initialize()
#3 /app/myapp/app/Controllers/Testdb.php(15): CodeIgniter\Database\BaseConnection->query()
#4 /app/myapp/system/CodeIgniter.php(934): App\Controllers\Testdb->customers_beta()
#5 /app/myapp/system/CodeIgniter.php(499): CodeIgniter\CodeIgniter->runController()
#6 /app/myapp/system/CodeIgniter.php(368): CodeIgniter\CodeIgniter->handleRequest()
#7 /app/myapp/public/index.php(67): CodeIgniter\CodeIgniter->run()
#8 {main}

Next CodeIgniter\Database\Exceptions\DatabaseException: No such file or directory in /app/myapp/system/Database/MySQLi/Connection.php:218
Stack trace:
#0 /app/myapp/system/Database/BaseConnection.php(391): CodeIgniter\Database\MySQLi\Connection->connect()
#1 /app/myapp/system/Database/BaseConnection.php(573): CodeIgniter\Database\BaseConnection->initialize()
#2 /app/myapp/app/Controllers/Testdb.php(15): CodeIgniter\Database\BaseConnection->query()
#3 /app/myapp/system/CodeIgniter.php(934): App\Controllers\Testdb->customers_beta()
#4 /app/myapp/system/CodeIgniter.php(499): CodeIgniter\CodeIgniter->runController()
#5 /app/myapp/system/CodeIgniter.php(368): CodeIgniter\CodeIgniter->handleRequest()
#6 /app/myapp/public/index.php(67): CodeIgniter\CodeIgniter->run()
#7 {main}
CRITICAL - 2023-03-15 02:35:46 --> Unable to connect to the database.
Main connection [MySQLi]: No such file or directory
in SYSTEMPATH/Database/BaseConnection.php on line 427.
 1 SYSTEMPATH/Database/BaseConnection.php(573): CodeIgniter\Database\BaseConnection->initialize()
 2 APPPATH/Controllers/Testdb.php(15): CodeIgniter\Database\BaseConnection->query()
 3 SYSTEMPATH/CodeIgniter.php(934): App\Controllers\Testdb->customers_beta()
 4 SYSTEMPATH/CodeIgniter.php(499): CodeIgniter\CodeIgniter->runController()
 5 SYSTEMPATH/CodeIgniter.php(368): CodeIgniter\CodeIgniter->handleRequest()
 6 FCPATH/index.php(67): CodeIgniter\CodeIgniter->run()
ERROR - 2023-03-15 02:35:57 --> Error connecting to the database: mysqli_sql_exception: No such file or directory in /app/myapp/system/Database/MySQLi/Connection.php:174
Stack trace:
#0 /app/myapp/system/Database/MySQLi/Connection.php(174): mysqli->real_connect()
#1 /app/myapp/system/Database/BaseConnection.php(391): CodeIgniter\Database\MySQLi\Connection->connect()
#2 /app/myapp/system/Database/BaseConnection.php(573): CodeIgniter\Database\BaseConnection->initialize()
#3 /app/myapp/app/Controllers/Testdb.php(15): CodeIgniter\Database\BaseConnection->query()
#4 /app/myapp/system/CodeIgniter.php(934): App\Controllers\Testdb->customers_beta()
#5 /app/myapp/system/CodeIgniter.php(499): CodeIgniter\CodeIgniter->runController()
#6 /app/myapp/system/CodeIgniter.php(368): CodeIgniter\CodeIgniter->handleRequest()
#7 /app/myapp/public/index.php(67): CodeIgniter\CodeIgniter->run()
#8 {main}

Next CodeIgniter\Database\Exceptions\DatabaseException: No such file or directory in /app/myapp/system/Database/MySQLi/Connection.php:218
Stack trace:
#0 /app/myapp/system/Database/BaseConnection.php(391): CodeIgniter\Database\MySQLi\Connection->connect()
#1 /app/myapp/system/Database/BaseConnection.php(573): CodeIgniter\Database\BaseConnection->initialize()
#2 /app/myapp/app/Controllers/Testdb.php(15): CodeIgniter\Database\BaseConnection->query()
#3 /app/myapp/system/CodeIgniter.php(934): App\Controllers\Testdb->customers_beta()
#4 /app/myapp/system/CodeIgniter.php(499): CodeIgniter\CodeIgniter->runController()
#5 /app/myapp/system/CodeIgniter.php(368): CodeIgniter\CodeIgniter->handleRequest()
#6 /app/myapp/public/index.php(67): CodeIgniter\CodeIgniter->run()
#7 {main}
CRITICAL - 2023-03-15 02:35:57 --> Unable to connect to the database.
Main connection [MySQLi]: No such file or directory
in SYSTEMPATH/Database/BaseConnection.php on line 427.
 1 SYSTEMPATH/Database/BaseConnection.php(573): CodeIgniter\Database\BaseConnection->initialize()
 2 APPPATH/Controllers/Testdb.php(15): CodeIgniter\Database\BaseConnection->query()
 3 SYSTEMPATH/CodeIgniter.php(934): App\Controllers\Testdb->customers_beta()
 4 SYSTEMPATH/CodeIgniter.php(499): CodeIgniter\CodeIgniter->runController()
 5 SYSTEMPATH/CodeIgniter.php(368): CodeIgniter\CodeIgniter->handleRequest()
 6 FCPATH/index.php(67): CodeIgniter\CodeIgniter->run()
ERROR - 2023-03-15 02:36:00 --> Error connecting to the database: mysqli_sql_exception: No such file or directory in /app/myapp/system/Database/MySQLi/Connection.php:174
Stack trace:
#0 /app/myapp/system/Database/MySQLi/Connection.php(174): mysqli->real_connect()
#1 /app/myapp/system/Database/BaseConnection.php(391): CodeIgniter\Database\MySQLi\Connection->connect()
#2 /app/myapp/system/Database/BaseConnection.php(573): CodeIgniter\Database\BaseConnection->initialize()
#3 /app/myapp/app/Controllers/Testdb.php(15): CodeIgniter\Database\BaseConnection->query()
#4 /app/myapp/system/CodeIgniter.php(934): App\Controllers\Testdb->customers_beta()
#5 /app/myapp/system/CodeIgniter.php(499): CodeIgniter\CodeIgniter->runController()
#6 /app/myapp/system/CodeIgniter.php(368): CodeIgniter\CodeIgniter->handleRequest()
#7 /app/myapp/public/index.php(67): CodeIgniter\CodeIgniter->run()
#8 {main}

Next CodeIgniter\Database\Exceptions\DatabaseException: No such file or directory in /app/myapp/system/Database/MySQLi/Connection.php:218
Stack trace:
#0 /app/myapp/system/Database/BaseConnection.php(391): CodeIgniter\Database\MySQLi\Connection->connect()
#1 /app/myapp/system/Database/BaseConnection.php(573): CodeIgniter\Database\BaseConnection->initialize()
#2 /app/myapp/app/Controllers/Testdb.php(15): CodeIgniter\Database\BaseConnection->query()
#3 /app/myapp/system/CodeIgniter.php(934): App\Controllers\Testdb->customers_beta()
#4 /app/myapp/system/CodeIgniter.php(499): CodeIgniter\CodeIgniter->runController()
#5 /app/myapp/system/CodeIgniter.php(368): CodeIgniter\CodeIgniter->handleRequest()
#6 /app/myapp/public/index.php(67): CodeIgniter\CodeIgniter->run()
#7 {main}
CRITICAL - 2023-03-15 02:36:00 --> Unable to connect to the database.
Main connection [MySQLi]: No such file or directory
in SYSTEMPATH/Database/BaseConnection.php on line 427.
 1 SYSTEMPATH/Database/BaseConnection.php(573): CodeIgniter\Database\BaseConnection->initialize()
 2 APPPATH/Controllers/Testdb.php(15): CodeIgniter\Database\BaseConnection->query()
 3 SYSTEMPATH/CodeIgniter.php(934): App\Controllers\Testdb->customers_beta()
 4 SYSTEMPATH/CodeIgniter.php(499): CodeIgniter\CodeIgniter->runController()
 5 SYSTEMPATH/CodeIgniter.php(368): CodeIgniter\CodeIgniter->handleRequest()
 6 FCPATH/index.php(67): CodeIgniter\CodeIgniter->run()
ERROR - 2023-03-15 02:36:04 --> Error connecting to the database: mysqli_sql_exception: No such file or directory in /app/myapp/system/Database/MySQLi/Connection.php:174
Stack trace:
#0 /app/myapp/system/Database/MySQLi/Connection.php(174): mysqli->real_connect()
#1 /app/myapp/system/Database/BaseConnection.php(391): CodeIgniter\Database\MySQLi\Connection->connect()
#2 /app/myapp/system/Database/BaseConnection.php(573): CodeIgniter\Database\BaseConnection->initialize()
#3 /app/myapp/app/Controllers/Testdb.php(15): CodeIgniter\Database\BaseConnection->query()
#4 /app/myapp/system/CodeIgniter.php(934): App\Controllers\Testdb->customers_beta()
#5 /app/myapp/system/CodeIgniter.php(499): CodeIgniter\CodeIgniter->runController()
#6 /app/myapp/system/CodeIgniter.php(368): CodeIgniter\CodeIgniter->handleRequest()
#7 /app/myapp/public/index.php(67): CodeIgniter\CodeIgniter->run()
#8 {main}

Next CodeIgniter\Database\Exceptions\DatabaseException: No such file or directory in /app/myapp/system/Database/MySQLi/Connection.php:218
Stack trace:
#0 /app/myapp/system/Database/BaseConnection.php(391): CodeIgniter\Database\MySQLi\Connection->connect()
#1 /app/myapp/system/Database/BaseConnection.php(573): CodeIgniter\Database\BaseConnection->initialize()
#2 /app/myapp/app/Controllers/Testdb.php(15): CodeIgniter\Database\BaseConnection->query()
#3 /app/myapp/system/CodeIgniter.php(934): App\Controllers\Testdb->customers_beta()
#4 /app/myapp/system/CodeIgniter.php(499): CodeIgniter\CodeIgniter->runController()
#5 /app/myapp/system/CodeIgniter.php(368): CodeIgniter\CodeIgniter->handleRequest()
#6 /app/myapp/public/index.php(67): CodeIgniter\CodeIgniter->run()
#7 {main}
CRITICAL - 2023-03-15 02:36:04 --> Unable to connect to the database.
Main connection [MySQLi]: No such file or directory
in SYSTEMPATH/Database/BaseConnection.php on line 427.
 1 SYSTEMPATH/Database/BaseConnection.php(573): CodeIgniter\Database\BaseConnection->initialize()
 2 APPPATH/Controllers/Testdb.php(15): CodeIgniter\Database\BaseConnection->query()
 3 SYSTEMPATH/CodeIgniter.php(934): App\Controllers\Testdb->customers_beta()
 4 SYSTEMPATH/CodeIgniter.php(499): CodeIgniter\CodeIgniter->runController()
 5 SYSTEMPATH/CodeIgniter.php(368): CodeIgniter\CodeIgniter->handleRequest()
 6 FCPATH/index.php(67): CodeIgniter\CodeIgniter->run()
CRITICAL - 2023-03-15 02:41:11 --> Unclosed '{' on line 9
in APPPATH/Controllers/Testdb.php on line 29.
 1 SYSTEMPATH/Autoloader/Autoloader.php(289): CodeIgniter\Autoloader\Autoloader->includeFile()
 2 SYSTEMPATH/Autoloader/Autoloader.php(267): CodeIgniter\Autoloader\Autoloader->loadInNamespace()
 3 [internal function]: CodeIgniter\Autoloader\Autoloader->loadClass()
 4 SYSTEMPATH/CodeIgniter.php(892): class_exists()
 5 SYSTEMPATH/CodeIgniter.php(486): CodeIgniter\CodeIgniter->startController()
 6 SYSTEMPATH/CodeIgniter.php(368): CodeIgniter\CodeIgniter->handleRequest()
 7 FCPATH/index.php(67): CodeIgniter\CodeIgniter->run()
CRITICAL - 2023-03-15 02:41:37 --> Unclosed '{' on line 10 does not match ')'
in APPPATH/Controllers/Testdb.php on line 26.
 1 SYSTEMPATH/Autoloader/Autoloader.php(289): CodeIgniter\Autoloader\Autoloader->includeFile()
 2 SYSTEMPATH/Autoloader/Autoloader.php(267): CodeIgniter\Autoloader\Autoloader->loadInNamespace()
 3 [internal function]: CodeIgniter\Autoloader\Autoloader->loadClass()
 4 SYSTEMPATH/CodeIgniter.php(892): class_exists()
 5 SYSTEMPATH/CodeIgniter.php(486): CodeIgniter\CodeIgniter->startController()
 6 SYSTEMPATH/CodeIgniter.php(368): CodeIgniter\CodeIgniter->handleRequest()
 7 FCPATH/index.php(67): CodeIgniter\CodeIgniter->run()
CRITICAL - 2023-03-15 02:42:15 --> Unclosed '{' on line 9
in APPPATH/Controllers/Testdb.php on line 29.
 1 SYSTEMPATH/Autoloader/Autoloader.php(289): CodeIgniter\Autoloader\Autoloader->includeFile()
 2 SYSTEMPATH/Autoloader/Autoloader.php(267): CodeIgniter\Autoloader\Autoloader->loadInNamespace()
 3 [internal function]: CodeIgniter\Autoloader\Autoloader->loadClass()
 4 SYSTEMPATH/CodeIgniter.php(892): class_exists()
 5 SYSTEMPATH/CodeIgniter.php(486): CodeIgniter\CodeIgniter->startController()
 6 SYSTEMPATH/CodeIgniter.php(368): CodeIgniter\CodeIgniter->handleRequest()
 7 FCPATH/index.php(67): CodeIgniter\CodeIgniter->run()
CRITICAL - 2023-03-15 02:42:17 --> Unclosed '{' on line 9
in APPPATH/Controllers/Testdb.php on line 29.
 1 SYSTEMPATH/Autoloader/Autoloader.php(289): CodeIgniter\Autoloader\Autoloader->includeFile()
 2 SYSTEMPATH/Autoloader/Autoloader.php(267): CodeIgniter\Autoloader\Autoloader->loadInNamespace()
 3 [internal function]: CodeIgniter\Autoloader\Autoloader->loadClass()
 4 SYSTEMPATH/CodeIgniter.php(892): class_exists()
 5 SYSTEMPATH/CodeIgniter.php(486): CodeIgniter\CodeIgniter->startController()
 6 SYSTEMPATH/CodeIgniter.php(368): CodeIgniter\CodeIgniter->handleRequest()
 7 FCPATH/index.php(67): CodeIgniter\CodeIgniter->run()
CRITICAL - 2023-03-15 02:42:36 --> Unclosed '{' on line 9
in APPPATH/Controllers/Testdb.php on line 29.
 1 SYSTEMPATH/Autoloader/Autoloader.php(289): CodeIgniter\Autoloader\Autoloader->includeFile()
 2 SYSTEMPATH/Autoloader/Autoloader.php(267): CodeIgniter\Autoloader\Autoloader->loadInNamespace()
 3 [internal function]: CodeIgniter\Autoloader\Autoloader->loadClass()
 4 SYSTEMPATH/CodeIgniter.php(892): class_exists()
 5 SYSTEMPATH/CodeIgniter.php(486): CodeIgniter\CodeIgniter->startController()
 6 SYSTEMPATH/CodeIgniter.php(368): CodeIgniter\CodeIgniter->handleRequest()
 7 FCPATH/index.php(67): CodeIgniter\CodeIgniter->run()
CRITICAL - 2023-03-15 02:42:37 --> Unclosed '{' on line 9
in APPPATH/Controllers/Testdb.php on line 29.
 1 SYSTEMPATH/Autoloader/Autoloader.php(289): CodeIgniter\Autoloader\Autoloader->includeFile()
 2 SYSTEMPATH/Autoloader/Autoloader.php(267): CodeIgniter\Autoloader\Autoloader->loadInNamespace()
 3 [internal function]: CodeIgniter\Autoloader\Autoloader->loadClass()
 4 SYSTEMPATH/CodeIgniter.php(892): class_exists()
 5 SYSTEMPATH/CodeIgniter.php(486): CodeIgniter\CodeIgniter->startController()
 6 SYSTEMPATH/CodeIgniter.php(368): CodeIgniter\CodeIgniter->handleRequest()
 7 FCPATH/index.php(67): CodeIgniter\CodeIgniter->run()
CRITICAL - 2023-03-15 02:42:49 --> Unclosed '{' on line 9
in APPPATH/Controllers/Testdb.php on line 29.
 1 SYSTEMPATH/Autoloader/Autoloader.php(289): CodeIgniter\Autoloader\Autoloader->includeFile()
 2 SYSTEMPATH/Autoloader/Autoloader.php(267): CodeIgniter\Autoloader\Autoloader->loadInNamespace()
 3 [internal function]: CodeIgniter\Autoloader\Autoloader->loadClass()
 4 SYSTEMPATH/CodeIgniter.php(892): class_exists()
 5 SYSTEMPATH/CodeIgniter.php(486): CodeIgniter\CodeIgniter->startController()
 6 SYSTEMPATH/CodeIgniter.php(368): CodeIgniter\CodeIgniter->handleRequest()
 7 FCPATH/index.php(67): CodeIgniter\CodeIgniter->run()
CRITICAL - 2023-03-15 02:42:52 --> Unclosed '{' on line 9
in APPPATH/Controllers/Testdb.php on line 29.
 1 SYSTEMPATH/Autoloader/Autoloader.php(289): CodeIgniter\Autoloader\Autoloader->includeFile()
 2 SYSTEMPATH/Autoloader/Autoloader.php(267): CodeIgniter\Autoloader\Autoloader->loadInNamespace()
 3 [internal function]: CodeIgniter\Autoloader\Autoloader->loadClass()
 4 SYSTEMPATH/CodeIgniter.php(892): class_exists()
 5 SYSTEMPATH/CodeIgniter.php(486): CodeIgniter\CodeIgniter->startController()
 6 SYSTEMPATH/CodeIgniter.php(368): CodeIgniter\CodeIgniter->handleRequest()
 7 FCPATH/index.php(67): CodeIgniter\CodeIgniter->run()
CRITICAL - 2023-03-15 02:43:05 --> Unclosed '{' on line 9
in APPPATH/Controllers/Testdb.php on line 29.
 1 SYSTEMPATH/Autoloader/Autoloader.php(289): CodeIgniter\Autoloader\Autoloader->includeFile()
 2 SYSTEMPATH/Autoloader/Autoloader.php(267): CodeIgniter\Autoloader\Autoloader->loadInNamespace()
 3 [internal function]: CodeIgniter\Autoloader\Autoloader->loadClass()
 4 SYSTEMPATH/CodeIgniter.php(892): class_exists()
 5 SYSTEMPATH/CodeIgniter.php(486): CodeIgniter\CodeIgniter->startController()
 6 SYSTEMPATH/CodeIgniter.php(368): CodeIgniter\CodeIgniter->handleRequest()
 7 FCPATH/index.php(67): CodeIgniter\CodeIgniter->run()
CRITICAL - 2023-03-15 02:43:06 --> Unclosed '{' on line 9
in APPPATH/Controllers/Testdb.php on line 29.
 1 SYSTEMPATH/Autoloader/Autoloader.php(289): CodeIgniter\Autoloader\Autoloader->includeFile()
 2 SYSTEMPATH/Autoloader/Autoloader.php(267): CodeIgniter\Autoloader\Autoloader->loadInNamespace()
 3 [internal function]: CodeIgniter\Autoloader\Autoloader->loadClass()
 4 SYSTEMPATH/CodeIgniter.php(892): class_exists()
 5 SYSTEMPATH/CodeIgniter.php(486): CodeIgniter\CodeIgniter->startController()
 6 SYSTEMPATH/CodeIgniter.php(368): CodeIgniter\CodeIgniter->handleRequest()
 7 FCPATH/index.php(67): CodeIgniter\CodeIgniter->run()
CRITICAL - 2023-03-15 02:43:17 --> Unclosed '{' on line 9
in APPPATH/Controllers/Testdb.php on line 29.
 1 SYSTEMPATH/Autoloader/Autoloader.php(289): CodeIgniter\Autoloader\Autoloader->includeFile()
 2 SYSTEMPATH/Autoloader/Autoloader.php(267): CodeIgniter\Autoloader\Autoloader->loadInNamespace()
 3 [internal function]: CodeIgniter\Autoloader\Autoloader->loadClass()
 4 SYSTEMPATH/CodeIgniter.php(892): class_exists()
 5 SYSTEMPATH/CodeIgniter.php(486): CodeIgniter\CodeIgniter->startController()
 6 SYSTEMPATH/CodeIgniter.php(368): CodeIgniter\CodeIgniter->handleRequest()
 7 FCPATH/index.php(67): CodeIgniter\CodeIgniter->run()
CRITICAL - 2023-03-15 02:43:19 --> Unclosed '{' on line 9
in APPPATH/Controllers/Testdb.php on line 29.
 1 SYSTEMPATH/Autoloader/Autoloader.php(289): CodeIgniter\Autoloader\Autoloader->includeFile()
 2 SYSTEMPATH/Autoloader/Autoloader.php(267): CodeIgniter\Autoloader\Autoloader->loadInNamespace()
 3 [internal function]: CodeIgniter\Autoloader\Autoloader->loadClass()
 4 SYSTEMPATH/CodeIgniter.php(892): class_exists()
 5 SYSTEMPATH/CodeIgniter.php(486): CodeIgniter\CodeIgniter->startController()
 6 SYSTEMPATH/CodeIgniter.php(368): CodeIgniter\CodeIgniter->handleRequest()
 7 FCPATH/index.php(67): CodeIgniter\CodeIgniter->run()
CRITICAL - 2023-03-15 02:43:55 --> Unclosed '{' on line 10 does not match ')'
in APPPATH/Controllers/Testdb.php on line 26.
 1 SYSTEMPATH/Autoloader/Autoloader.php(289): CodeIgniter\Autoloader\Autoloader->includeFile()
 2 SYSTEMPATH/Autoloader/Autoloader.php(267): CodeIgniter\Autoloader\Autoloader->loadInNamespace()
 3 [internal function]: CodeIgniter\Autoloader\Autoloader->loadClass()
 4 SYSTEMPATH/CodeIgniter.php(892): class_exists()
 5 SYSTEMPATH/CodeIgniter.php(486): CodeIgniter\CodeIgniter->startController()
 6 SYSTEMPATH/CodeIgniter.php(368): CodeIgniter\CodeIgniter->handleRequest()
 7 FCPATH/index.php(67): CodeIgniter\CodeIgniter->run()
CRITICAL - 2023-03-15 02:43:57 --> Unclosed '{' on line 10 does not match ')'
in APPPATH/Controllers/Testdb.php on line 26.
 1 SYSTEMPATH/Autoloader/Autoloader.php(289): CodeIgniter\Autoloader\Autoloader->includeFile()
 2 SYSTEMPATH/Autoloader/Autoloader.php(267): CodeIgniter\Autoloader\Autoloader->loadInNamespace()
 3 [internal function]: CodeIgniter\Autoloader\Autoloader->loadClass()
 4 SYSTEMPATH/CodeIgniter.php(892): class_exists()
 5 SYSTEMPATH/CodeIgniter.php(486): CodeIgniter\CodeIgniter->startController()
 6 SYSTEMPATH/CodeIgniter.php(368): CodeIgniter\CodeIgniter->handleRequest()
 7 FCPATH/index.php(67): CodeIgniter\CodeIgniter->run()
CRITICAL - 2023-03-15 02:44:10 --> Unclosed '{' on line 10 does not match ')'
in APPPATH/Controllers/Testdb.php on line 26.
 1 SYSTEMPATH/Autoloader/Autoloader.php(289): CodeIgniter\Autoloader\Autoloader->includeFile()
 2 SYSTEMPATH/Autoloader/Autoloader.php(267): CodeIgniter\Autoloader\Autoloader->loadInNamespace()
 3 [internal function]: CodeIgniter\Autoloader\Autoloader->loadClass()
 4 SYSTEMPATH/CodeIgniter.php(892): class_exists()
 5 SYSTEMPATH/CodeIgniter.php(486): CodeIgniter\CodeIgniter->startController()
 6 SYSTEMPATH/CodeIgniter.php(368): CodeIgniter\CodeIgniter->handleRequest()
 7 FCPATH/index.php(67): CodeIgniter\CodeIgniter->run()
CRITICAL - 2023-03-15 02:44:11 --> Unclosed '{' on line 10 does not match ')'
in APPPATH/Controllers/Testdb.php on line 26.
 1 SYSTEMPATH/Autoloader/Autoloader.php(289): CodeIgniter\Autoloader\Autoloader->includeFile()
 2 SYSTEMPATH/Autoloader/Autoloader.php(267): CodeIgniter\Autoloader\Autoloader->loadInNamespace()
 3 [internal function]: CodeIgniter\Autoloader\Autoloader->loadClass()
 4 SYSTEMPATH/CodeIgniter.php(892): class_exists()
 5 SYSTEMPATH/CodeIgniter.php(486): CodeIgniter\CodeIgniter->startController()
 6 SYSTEMPATH/CodeIgniter.php(368): CodeIgniter\CodeIgniter->handleRequest()
 7 FCPATH/index.php(67): CodeIgniter\CodeIgniter->run()
CRITICAL - 2023-03-15 02:44:35 --> Call to undefined method CodeIgniter\Database\MySQLi\Result::num_rows()
in APPPATH/Controllers/Testdb.php on line 26.
 1 SYSTEMPATH/CodeIgniter.php(934): App\Controllers\Testdb->customers_beta()
 2 SYSTEMPATH/CodeIgniter.php(499): CodeIgniter\CodeIgniter->runController()
 3 SYSTEMPATH/CodeIgniter.php(368): CodeIgniter\CodeIgniter->handleRequest()
 4 FCPATH/index.php(67): CodeIgniter\CodeIgniter->run()
ERROR - 2023-03-15 03:25:48 --> mysqli_sql_exception: Table 'bitnami_restful.calificaciones' doesn't exist in /app/myapp/system/Database/MySQLi/Connection.php:295
Stack trace:
#0 /app/myapp/system/Database/MySQLi/Connection.php(295): mysqli->query()
#1 /app/myapp/system/Database/BaseConnection.php(691): CodeIgniter\Database\MySQLi\Connection->execute()
#2 /app/myapp/system/Database/BaseConnection.php(605): CodeIgniter\Database\BaseConnection->simpleQuery()
#3 /app/myapp/app/Controllers/Homework.php(21): CodeIgniter\Database\BaseConnection->query()
#4 /app/myapp/system/CodeIgniter.php(934): App\Controllers\Homework->alumnos_listado()
#5 /app/myapp/system/CodeIgniter.php(499): CodeIgniter\CodeIgniter->runController()
#6 /app/myapp/system/CodeIgniter.php(368): CodeIgniter\CodeIgniter->handleRequest()
#7 /app/myapp/public/index.php(67): CodeIgniter\CodeIgniter->run()
#8 {main}
CRITICAL - 2023-03-15 03:25:48 --> Table 'bitnami_restful.calificaciones' doesn't exist
in SYSTEMPATH/Database/BaseConnection.php on line 645.
 1 APPPATH/Controllers/Homework.php(21): CodeIgniter\Database\BaseConnection->query()
 2 SYSTEMPATH/CodeIgniter.php(934): App\Controllers\Homework->alumnos_listado()
 3 SYSTEMPATH/CodeIgniter.php(499): CodeIgniter\CodeIgniter->runController()
 4 SYSTEMPATH/CodeIgniter.php(368): CodeIgniter\CodeIgniter->handleRequest()
 5 FCPATH/index.php(67): CodeIgniter\CodeIgniter->run()
