CRITICAL - 2023-03-14 02:25:38 --> syntax error, unexpected token "*", expecting "{"
in APPPATH/Config/Routes.php on line 4.
 1 SYSTEMPATH/CodeIgniter.php(802): CodeIgniter\Router\RouteCollection->loadRoutes()
 2 SYSTEMPATH/CodeIgniter.php(449): CodeIgniter\CodeIgniter->tryToRouteIt()
 3 SYSTEMPATH/CodeIgniter.php(368): CodeIgniter\CodeIgniter->handleRequest()
 4 FCPATH/index.php(67): CodeIgniter\CodeIgniter->run()
CRITICAL - 2023-03-14 02:25:41 --> syntax error, unexpected token "*", expecting "{"
in APPPATH/Config/Routes.php on line 4.
 1 SYSTEMPATH/CodeIgniter.php(802): CodeIgniter\Router\RouteCollection->loadRoutes()
 2 SYSTEMPATH/CodeIgniter.php(449): CodeIgniter\CodeIgniter->tryToRouteIt()
 3 SYSTEMPATH/CodeIgniter.php(368): CodeIgniter\CodeIgniter->handleRequest()
 4 FCPATH/index.php(67): CodeIgniter\CodeIgniter->run()
CRITICAL - 2023-03-14 03:00:14 --> Too few arguments to function App\Controllers\Months::month(), 0 passed in /app/myapp/system/CodeIgniter.php on line 934 and exactly 1 expected
in APPPATH/Controllers/Months.php on line 8.
 1 SYSTEMPATH/CodeIgniter.php(934): App\Controllers\Months->month()
 2 SYSTEMPATH/CodeIgniter.php(499): CodeIgniter\CodeIgniter->runController()
 3 SYSTEMPATH/CodeIgniter.php(368): CodeIgniter\CodeIgniter->handleRequest()
 4 FCPATH/index.php(67): CodeIgniter\CodeIgniter->run()
CRITICAL - 2023-03-14 03:04:06 --> Undefined constant "App\Controllers\this"
in APPPATH/Controllers/Months.php on line 11.
 1 SYSTEMPATH/CodeIgniter.php(934): App\Controllers\Months->month()
 2 SYSTEMPATH/CodeIgniter.php(499): CodeIgniter\CodeIgniter->runController()
 3 SYSTEMPATH/CodeIgniter.php(368): CodeIgniter\CodeIgniter->handleRequest()
 4 FCPATH/index.php(67): CodeIgniter\CodeIgniter->run()
CRITICAL - 2023-03-14 03:04:13 --> Undefined constant "App\Controllers\this"
in APPPATH/Controllers/Months.php on line 11.
 1 SYSTEMPATH/CodeIgniter.php(934): App\Controllers\Months->month()
 2 SYSTEMPATH/CodeIgniter.php(499): CodeIgniter\CodeIgniter->runController()
 3 SYSTEMPATH/CodeIgniter.php(368): CodeIgniter\CodeIgniter->handleRequest()
 4 FCPATH/index.php(67): CodeIgniter\CodeIgniter->run()
CRITICAL - 2023-03-14 03:04:55 --> Undefined property: App\Controllers\Months::$load
in APPPATH/Controllers/Months.php on line 11.
 1 APPPATH/Controllers/Months.php(11): CodeIgniter\Debug\Exceptions->errorHandler()
 2 SYSTEMPATH/CodeIgniter.php(934): App\Controllers\Months->month()
 3 SYSTEMPATH/CodeIgniter.php(499): CodeIgniter\CodeIgniter->runController()
 4 SYSTEMPATH/CodeIgniter.php(368): CodeIgniter\CodeIgniter->handleRequest()
 5 FCPATH/index.php(67): CodeIgniter\CodeIgniter->run()
CRITICAL - 2023-03-14 03:04:58 --> Undefined property: App\Controllers\Months::$load
in APPPATH/Controllers/Months.php on line 11.
 1 APPPATH/Controllers/Months.php(11): CodeIgniter\Debug\Exceptions->errorHandler()
 2 SYSTEMPATH/CodeIgniter.php(934): App\Controllers\Months->month()
 3 SYSTEMPATH/CodeIgniter.php(499): CodeIgniter\CodeIgniter->runController()
 4 SYSTEMPATH/CodeIgniter.php(368): CodeIgniter\CodeIgniter->handleRequest()
 5 FCPATH/index.php(67): CodeIgniter\CodeIgniter->run()
CRITICAL - 2023-03-14 03:05:03 --> Undefined property: App\Controllers\Months::$load
in APPPATH/Controllers/Months.php on line 11.
 1 APPPATH/Controllers/Months.php(11): CodeIgniter\Debug\Exceptions->errorHandler()
 2 SYSTEMPATH/CodeIgniter.php(934): App\Controllers\Months->month()
 3 SYSTEMPATH/CodeIgniter.php(499): CodeIgniter\CodeIgniter->runController()
 4 SYSTEMPATH/CodeIgniter.php(368): CodeIgniter\CodeIgniter->handleRequest()
 5 FCPATH/index.php(67): CodeIgniter\CodeIgniter->run()
CRITICAL - 2023-03-14 03:06:58 --> Undefined property: App\Controllers\Months::$load
in APPPATH/Controllers/Months.php on line 11.
 1 APPPATH/Controllers/Months.php(11): CodeIgniter\Debug\Exceptions->errorHandler()
 2 SYSTEMPATH/CodeIgniter.php(934): App\Controllers\Months->month()
 3 SYSTEMPATH/CodeIgniter.php(499): CodeIgniter\CodeIgniter->runController()
 4 SYSTEMPATH/CodeIgniter.php(368): CodeIgniter\CodeIgniter->handleRequest()
 5 FCPATH/index.php(67): CodeIgniter\CodeIgniter->run()
CRITICAL - 2023-03-14 03:07:00 --> Undefined property: App\Controllers\Months::$load
in APPPATH/Controllers/Months.php on line 11.
 1 APPPATH/Controllers/Months.php(11): CodeIgniter\Debug\Exceptions->errorHandler()
 2 SYSTEMPATH/CodeIgniter.php(934): App\Controllers\Months->month()
 3 SYSTEMPATH/CodeIgniter.php(499): CodeIgniter\CodeIgniter->runController()
 4 SYSTEMPATH/CodeIgniter.php(368): CodeIgniter\CodeIgniter->handleRequest()
 5 FCPATH/index.php(67): CodeIgniter\CodeIgniter->run()
CRITICAL - 2023-03-14 03:08:36 --> Undefined property: App\Controllers\Months::$load
in APPPATH/Controllers/Months.php on line 11.
 1 APPPATH/Controllers/Months.php(11): CodeIgniter\Debug\Exceptions->errorHandler()
 2 SYSTEMPATH/CodeIgniter.php(934): App\Controllers\Months->month()
 3 SYSTEMPATH/CodeIgniter.php(499): CodeIgniter\CodeIgniter->runController()
 4 SYSTEMPATH/CodeIgniter.php(368): CodeIgniter\CodeIgniter->handleRequest()
 5 FCPATH/index.php(67): CodeIgniter\CodeIgniter->run()
CRITICAL - 2023-03-14 03:08:39 --> Undefined property: App\Controllers\Months::$load
in APPPATH/Controllers/Months.php on line 11.
 1 APPPATH/Controllers/Months.php(11): CodeIgniter\Debug\Exceptions->errorHandler()
 2 SYSTEMPATH/CodeIgniter.php(934): App\Controllers\Months->month()
 3 SYSTEMPATH/CodeIgniter.php(499): CodeIgniter\CodeIgniter->runController()
 4 SYSTEMPATH/CodeIgniter.php(368): CodeIgniter\CodeIgniter->handleRequest()
 5 FCPATH/index.php(67): CodeIgniter\CodeIgniter->run()
CRITICAL - 2023-03-14 03:09:40 --> Undefined property: App\Controllers\Months::$load
in APPPATH/Controllers/Months.php on line 11.
 1 APPPATH/Controllers/Months.php(11): CodeIgniter\Debug\Exceptions->errorHandler()
 2 SYSTEMPATH/CodeIgniter.php(934): App\Controllers\Months->month()
 3 SYSTEMPATH/CodeIgniter.php(499): CodeIgniter\CodeIgniter->runController()
 4 SYSTEMPATH/CodeIgniter.php(368): CodeIgniter\CodeIgniter->handleRequest()
 5 FCPATH/index.php(67): CodeIgniter\CodeIgniter->run()
CRITICAL - 2023-03-14 03:09:42 --> Undefined property: App\Controllers\Months::$load
in APPPATH/Controllers/Months.php on line 11.
 1 APPPATH/Controllers/Months.php(11): CodeIgniter\Debug\Exceptions->errorHandler()
 2 SYSTEMPATH/CodeIgniter.php(934): App\Controllers\Months->month()
 3 SYSTEMPATH/CodeIgniter.php(499): CodeIgniter\CodeIgniter->runController()
 4 SYSTEMPATH/CodeIgniter.php(368): CodeIgniter\CodeIgniter->handleRequest()
 5 FCPATH/index.php(67): CodeIgniter\CodeIgniter->run()
CRITICAL - 2023-03-14 03:10:09 --> Undefined property: App\Controllers\Months::$load
in APPPATH/Controllers/Months.php on line 11.
 1 APPPATH/Controllers/Months.php(11): CodeIgniter\Debug\Exceptions->errorHandler()
 2 SYSTEMPATH/CodeIgniter.php(934): App\Controllers\Months->month()
 3 SYSTEMPATH/CodeIgniter.php(499): CodeIgniter\CodeIgniter->runController()
 4 SYSTEMPATH/CodeIgniter.php(368): CodeIgniter\CodeIgniter->handleRequest()
 5 FCPATH/index.php(67): CodeIgniter\CodeIgniter->run()
CRITICAL - 2023-03-14 03:10:12 --> Undefined property: App\Controllers\Months::$load
in APPPATH/Controllers/Months.php on line 11.
 1 APPPATH/Controllers/Months.php(11): CodeIgniter\Debug\Exceptions->errorHandler()
 2 SYSTEMPATH/CodeIgniter.php(934): App\Controllers\Months->month()
 3 SYSTEMPATH/CodeIgniter.php(499): CodeIgniter\CodeIgniter->runController()
 4 SYSTEMPATH/CodeIgniter.php(368): CodeIgniter\CodeIgniter->handleRequest()
 5 FCPATH/index.php(67): CodeIgniter\CodeIgniter->run()
CRITICAL - 2023-03-14 03:10:12 --> Undefined property: App\Controllers\Months::$load
in APPPATH/Controllers/Months.php on line 11.
 1 APPPATH/Controllers/Months.php(11): CodeIgniter\Debug\Exceptions->errorHandler()
 2 SYSTEMPATH/CodeIgniter.php(934): App\Controllers\Months->month()
 3 SYSTEMPATH/CodeIgniter.php(499): CodeIgniter\CodeIgniter->runController()
 4 SYSTEMPATH/CodeIgniter.php(368): CodeIgniter\CodeIgniter->handleRequest()
 5 FCPATH/index.php(67): CodeIgniter\CodeIgniter->run()
CRITICAL - 2023-03-14 03:10:21 --> Call to undefined function App\Controllers\get_month()
in APPPATH/Controllers/Months.php on line 28.
 1 SYSTEMPATH/CodeIgniter.php(934): App\Controllers\Months->month()
 2 SYSTEMPATH/CodeIgniter.php(499): CodeIgniter\CodeIgniter->runController()
 3 SYSTEMPATH/CodeIgniter.php(368): CodeIgniter\CodeIgniter->handleRequest()
 4 FCPATH/index.php(67): CodeIgniter\CodeIgniter->run()
CRITICAL - 2023-03-14 03:10:24 --> Call to undefined function App\Controllers\get_month()
in APPPATH/Controllers/Months.php on line 28.
 1 SYSTEMPATH/CodeIgniter.php(934): App\Controllers\Months->month()
 2 SYSTEMPATH/CodeIgniter.php(499): CodeIgniter\CodeIgniter->runController()
 3 SYSTEMPATH/CodeIgniter.php(368): CodeIgniter\CodeIgniter->handleRequest()
 4 FCPATH/index.php(67): CodeIgniter\CodeIgniter->run()
CRITICAL - 2023-03-14 03:10:54 --> Call to undefined function App\Controllers\get_month()
in APPPATH/Controllers/Months.php on line 28.
 1 SYSTEMPATH/CodeIgniter.php(934): App\Controllers\Months->month()
 2 SYSTEMPATH/CodeIgniter.php(499): CodeIgniter\CodeIgniter->runController()
 3 SYSTEMPATH/CodeIgniter.php(368): CodeIgniter\CodeIgniter->handleRequest()
 4 FCPATH/index.php(67): CodeIgniter\CodeIgniter->run()
CRITICAL - 2023-03-14 03:10:57 --> Call to undefined function App\Controllers\get_month()
in APPPATH/Controllers/Months.php on line 28.
 1 SYSTEMPATH/CodeIgniter.php(934): App\Controllers\Months->month()
 2 SYSTEMPATH/CodeIgniter.php(499): CodeIgniter\CodeIgniter->runController()
 3 SYSTEMPATH/CodeIgniter.php(368): CodeIgniter\CodeIgniter->handleRequest()
 4 FCPATH/index.php(67): CodeIgniter\CodeIgniter->run()
CRITICAL - 2023-03-14 03:11:00 --> Call to undefined function App\Controllers\get_month()
in APPPATH/Controllers/Months.php on line 28.
 1 SYSTEMPATH/CodeIgniter.php(934): App\Controllers\Months->month()
 2 SYSTEMPATH/CodeIgniter.php(499): CodeIgniter\CodeIgniter->runController()
 3 SYSTEMPATH/CodeIgniter.php(368): CodeIgniter\CodeIgniter->handleRequest()
 4 FCPATH/index.php(67): CodeIgniter\CodeIgniter->run()
CRITICAL - 2023-03-14 03:11:05 --> Call to undefined function App\Controllers\get_month()
in APPPATH/Controllers/Months.php on line 28.
 1 SYSTEMPATH/CodeIgniter.php(934): App\Controllers\Months->month()
 2 SYSTEMPATH/CodeIgniter.php(499): CodeIgniter\CodeIgniter->runController()
 3 SYSTEMPATH/CodeIgniter.php(368): CodeIgniter\CodeIgniter->handleRequest()
 4 FCPATH/index.php(67): CodeIgniter\CodeIgniter->run()
CRITICAL - 2023-03-14 03:15:19 --> Call to undefined function App\Controllers\get_month()
in APPPATH/Controllers/Months.php on line 28.
 1 SYSTEMPATH/CodeIgniter.php(934): App\Controllers\Months->month()
 2 SYSTEMPATH/CodeIgniter.php(499): CodeIgniter\CodeIgniter->runController()
 3 SYSTEMPATH/CodeIgniter.php(368): CodeIgniter\CodeIgniter->handleRequest()
 4 FCPATH/index.php(67): CodeIgniter\CodeIgniter->run()
CRITICAL - 2023-03-14 03:15:21 --> Call to undefined function App\Controllers\get_month()
in APPPATH/Controllers/Months.php on line 28.
 1 SYSTEMPATH/CodeIgniter.php(934): App\Controllers\Months->month()
 2 SYSTEMPATH/CodeIgniter.php(499): CodeIgniter\CodeIgniter->runController()
 3 SYSTEMPATH/CodeIgniter.php(368): CodeIgniter\CodeIgniter->handleRequest()
 4 FCPATH/index.php(67): CodeIgniter\CodeIgniter->run()
CRITICAL - 2023-03-14 03:16:41 --> Call to undefined function App\Controllers\get_month()
in APPPATH/Controllers/Months.php on line 28.
 1 SYSTEMPATH/CodeIgniter.php(934): App\Controllers\Months->month()
 2 SYSTEMPATH/CodeIgniter.php(499): CodeIgniter\CodeIgniter->runController()
 3 SYSTEMPATH/CodeIgniter.php(368): CodeIgniter\CodeIgniter->handleRequest()
 4 FCPATH/index.php(67): CodeIgniter\CodeIgniter->run()
CRITICAL - 2023-03-14 03:25:12 --> Call to undefined function App\Controllers\toUpper()
in APPPATH/Controllers/Customers.php on line 16.
 1 SYSTEMPATH/CodeIgniter.php(934): App\Controllers\Customers->index()
 2 SYSTEMPATH/CodeIgniter.php(499): CodeIgniter\CodeIgniter->runController()
 3 SYSTEMPATH/CodeIgniter.php(368): CodeIgniter\CodeIgniter->handleRequest()
 4 FCPATH/index.php(67): CodeIgniter\CodeIgniter->run()
CRITICAL - 2023-03-14 03:25:13 --> Call to undefined function App\Controllers\toUpper()
in APPPATH/Controllers/Customers.php on line 16.
 1 SYSTEMPATH/CodeIgniter.php(934): App\Controllers\Customers->index()
 2 SYSTEMPATH/CodeIgniter.php(499): CodeIgniter\CodeIgniter->runController()
 3 SYSTEMPATH/CodeIgniter.php(368): CodeIgniter\CodeIgniter->handleRequest()
 4 FCPATH/index.php(67): CodeIgniter\CodeIgniter->run()
CRITICAL - 2023-03-14 03:26:00 --> Call to undefined function App\Controllers\toUpper()
in APPPATH/Controllers/Customers.php on line 16.
 1 SYSTEMPATH/CodeIgniter.php(934): App\Controllers\Customers->index()
 2 SYSTEMPATH/CodeIgniter.php(499): CodeIgniter\CodeIgniter->runController()
 3 SYSTEMPATH/CodeIgniter.php(368): CodeIgniter\CodeIgniter->handleRequest()
 4 FCPATH/index.php(67): CodeIgniter\CodeIgniter->run()
CRITICAL - 2023-03-14 03:26:11 --> Call to undefined function App\Controllers\toUpper()
in APPPATH/Controllers/Customers.php on line 16.
 1 SYSTEMPATH/CodeIgniter.php(934): App\Controllers\Customers->index()
 2 SYSTEMPATH/CodeIgniter.php(499): CodeIgniter\CodeIgniter->runController()
 3 SYSTEMPATH/CodeIgniter.php(368): CodeIgniter\CodeIgniter->handleRequest()
 4 FCPATH/index.php(67): CodeIgniter\CodeIgniter->run()
CRITICAL - 2023-03-14 03:26:12 --> Call to undefined function App\Controllers\toUpper()
in APPPATH/Controllers/Customers.php on line 16.
 1 SYSTEMPATH/CodeIgniter.php(934): App\Controllers\Customers->index()
 2 SYSTEMPATH/CodeIgniter.php(499): CodeIgniter\CodeIgniter->runController()
 3 SYSTEMPATH/CodeIgniter.php(368): CodeIgniter\CodeIgniter->handleRequest()
 4 FCPATH/index.php(67): CodeIgniter\CodeIgniter->run()
CRITICAL - 2023-03-14 03:26:25 --> Call to undefined function App\Controllers\toUpper()
in APPPATH/Controllers/Customers.php on line 16.
 1 SYSTEMPATH/CodeIgniter.php(934): App\Controllers\Customers->index()
 2 SYSTEMPATH/CodeIgniter.php(499): CodeIgniter\CodeIgniter->runController()
 3 SYSTEMPATH/CodeIgniter.php(368): CodeIgniter\CodeIgniter->handleRequest()
 4 FCPATH/index.php(67): CodeIgniter\CodeIgniter->run()
CRITICAL - 2023-03-14 03:42:34 --> Class "App\Models\BaseController" not found
in APPPATH/Controllers/Customers.php on line 6.
 1 SYSTEMPATH/Autoloader/Autoloader.php(312): include_once()
 2 SYSTEMPATH/Autoloader/Autoloader.php(289): CodeIgniter\Autoloader\Autoloader->includeFile()
 3 SYSTEMPATH/Autoloader/Autoloader.php(267): CodeIgniter\Autoloader\Autoloader->loadInNamespace()
 4 [internal function]: CodeIgniter\Autoloader\Autoloader->loadClass()
 5 SYSTEMPATH/CodeIgniter.php(892): class_exists()
 6 SYSTEMPATH/CodeIgniter.php(486): CodeIgniter\CodeIgniter->startController()
 7 SYSTEMPATH/CodeIgniter.php(368): CodeIgniter\CodeIgniter->handleRequest()
 8 FCPATH/index.php(67): CodeIgniter\CodeIgniter->run()
CRITICAL - 2023-03-14 03:42:43 --> Class "App\Models\BaseController" not found
in APPPATH/Controllers/Customers.php on line 6.
 1 SYSTEMPATH/Autoloader/Autoloader.php(312): include_once()
 2 SYSTEMPATH/Autoloader/Autoloader.php(289): CodeIgniter\Autoloader\Autoloader->includeFile()
 3 SYSTEMPATH/Autoloader/Autoloader.php(267): CodeIgniter\Autoloader\Autoloader->loadInNamespace()
 4 [internal function]: CodeIgniter\Autoloader\Autoloader->loadClass()
 5 SYSTEMPATH/CodeIgniter.php(892): class_exists()
 6 SYSTEMPATH/CodeIgniter.php(486): CodeIgniter\CodeIgniter->startController()
 7 SYSTEMPATH/CodeIgniter.php(368): CodeIgniter\CodeIgniter->handleRequest()
 8 FCPATH/index.php(67): CodeIgniter\CodeIgniter->run()
CRITICAL - 2023-03-14 03:42:59 --> Class "App\Models\BaseController" not found
in APPPATH/Controllers/Customers.php on line 6.
 1 SYSTEMPATH/Autoloader/Autoloader.php(312): include_once()
 2 SYSTEMPATH/Autoloader/Autoloader.php(289): CodeIgniter\Autoloader\Autoloader->includeFile()
 3 SYSTEMPATH/Autoloader/Autoloader.php(267): CodeIgniter\Autoloader\Autoloader->loadInNamespace()
 4 [internal function]: CodeIgniter\Autoloader\Autoloader->loadClass()
 5 SYSTEMPATH/CodeIgniter.php(892): class_exists()
 6 SYSTEMPATH/CodeIgniter.php(486): CodeIgniter\CodeIgniter->startController()
 7 SYSTEMPATH/CodeIgniter.php(368): CodeIgniter\CodeIgniter->handleRequest()
 8 FCPATH/index.php(67): CodeIgniter\CodeIgniter->run()
CRITICAL - 2023-03-14 03:43:01 --> Class "App\Models\BaseController" not found
in APPPATH/Controllers/Customers.php on line 6.
 1 SYSTEMPATH/Autoloader/Autoloader.php(312): include_once()
 2 SYSTEMPATH/Autoloader/Autoloader.php(289): CodeIgniter\Autoloader\Autoloader->includeFile()
 3 SYSTEMPATH/Autoloader/Autoloader.php(267): CodeIgniter\Autoloader\Autoloader->loadInNamespace()
 4 [internal function]: CodeIgniter\Autoloader\Autoloader->loadClass()
 5 SYSTEMPATH/CodeIgniter.php(892): class_exists()
 6 SYSTEMPATH/CodeIgniter.php(486): CodeIgniter\CodeIgniter->startController()
 7 SYSTEMPATH/CodeIgniter.php(368): CodeIgniter\CodeIgniter->handleRequest()
 8 FCPATH/index.php(67): CodeIgniter\CodeIgniter->run()
CRITICAL - 2023-03-14 03:43:33 --> Class "App\Models\BaseController" not found
in APPPATH/Controllers/Customers.php on line 6.
 1 SYSTEMPATH/Autoloader/Autoloader.php(312): include_once()
 2 SYSTEMPATH/Autoloader/Autoloader.php(289): CodeIgniter\Autoloader\Autoloader->includeFile()
 3 SYSTEMPATH/Autoloader/Autoloader.php(267): CodeIgniter\Autoloader\Autoloader->loadInNamespace()
 4 [internal function]: CodeIgniter\Autoloader\Autoloader->loadClass()
 5 SYSTEMPATH/CodeIgniter.php(892): class_exists()
 6 SYSTEMPATH/CodeIgniter.php(486): CodeIgniter\CodeIgniter->startController()
 7 SYSTEMPATH/CodeIgniter.php(368): CodeIgniter\CodeIgniter->handleRequest()
 8 FCPATH/index.php(67): CodeIgniter\CodeIgniter->run()
CRITICAL - 2023-03-14 03:43:58 --> syntax error, unexpected token "%", expecting variable
in APPPATH/Models/Customer_model.php on line 15.
 1 SYSTEMPATH/Autoloader/Autoloader.php(289): CodeIgniter\Autoloader\Autoloader->includeFile()
 2 SYSTEMPATH/Autoloader/Autoloader.php(267): CodeIgniter\Autoloader\Autoloader->loadInNamespace()
 3 [internal function]: CodeIgniter\Autoloader\Autoloader->loadClass()
 4 SYSTEMPATH/Config/Factories.php(155): class_exists()
 5 SYSTEMPATH/Config/Factories.php(125): CodeIgniter\Config\Factories::locateClass()
 6 SYSTEMPATH/Config/Factories.php(86): CodeIgniter\Config\Factories::__callStatic()
 7 SYSTEMPATH/Common.php(829): CodeIgniter\Config\Factories::models()
 8 APPPATH/Controllers/Customers.php(23): model()
 9 SYSTEMPATH/CodeIgniter.php(934): App\Controllers\Customers->customer()
10 SYSTEMPATH/CodeIgniter.php(499): CodeIgniter\CodeIgniter->runController()
11 SYSTEMPATH/CodeIgniter.php(368): CodeIgniter\CodeIgniter->handleRequest()
12 FCPATH/index.php(67): CodeIgniter\CodeIgniter->run()
CRITICAL - 2023-03-14 03:44:52 --> syntax error, unexpected token "%", expecting variable
in APPPATH/Models/Customer_model.php on line 15.
 1 SYSTEMPATH/Autoloader/Autoloader.php(289): CodeIgniter\Autoloader\Autoloader->includeFile()
 2 SYSTEMPATH/Autoloader/Autoloader.php(267): CodeIgniter\Autoloader\Autoloader->loadInNamespace()
 3 [internal function]: CodeIgniter\Autoloader\Autoloader->loadClass()
 4 SYSTEMPATH/Config/Factories.php(155): class_exists()
 5 SYSTEMPATH/Config/Factories.php(125): CodeIgniter\Config\Factories::locateClass()
 6 SYSTEMPATH/Config/Factories.php(86): CodeIgniter\Config\Factories::__callStatic()
 7 SYSTEMPATH/Common.php(829): CodeIgniter\Config\Factories::models()
 8 APPPATH/Controllers/Customers.php(23): model()
 9 SYSTEMPATH/CodeIgniter.php(934): App\Controllers\Customers->customer()
10 SYSTEMPATH/CodeIgniter.php(499): CodeIgniter\CodeIgniter->runController()
11 SYSTEMPATH/CodeIgniter.php(368): CodeIgniter\CodeIgniter->handleRequest()
12 FCPATH/index.php(67): CodeIgniter\CodeIgniter->run()
CRITICAL - 2023-03-14 03:46:17 --> syntax error, unexpected token "%", expecting variable
in APPPATH/Models/Customer_model.php on line 15.
 1 SYSTEMPATH/Autoloader/Autoloader.php(289): CodeIgniter\Autoloader\Autoloader->includeFile()
 2 SYSTEMPATH/Autoloader/Autoloader.php(267): CodeIgniter\Autoloader\Autoloader->loadInNamespace()
 3 [internal function]: CodeIgniter\Autoloader\Autoloader->loadClass()
 4 SYSTEMPATH/Config/Factories.php(155): class_exists()
 5 SYSTEMPATH/Config/Factories.php(125): CodeIgniter\Config\Factories::locateClass()
 6 SYSTEMPATH/Config/Factories.php(86): CodeIgniter\Config\Factories::__callStatic()
 7 SYSTEMPATH/Common.php(829): CodeIgniter\Config\Factories::models()
 8 APPPATH/Controllers/Customers.php(23): model()
 9 SYSTEMPATH/CodeIgniter.php(934): App\Controllers\Customers->customer()
10 SYSTEMPATH/CodeIgniter.php(499): CodeIgniter\CodeIgniter->runController()
11 SYSTEMPATH/CodeIgniter.php(368): CodeIgniter\CodeIgniter->handleRequest()
12 FCPATH/index.php(67): CodeIgniter\CodeIgniter->run()
CRITICAL - 2023-03-14 03:46:19 --> syntax error, unexpected token "%", expecting variable
in APPPATH/Models/Customer_model.php on line 15.
 1 SYSTEMPATH/Autoloader/Autoloader.php(289): CodeIgniter\Autoloader\Autoloader->includeFile()
 2 SYSTEMPATH/Autoloader/Autoloader.php(267): CodeIgniter\Autoloader\Autoloader->loadInNamespace()
 3 [internal function]: CodeIgniter\Autoloader\Autoloader->loadClass()
 4 SYSTEMPATH/Config/Factories.php(155): class_exists()
 5 SYSTEMPATH/Config/Factories.php(125): CodeIgniter\Config\Factories::locateClass()
 6 SYSTEMPATH/Config/Factories.php(86): CodeIgniter\Config\Factories::__callStatic()
 7 SYSTEMPATH/Common.php(829): CodeIgniter\Config\Factories::models()
 8 APPPATH/Controllers/Customers.php(23): model()
 9 SYSTEMPATH/CodeIgniter.php(934): App\Controllers\Customers->customer()
10 SYSTEMPATH/CodeIgniter.php(499): CodeIgniter\CodeIgniter->runController()
11 SYSTEMPATH/CodeIgniter.php(368): CodeIgniter\CodeIgniter->handleRequest()
12 FCPATH/index.php(67): CodeIgniter\CodeIgniter->run()
CRITICAL - 2023-03-14 03:47:38 --> Declaration of App\Models\Customer_model::insert() must be compatible with CodeIgniter\Model::insert($data = null, bool $returnID = true)
in APPPATH/Models/Customer_model.php on line 25.
 1 [internal function]: CodeIgniter\Debug\Exceptions->shutdownHandler()
CRITICAL - 2023-03-14 03:47:40 --> Declaration of App\Models\Customer_model::insert() must be compatible with CodeIgniter\Model::insert($data = null, bool $returnID = true)
in APPPATH/Models/Customer_model.php on line 25.
 1 [internal function]: CodeIgniter\Debug\Exceptions->shutdownHandler()
CRITICAL - 2023-03-14 03:48:59 --> Declaration of App\Models\Customer_model::insert() must be compatible with CodeIgniter\Model::insert($data = null, bool $returnID = true)
in APPPATH/Models/Customer_model.php on line 25.
 1 [internal function]: CodeIgniter\Debug\Exceptions->shutdownHandler()
CRITICAL - 2023-03-14 03:52:24 --> Too few arguments to function App\Controllers\Customers::customer(), 0 passed in /app/myapp/system/CodeIgniter.php on line 934 and exactly 1 expected
in APPPATH/Controllers/Customers.php on line 22.
 1 SYSTEMPATH/CodeIgniter.php(934): App\Controllers\Customers->customer()
 2 SYSTEMPATH/CodeIgniter.php(499): CodeIgniter\CodeIgniter->runController()
 3 SYSTEMPATH/CodeIgniter.php(368): CodeIgniter\CodeIgniter->handleRequest()
 4 FCPATH/index.php(67): CodeIgniter\CodeIgniter->run()
CRITICAL - 2023-03-14 03:56:20 --> You must set the database table to be used with your query.
in SYSTEMPATH/Database/BaseConnection.php on line 882.
 1 SYSTEMPATH/Model.php(642): CodeIgniter\Database\BaseConnection->table()
 2 SYSTEMPATH/Model.php(832): CodeIgniter\Model->builder()
 3 APPPATH/Models/Customer_model.php(21): CodeIgniter\Model->__call()
 4 APPPATH/Controllers/Customers.php(25): App\Models\Customer_model->get_customer()
 5 SYSTEMPATH/CodeIgniter.php(934): App\Controllers\Customers->customer()
 6 SYSTEMPATH/CodeIgniter.php(499): CodeIgniter\CodeIgniter->runController()
 7 SYSTEMPATH/CodeIgniter.php(368): CodeIgniter\CodeIgniter->handleRequest()
 8 FCPATH/index.php(67): CodeIgniter\CodeIgniter->run()
CRITICAL - 2023-03-14 03:56:24 --> You must set the database table to be used with your query.
in SYSTEMPATH/Database/BaseConnection.php on line 882.
 1 SYSTEMPATH/Model.php(642): CodeIgniter\Database\BaseConnection->table()
 2 SYSTEMPATH/Model.php(832): CodeIgniter\Model->builder()
 3 APPPATH/Models/Customer_model.php(21): CodeIgniter\Model->__call()
 4 APPPATH/Controllers/Customers.php(25): App\Models\Customer_model->get_customer()
 5 SYSTEMPATH/CodeIgniter.php(934): App\Controllers\Customers->customer()
 6 SYSTEMPATH/CodeIgniter.php(499): CodeIgniter\CodeIgniter->runController()
 7 SYSTEMPATH/CodeIgniter.php(368): CodeIgniter\CodeIgniter->handleRequest()
 8 FCPATH/index.php(67): CodeIgniter\CodeIgniter->run()
CRITICAL - 2023-03-14 03:56:46 --> You must set the database table to be used with your query.
in SYSTEMPATH/Database/BaseConnection.php on line 882.
 1 SYSTEMPATH/Model.php(642): CodeIgniter\Database\BaseConnection->table()
 2 SYSTEMPATH/Model.php(254): CodeIgniter\Model->builder()
 3 SYSTEMPATH/BaseModel.php(656): CodeIgniter\Model->doFirst()
 4 APPPATH/Models/Customer_model.php(21): CodeIgniter\BaseModel->first()
 5 APPPATH/Controllers/Customers.php(25): App\Models\Customer_model->get_customer()
 6 SYSTEMPATH/CodeIgniter.php(934): App\Controllers\Customers->customer()
 7 SYSTEMPATH/CodeIgniter.php(499): CodeIgniter\CodeIgniter->runController()
 8 SYSTEMPATH/CodeIgniter.php(368): CodeIgniter\CodeIgniter->handleRequest()
 9 FCPATH/index.php(67): CodeIgniter\CodeIgniter->run()
CRITICAL - 2023-03-14 03:57:21 --> You must set the database table to be used with your query.
in SYSTEMPATH/Database/BaseConnection.php on line 882.
 1 SYSTEMPATH/Model.php(642): CodeIgniter\Database\BaseConnection->table()
 2 SYSTEMPATH/Model.php(832): CodeIgniter\Model->builder()
 3 APPPATH/Models/Customer_model.php(21): CodeIgniter\Model->__call()
 4 APPPATH/Controllers/Customers.php(25): App\Models\Customer_model->get_customer()
 5 SYSTEMPATH/CodeIgniter.php(934): App\Controllers\Customers->customer()
 6 SYSTEMPATH/CodeIgniter.php(499): CodeIgniter\CodeIgniter->runController()
 7 SYSTEMPATH/CodeIgniter.php(368): CodeIgniter\CodeIgniter->handleRequest()
 8 FCPATH/index.php(67): CodeIgniter\CodeIgniter->run()
CRITICAL - 2023-03-14 03:57:22 --> You must set the database table to be used with your query.
in SYSTEMPATH/Database/BaseConnection.php on line 882.
 1 SYSTEMPATH/Model.php(642): CodeIgniter\Database\BaseConnection->table()
 2 SYSTEMPATH/Model.php(832): CodeIgniter\Model->builder()
 3 APPPATH/Models/Customer_model.php(21): CodeIgniter\Model->__call()
 4 APPPATH/Controllers/Customers.php(25): App\Models\Customer_model->get_customer()
 5 SYSTEMPATH/CodeIgniter.php(934): App\Controllers\Customers->customer()
 6 SYSTEMPATH/CodeIgniter.php(499): CodeIgniter\CodeIgniter->runController()
 7 SYSTEMPATH/CodeIgniter.php(368): CodeIgniter\CodeIgniter->handleRequest()
 8 FCPATH/index.php(67): CodeIgniter\CodeIgniter->run()
CRITICAL - 2023-03-14 03:57:49 --> Declaration of App\Models\Customer_model::delete() must be compatible with CodeIgniter\BaseModel::delete($id = null, bool $purge = false)
in APPPATH/Models/Customer_model.php on line 35.
 1 [internal function]: CodeIgniter\Debug\Exceptions->shutdownHandler()
CRITICAL - 2023-03-14 03:58:14 --> Declaration of App\Models\Customer_model::delete() must be compatible with CodeIgniter\BaseModel::delete($id = null, bool $purge = false)
in APPPATH/Models/Customer_model.php on line 35.
 1 [internal function]: CodeIgniter\Debug\Exceptions->shutdownHandler()
CRITICAL - 2023-03-14 03:58:26 --> syntax error, unexpected token "}", expecting ";"
in APPPATH/Models/Customer_model.php on line 22.
 1 SYSTEMPATH/Autoloader/Autoloader.php(289): CodeIgniter\Autoloader\Autoloader->includeFile()
 2 SYSTEMPATH/Autoloader/Autoloader.php(267): CodeIgniter\Autoloader\Autoloader->loadInNamespace()
 3 [internal function]: CodeIgniter\Autoloader\Autoloader->loadClass()
 4 SYSTEMPATH/Config/Factories.php(155): class_exists()
 5 SYSTEMPATH/Config/Factories.php(125): CodeIgniter\Config\Factories::locateClass()
 6 SYSTEMPATH/Config/Factories.php(86): CodeIgniter\Config\Factories::__callStatic()
 7 SYSTEMPATH/Common.php(829): CodeIgniter\Config\Factories::models()
 8 APPPATH/Controllers/Customers.php(23): model()
 9 SYSTEMPATH/CodeIgniter.php(934): App\Controllers\Customers->customer()
10 SYSTEMPATH/CodeIgniter.php(499): CodeIgniter\CodeIgniter->runController()
11 SYSTEMPATH/CodeIgniter.php(368): CodeIgniter\CodeIgniter->handleRequest()
12 FCPATH/index.php(67): CodeIgniter\CodeIgniter->run()
CRITICAL - 2023-03-14 03:58:37 --> syntax error, unexpected token "}", expecting ";"
in APPPATH/Models/Customer_model.php on line 22.
 1 SYSTEMPATH/Autoloader/Autoloader.php(289): CodeIgniter\Autoloader\Autoloader->includeFile()
 2 SYSTEMPATH/Autoloader/Autoloader.php(267): CodeIgniter\Autoloader\Autoloader->loadInNamespace()
 3 [internal function]: CodeIgniter\Autoloader\Autoloader->loadClass()
 4 SYSTEMPATH/Config/Factories.php(155): class_exists()
 5 SYSTEMPATH/Config/Factories.php(125): CodeIgniter\Config\Factories::locateClass()
 6 SYSTEMPATH/Config/Factories.php(86): CodeIgniter\Config\Factories::__callStatic()
 7 SYSTEMPATH/Common.php(829): CodeIgniter\Config\Factories::models()
 8 APPPATH/Controllers/Customers.php(23): model()
 9 SYSTEMPATH/CodeIgniter.php(934): App\Controllers\Customers->customer()
10 SYSTEMPATH/CodeIgniter.php(499): CodeIgniter\CodeIgniter->runController()
11 SYSTEMPATH/CodeIgniter.php(368): CodeIgniter\CodeIgniter->handleRequest()
12 FCPATH/index.php(67): CodeIgniter\CodeIgniter->run()
CRITICAL - 2023-03-14 03:58:46 --> Declaration of App\Models\Customer_model::delete() must be compatible with CodeIgniter\BaseModel::delete($id = null, bool $purge = false)
in APPPATH/Models/Customer_model.php on line 34.
 1 [internal function]: CodeIgniter\Debug\Exceptions->shutdownHandler()
CRITICAL - 2023-03-14 22:33:19 --> Undefined property: App\Controllers\Testdb::$db
in APPPATH/Controllers/Testdb.php on line 12.
 1 APPPATH/Controllers/Testdb.php(12): CodeIgniter\Debug\Exceptions->errorHandler()
 2 SYSTEMPATH/CodeIgniter.php(934): App\Controllers\Testdb->customers_beta()
 3 SYSTEMPATH/CodeIgniter.php(499): CodeIgniter\CodeIgniter->runController()
 4 SYSTEMPATH/CodeIgniter.php(368): CodeIgniter\CodeIgniter->handleRequest()
 5 FCPATH/index.php(67): CodeIgniter\CodeIgniter->run()
CRITICAL - 2023-03-14 22:34:03 --> Undefined property: App\Controllers\Testdb::$db
in APPPATH/Controllers/Testdb.php on line 12.
 1 APPPATH/Controllers/Testdb.php(12): CodeIgniter\Debug\Exceptions->errorHandler()
 2 SYSTEMPATH/CodeIgniter.php(934): App\Controllers\Testdb->customers_beta()
 3 SYSTEMPATH/CodeIgniter.php(499): CodeIgniter\CodeIgniter->runController()
 4 SYSTEMPATH/CodeIgniter.php(368): CodeIgniter\CodeIgniter->handleRequest()
 5 FCPATH/index.php(67): CodeIgniter\CodeIgniter->run()
CRITICAL - 2023-03-14 22:34:29 --> Undefined property: App\Controllers\Testdb::$db
in APPPATH/Controllers/Testdb.php on line 12.
 1 APPPATH/Controllers/Testdb.php(12): CodeIgniter\Debug\Exceptions->errorHandler()
 2 SYSTEMPATH/CodeIgniter.php(934): App\Controllers\Testdb->customers_beta()
 3 SYSTEMPATH/CodeIgniter.php(499): CodeIgniter\CodeIgniter->runController()
 4 SYSTEMPATH/CodeIgniter.php(368): CodeIgniter\CodeIgniter->handleRequest()
 5 FCPATH/index.php(67): CodeIgniter\CodeIgniter->run()
CRITICAL - 2023-03-14 22:34:31 --> Undefined property: App\Controllers\Testdb::$db
in APPPATH/Controllers/Testdb.php on line 12.
 1 APPPATH/Controllers/Testdb.php(12): CodeIgniter\Debug\Exceptions->errorHandler()
 2 SYSTEMPATH/CodeIgniter.php(934): App\Controllers\Testdb->customers_beta()
 3 SYSTEMPATH/CodeIgniter.php(499): CodeIgniter\CodeIgniter->runController()
 4 SYSTEMPATH/CodeIgniter.php(368): CodeIgniter\CodeIgniter->handleRequest()
 5 FCPATH/index.php(67): CodeIgniter\CodeIgniter->run()
CRITICAL - 2023-03-14 22:35:09 --> Undefined property: App\Controllers\Testdb::$db
in APPPATH/Controllers/Testdb.php on line 12.
 1 APPPATH/Controllers/Testdb.php(12): CodeIgniter\Debug\Exceptions->errorHandler()
 2 SYSTEMPATH/CodeIgniter.php(934): App\Controllers\Testdb->customers_beta()
 3 SYSTEMPATH/CodeIgniter.php(499): CodeIgniter\CodeIgniter->runController()
 4 SYSTEMPATH/CodeIgniter.php(368): CodeIgniter\CodeIgniter->handleRequest()
 5 FCPATH/index.php(67): CodeIgniter\CodeIgniter->run()
CRITICAL - 2023-03-14 22:35:11 --> Undefined property: App\Controllers\Testdb::$db
in APPPATH/Controllers/Testdb.php on line 12.
 1 APPPATH/Controllers/Testdb.php(12): CodeIgniter\Debug\Exceptions->errorHandler()
 2 SYSTEMPATH/CodeIgniter.php(934): App\Controllers\Testdb->customers_beta()
 3 SYSTEMPATH/CodeIgniter.php(499): CodeIgniter\CodeIgniter->runController()
 4 SYSTEMPATH/CodeIgniter.php(368): CodeIgniter\CodeIgniter->handleRequest()
 5 FCPATH/index.php(67): CodeIgniter\CodeIgniter->run()
CRITICAL - 2023-03-14 22:36:00 --> Undefined property: App\Controllers\Testdb::$db
in APPPATH/Controllers/Testdb.php on line 12.
 1 APPPATH/Controllers/Testdb.php(12): CodeIgniter\Debug\Exceptions->errorHandler()
 2 SYSTEMPATH/CodeIgniter.php(934): App\Controllers\Testdb->customers_beta()
 3 SYSTEMPATH/CodeIgniter.php(499): CodeIgniter\CodeIgniter->runController()
 4 SYSTEMPATH/CodeIgniter.php(368): CodeIgniter\CodeIgniter->handleRequest()
 5 FCPATH/index.php(67): CodeIgniter\CodeIgniter->run()
CRITICAL - 2023-03-14 22:38:53 --> Undefined property: App\Controllers\Testdb::$db
in APPPATH/Controllers/Testdb.php on line 12.
 1 APPPATH/Controllers/Testdb.php(12): CodeIgniter\Debug\Exceptions->errorHandler()
 2 SYSTEMPATH/CodeIgniter.php(934): App\Controllers\Testdb->customers_beta()
 3 SYSTEMPATH/CodeIgniter.php(499): CodeIgniter\CodeIgniter->runController()
 4 SYSTEMPATH/CodeIgniter.php(368): CodeIgniter\CodeIgniter->handleRequest()
 5 FCPATH/index.php(67): CodeIgniter\CodeIgniter->run()
CRITICAL - 2023-03-14 22:39:05 --> Undefined property: App\Controllers\Testdb::$db
in APPPATH/Controllers/Testdb.php on line 12.
 1 APPPATH/Controllers/Testdb.php(12): CodeIgniter\Debug\Exceptions->errorHandler()
 2 SYSTEMPATH/CodeIgniter.php(934): App\Controllers\Testdb->customers_beta()
 3 SYSTEMPATH/CodeIgniter.php(499): CodeIgniter\CodeIgniter->runController()
 4 SYSTEMPATH/CodeIgniter.php(368): CodeIgniter\CodeIgniter->handleRequest()
 5 FCPATH/index.php(67): CodeIgniter\CodeIgniter->run()
CRITICAL - 2023-03-14 22:39:14 --> Undefined property: App\Controllers\Testdb::$db
in APPPATH/Controllers/Testdb.php on line 12.
 1 APPPATH/Controllers/Testdb.php(12): CodeIgniter\Debug\Exceptions->errorHandler()
 2 SYSTEMPATH/CodeIgniter.php(934): App\Controllers\Testdb->customers_beta()
 3 SYSTEMPATH/CodeIgniter.php(499): CodeIgniter\CodeIgniter->runController()
 4 SYSTEMPATH/CodeIgniter.php(368): CodeIgniter\CodeIgniter->handleRequest()
 5 FCPATH/index.php(67): CodeIgniter\CodeIgniter->run()
CRITICAL - 2023-03-14 22:39:17 --> Undefined property: App\Controllers\Testdb::$db
in APPPATH/Controllers/Testdb.php on line 12.
 1 APPPATH/Controllers/Testdb.php(12): CodeIgniter\Debug\Exceptions->errorHandler()
 2 SYSTEMPATH/CodeIgniter.php(934): App\Controllers\Testdb->customers_beta()
 3 SYSTEMPATH/CodeIgniter.php(499): CodeIgniter\CodeIgniter->runController()
 4 SYSTEMPATH/CodeIgniter.php(368): CodeIgniter\CodeIgniter->handleRequest()
 5 FCPATH/index.php(67): CodeIgniter\CodeIgniter->run()
CRITICAL - 2023-03-14 22:39:19 --> Undefined property: App\Controllers\Testdb::$db
in APPPATH/Controllers/Testdb.php on line 12.
 1 APPPATH/Controllers/Testdb.php(12): CodeIgniter\Debug\Exceptions->errorHandler()
 2 SYSTEMPATH/CodeIgniter.php(934): App\Controllers\Testdb->customers_beta()
 3 SYSTEMPATH/CodeIgniter.php(499): CodeIgniter\CodeIgniter->runController()
 4 SYSTEMPATH/CodeIgniter.php(368): CodeIgniter\CodeIgniter->handleRequest()
 5 FCPATH/index.php(67): CodeIgniter\CodeIgniter->run()
CRITICAL - 2023-03-14 22:41:29 --> Undefined property: App\Controllers\Testdb::$db
in APPPATH/Controllers/Testdb.php on line 12.
 1 APPPATH/Controllers/Testdb.php(12): CodeIgniter\Debug\Exceptions->errorHandler()
 2 SYSTEMPATH/CodeIgniter.php(934): App\Controllers\Testdb->customers_beta()
 3 SYSTEMPATH/CodeIgniter.php(499): CodeIgniter\CodeIgniter->runController()
 4 SYSTEMPATH/CodeIgniter.php(368): CodeIgniter\CodeIgniter->handleRequest()
 5 FCPATH/index.php(67): CodeIgniter\CodeIgniter->run()
CRITICAL - 2023-03-14 22:41:31 --> Undefined property: App\Controllers\Testdb::$db
in APPPATH/Controllers/Testdb.php on line 12.
 1 APPPATH/Controllers/Testdb.php(12): CodeIgniter\Debug\Exceptions->errorHandler()
 2 SYSTEMPATH/CodeIgniter.php(934): App\Controllers\Testdb->customers_beta()
 3 SYSTEMPATH/CodeIgniter.php(499): CodeIgniter\CodeIgniter->runController()
 4 SYSTEMPATH/CodeIgniter.php(368): CodeIgniter\CodeIgniter->handleRequest()
 5 FCPATH/index.php(67): CodeIgniter\CodeIgniter->run()
CRITICAL - 2023-03-14 22:42:17 --> Undefined property: App\Controllers\Testdb::$db
in APPPATH/Controllers/Testdb.php on line 12.
 1 APPPATH/Controllers/Testdb.php(12): CodeIgniter\Debug\Exceptions->errorHandler()
 2 SYSTEMPATH/CodeIgniter.php(934): App\Controllers\Testdb->customers_beta()
 3 SYSTEMPATH/CodeIgniter.php(499): CodeIgniter\CodeIgniter->runController()
 4 SYSTEMPATH/CodeIgniter.php(368): CodeIgniter\CodeIgniter->handleRequest()
 5 FCPATH/index.php(67): CodeIgniter\CodeIgniter->run()
CRITICAL - 2023-03-14 22:42:19 --> Undefined property: App\Controllers\Testdb::$db
in APPPATH/Controllers/Testdb.php on line 12.
 1 APPPATH/Controllers/Testdb.php(12): CodeIgniter\Debug\Exceptions->errorHandler()
 2 SYSTEMPATH/CodeIgniter.php(934): App\Controllers\Testdb->customers_beta()
 3 SYSTEMPATH/CodeIgniter.php(499): CodeIgniter\CodeIgniter->runController()
 4 SYSTEMPATH/CodeIgniter.php(368): CodeIgniter\CodeIgniter->handleRequest()
 5 FCPATH/index.php(67): CodeIgniter\CodeIgniter->run()
CRITICAL - 2023-03-14 22:42:29 --> Undefined property: App\Controllers\Testdb::$db
in APPPATH/Controllers/Testdb.php on line 12.
 1 APPPATH/Controllers/Testdb.php(12): CodeIgniter\Debug\Exceptions->errorHandler()
 2 SYSTEMPATH/CodeIgniter.php(934): App\Controllers\Testdb->customers_beta()
 3 SYSTEMPATH/CodeIgniter.php(499): CodeIgniter\CodeIgniter->runController()
 4 SYSTEMPATH/CodeIgniter.php(368): CodeIgniter\CodeIgniter->handleRequest()
 5 FCPATH/index.php(67): CodeIgniter\CodeIgniter->run()
CRITICAL - 2023-03-14 22:43:22 --> Undefined property: App\Controllers\Testdb::$db
in APPPATH/Controllers/Testdb.php on line 12.
 1 APPPATH/Controllers/Testdb.php(12): CodeIgniter\Debug\Exceptions->errorHandler()
 2 SYSTEMPATH/CodeIgniter.php(934): App\Controllers\Testdb->customers_beta()
 3 SYSTEMPATH/CodeIgniter.php(499): CodeIgniter\CodeIgniter->runController()
 4 SYSTEMPATH/CodeIgniter.php(368): CodeIgniter\CodeIgniter->handleRequest()
 5 FCPATH/index.php(67): CodeIgniter\CodeIgniter->run()
CRITICAL - 2023-03-14 22:43:25 --> Undefined property: App\Controllers\Testdb::$db
in APPPATH/Controllers/Testdb.php on line 12.
 1 APPPATH/Controllers/Testdb.php(12): CodeIgniter\Debug\Exceptions->errorHandler()
 2 SYSTEMPATH/CodeIgniter.php(934): App\Controllers\Testdb->customers_beta()
 3 SYSTEMPATH/CodeIgniter.php(499): CodeIgniter\CodeIgniter->runController()
 4 SYSTEMPATH/CodeIgniter.php(368): CodeIgniter\CodeIgniter->handleRequest()
 5 FCPATH/index.php(67): CodeIgniter\CodeIgniter->run()
CRITICAL - 2023-03-14 22:43:34 --> Unclosed '{' on line 10 does not match ')'
in APPPATH/Controllers/Testdb.php on line 16.
 1 SYSTEMPATH/Autoloader/Autoloader.php(289): CodeIgniter\Autoloader\Autoloader->includeFile()
 2 SYSTEMPATH/Autoloader/Autoloader.php(267): CodeIgniter\Autoloader\Autoloader->loadInNamespace()
 3 [internal function]: CodeIgniter\Autoloader\Autoloader->loadClass()
 4 SYSTEMPATH/CodeIgniter.php(892): class_exists()
 5 SYSTEMPATH/CodeIgniter.php(486): CodeIgniter\CodeIgniter->startController()
 6 SYSTEMPATH/CodeIgniter.php(368): CodeIgniter\CodeIgniter->handleRequest()
 7 FCPATH/index.php(67): CodeIgniter\CodeIgniter->run()
CRITICAL - 2023-03-14 22:43:35 --> Unclosed '{' on line 10 does not match ')'
in APPPATH/Controllers/Testdb.php on line 16.
 1 SYSTEMPATH/Autoloader/Autoloader.php(289): CodeIgniter\Autoloader\Autoloader->includeFile()
 2 SYSTEMPATH/Autoloader/Autoloader.php(267): CodeIgniter\Autoloader\Autoloader->loadInNamespace()
 3 [internal function]: CodeIgniter\Autoloader\Autoloader->loadClass()
 4 SYSTEMPATH/CodeIgniter.php(892): class_exists()
 5 SYSTEMPATH/CodeIgniter.php(486): CodeIgniter\CodeIgniter->startController()
 6 SYSTEMPATH/CodeIgniter.php(368): CodeIgniter\CodeIgniter->handleRequest()
 7 FCPATH/index.php(67): CodeIgniter\CodeIgniter->run()
CRITICAL - 2023-03-14 22:43:36 --> Unclosed '{' on line 10 does not match ')'
in APPPATH/Controllers/Testdb.php on line 16.
 1 SYSTEMPATH/Autoloader/Autoloader.php(289): CodeIgniter\Autoloader\Autoloader->includeFile()
 2 SYSTEMPATH/Autoloader/Autoloader.php(267): CodeIgniter\Autoloader\Autoloader->loadInNamespace()
 3 [internal function]: CodeIgniter\Autoloader\Autoloader->loadClass()
 4 SYSTEMPATH/CodeIgniter.php(892): class_exists()
 5 SYSTEMPATH/CodeIgniter.php(486): CodeIgniter\CodeIgniter->startController()
 6 SYSTEMPATH/CodeIgniter.php(368): CodeIgniter\CodeIgniter->handleRequest()
 7 FCPATH/index.php(67): CodeIgniter\CodeIgniter->run()
CRITICAL - 2023-03-14 22:45:35 --> Object of class CodeIgniter\Database\MySQLi\Connection could not be converted to string
in APPPATH/Controllers/Testdb.php on line 13.
 1 SYSTEMPATH/CodeIgniter.php(934): App\Controllers\Testdb->customers_beta()
 2 SYSTEMPATH/CodeIgniter.php(499): CodeIgniter\CodeIgniter->runController()
 3 SYSTEMPATH/CodeIgniter.php(368): CodeIgniter\CodeIgniter->handleRequest()
 4 FCPATH/index.php(67): CodeIgniter\CodeIgniter->run()
CRITICAL - 2023-03-14 22:45:41 --> Object of class CodeIgniter\Database\MySQLi\Connection could not be converted to string
in APPPATH/Controllers/Testdb.php on line 13.
 1 SYSTEMPATH/CodeIgniter.php(934): App\Controllers\Testdb->customers_beta()
 2 SYSTEMPATH/CodeIgniter.php(499): CodeIgniter\CodeIgniter->runController()
 3 SYSTEMPATH/CodeIgniter.php(368): CodeIgniter\CodeIgniter->handleRequest()
 4 FCPATH/index.php(67): CodeIgniter\CodeIgniter->run()
CRITICAL - 2023-03-14 22:46:07 --> Object of class CodeIgniter\Database\MySQLi\Connection could not be converted to string
in APPPATH/Controllers/Testdb.php on line 13.
 1 SYSTEMPATH/CodeIgniter.php(934): App\Controllers\Testdb->customers_beta()
 2 SYSTEMPATH/CodeIgniter.php(499): CodeIgniter\CodeIgniter->runController()
 3 SYSTEMPATH/CodeIgniter.php(368): CodeIgniter\CodeIgniter->handleRequest()
 4 FCPATH/index.php(67): CodeIgniter\CodeIgniter->run()
CRITICAL - 2023-03-14 22:46:47 --> syntax error, unexpected token "echo"
in APPPATH/Controllers/Testdb.php on line 17.
 1 SYSTEMPATH/Autoloader/Autoloader.php(289): CodeIgniter\Autoloader\Autoloader->includeFile()
 2 SYSTEMPATH/Autoloader/Autoloader.php(267): CodeIgniter\Autoloader\Autoloader->loadInNamespace()
 3 [internal function]: CodeIgniter\Autoloader\Autoloader->loadClass()
 4 SYSTEMPATH/CodeIgniter.php(892): class_exists()
 5 SYSTEMPATH/CodeIgniter.php(486): CodeIgniter\CodeIgniter->startController()
 6 SYSTEMPATH/CodeIgniter.php(368): CodeIgniter\CodeIgniter->handleRequest()
 7 FCPATH/index.php(67): CodeIgniter\CodeIgniter->run()
CRITICAL - 2023-03-14 22:46:49 --> syntax error, unexpected token "echo"
in APPPATH/Controllers/Testdb.php on line 17.
 1 SYSTEMPATH/Autoloader/Autoloader.php(289): CodeIgniter\Autoloader\Autoloader->includeFile()
 2 SYSTEMPATH/Autoloader/Autoloader.php(267): CodeIgniter\Autoloader\Autoloader->loadInNamespace()
 3 [internal function]: CodeIgniter\Autoloader\Autoloader->loadClass()
 4 SYSTEMPATH/CodeIgniter.php(892): class_exists()
 5 SYSTEMPATH/CodeIgniter.php(486): CodeIgniter\CodeIgniter->startController()
 6 SYSTEMPATH/CodeIgniter.php(368): CodeIgniter\CodeIgniter->handleRequest()
 7 FCPATH/index.php(67): CodeIgniter\CodeIgniter->run()
CRITICAL - 2023-03-14 22:46:55 --> syntax error, unexpected token "echo"
in APPPATH/Controllers/Testdb.php on line 17.
 1 SYSTEMPATH/Autoloader/Autoloader.php(289): CodeIgniter\Autoloader\Autoloader->includeFile()
 2 SYSTEMPATH/Autoloader/Autoloader.php(267): CodeIgniter\Autoloader\Autoloader->loadInNamespace()
 3 [internal function]: CodeIgniter\Autoloader\Autoloader->loadClass()
 4 SYSTEMPATH/CodeIgniter.php(892): class_exists()
 5 SYSTEMPATH/CodeIgniter.php(486): CodeIgniter\CodeIgniter->startController()
 6 SYSTEMPATH/CodeIgniter.php(368): CodeIgniter\CodeIgniter->handleRequest()
 7 FCPATH/index.php(67): CodeIgniter\CodeIgniter->run()
CRITICAL - 2023-03-14 22:46:57 --> syntax error, unexpected token "echo"
in APPPATH/Controllers/Testdb.php on line 17.
 1 SYSTEMPATH/Autoloader/Autoloader.php(289): CodeIgniter\Autoloader\Autoloader->includeFile()
 2 SYSTEMPATH/Autoloader/Autoloader.php(267): CodeIgniter\Autoloader\Autoloader->loadInNamespace()
 3 [internal function]: CodeIgniter\Autoloader\Autoloader->loadClass()
 4 SYSTEMPATH/CodeIgniter.php(892): class_exists()
 5 SYSTEMPATH/CodeIgniter.php(486): CodeIgniter\CodeIgniter->startController()
 6 SYSTEMPATH/CodeIgniter.php(368): CodeIgniter\CodeIgniter->handleRequest()
 7 FCPATH/index.php(67): CodeIgniter\CodeIgniter->run()
CRITICAL - 2023-03-14 22:47:11 --> syntax error, unexpected token "echo"
in APPPATH/Controllers/Testdb.php on line 17.
 1 SYSTEMPATH/Autoloader/Autoloader.php(289): CodeIgniter\Autoloader\Autoloader->includeFile()
 2 SYSTEMPATH/Autoloader/Autoloader.php(267): CodeIgniter\Autoloader\Autoloader->loadInNamespace()
 3 [internal function]: CodeIgniter\Autoloader\Autoloader->loadClass()
 4 SYSTEMPATH/CodeIgniter.php(892): class_exists()
 5 SYSTEMPATH/CodeIgniter.php(486): CodeIgniter\CodeIgniter->startController()
 6 SYSTEMPATH/CodeIgniter.php(368): CodeIgniter\CodeIgniter->handleRequest()
 7 FCPATH/index.php(67): CodeIgniter\CodeIgniter->run()
CRITICAL - 2023-03-14 22:47:28 --> syntax error, unexpected token "echo"
in APPPATH/Controllers/Testdb.php on line 17.
 1 SYSTEMPATH/Autoloader/Autoloader.php(289): CodeIgniter\Autoloader\Autoloader->includeFile()
 2 SYSTEMPATH/Autoloader/Autoloader.php(267): CodeIgniter\Autoloader\Autoloader->loadInNamespace()
 3 [internal function]: CodeIgniter\Autoloader\Autoloader->loadClass()
 4 SYSTEMPATH/CodeIgniter.php(892): class_exists()
 5 SYSTEMPATH/CodeIgniter.php(486): CodeIgniter\CodeIgniter->startController()
 6 SYSTEMPATH/CodeIgniter.php(368): CodeIgniter\CodeIgniter->handleRequest()
 7 FCPATH/index.php(67): CodeIgniter\CodeIgniter->run()
CRITICAL - 2023-03-14 22:47:53 --> syntax error, unexpected token "echo"
in APPPATH/Controllers/Testdb.php on line 17.
 1 SYSTEMPATH/Autoloader/Autoloader.php(289): CodeIgniter\Autoloader\Autoloader->includeFile()
 2 SYSTEMPATH/Autoloader/Autoloader.php(267): CodeIgniter\Autoloader\Autoloader->loadInNamespace()
 3 [internal function]: CodeIgniter\Autoloader\Autoloader->loadClass()
 4 SYSTEMPATH/CodeIgniter.php(892): class_exists()
 5 SYSTEMPATH/CodeIgniter.php(486): CodeIgniter\CodeIgniter->startController()
 6 SYSTEMPATH/CodeIgniter.php(368): CodeIgniter\CodeIgniter->handleRequest()
 7 FCPATH/index.php(67): CodeIgniter\CodeIgniter->run()
CRITICAL - 2023-03-14 22:47:56 --> syntax error, unexpected token "echo"
in APPPATH/Controllers/Testdb.php on line 17.
 1 SYSTEMPATH/Autoloader/Autoloader.php(289): CodeIgniter\Autoloader\Autoloader->includeFile()
 2 SYSTEMPATH/Autoloader/Autoloader.php(267): CodeIgniter\Autoloader\Autoloader->loadInNamespace()
 3 [internal function]: CodeIgniter\Autoloader\Autoloader->loadClass()
 4 SYSTEMPATH/CodeIgniter.php(892): class_exists()
 5 SYSTEMPATH/CodeIgniter.php(486): CodeIgniter\CodeIgniter->startController()
 6 SYSTEMPATH/CodeIgniter.php(368): CodeIgniter\CodeIgniter->handleRequest()
 7 FCPATH/index.php(67): CodeIgniter\CodeIgniter->run()
