CRITICAL - 2023-03-18 03:36:23 --> Undefined property: App\Controllers\Customers::$url
in APPPATH/Controllers/Customers.php on line 39.
 1 APPPATH/Controllers/Customers.php(39): CodeIgniter\Debug\Exceptions->errorHandler()
 2 SYSTEMPATH/CodeIgniter.php(934): App\Controllers\Customers->customer_get()
 3 SYSTEMPATH/CodeIgniter.php(499): CodeIgniter\CodeIgniter->runController()
 4 SYSTEMPATH/CodeIgniter.php(368): CodeIgniter\CodeIgniter->handleRequest()
 5 FCPATH/index.php(67): CodeIgniter\CodeIgniter->run()
CRITICAL - 2023-03-18 03:36:26 --> Undefined property: App\Controllers\Customers::$url
in APPPATH/Controllers/Customers.php on line 39.
 1 APPPATH/Controllers/Customers.php(39): CodeIgniter\Debug\Exceptions->errorHandler()
 2 SYSTEMPATH/CodeIgniter.php(934): App\Controllers\Customers->customer_get()
 3 SYSTEMPATH/CodeIgniter.php(499): CodeIgniter\CodeIgniter->runController()
 4 SYSTEMPATH/CodeIgniter.php(368): CodeIgniter\CodeIgniter->handleRequest()
 5 FCPATH/index.php(67): CodeIgniter\CodeIgniter->run()
CRITICAL - 2023-03-18 03:36:33 --> Undefined property: App\Controllers\Customers::$url
in APPPATH/Controllers/Customers.php on line 39.
 1 APPPATH/Controllers/Customers.php(39): CodeIgniter\Debug\Exceptions->errorHandler()
 2 SYSTEMPATH/CodeIgniter.php(934): App\Controllers\Customers->customer_get()
 3 SYSTEMPATH/CodeIgniter.php(499): CodeIgniter\CodeIgniter->runController()
 4 SYSTEMPATH/CodeIgniter.php(368): CodeIgniter\CodeIgniter->handleRequest()
 5 FCPATH/index.php(67): CodeIgniter\CodeIgniter->run()
CRITICAL - 2023-03-18 03:55:15 --> mysqli_result::fetch_object(): Argument #1 ($class) must be a valid class name, Customer_model given
in SYSTEMPATH/Database/MySQLi/Result.php on line 152.
 1 SYSTEMPATH/Database/MySQLi/Result.php(152): mysqli_result->fetch_object()
 2 SYSTEMPATH/Database/BaseResult.php(156): CodeIgniter\Database\MySQLi\Result->fetchObject()
 3 SYSTEMPATH/Database/BaseResult.php(293): CodeIgniter\Database\BaseResult->getCustomResultObject()
 4 SYSTEMPATH/Database/BaseResult.php(280): CodeIgniter\Database\BaseResult->getCustomRowObject()
 5 APPPATH/Models/Customer_model.php(29): CodeIgniter\Database\BaseResult->getRow()
 6 APPPATH/Controllers/Customers.php(41): App\Models\Customer_model->get_customer()
 7 SYSTEMPATH/CodeIgniter.php(934): App\Controllers\Customers->customer_get()
 8 SYSTEMPATH/CodeIgniter.php(499): CodeIgniter\CodeIgniter->runController()
 9 SYSTEMPATH/CodeIgniter.php(368): CodeIgniter\CodeIgniter->handleRequest()
10 FCPATH/index.php(67): CodeIgniter\CodeIgniter->run()
CRITICAL - 2023-03-18 03:55:27 --> mysqli_result::fetch_object(): Argument #1 ($class) must be a valid class name, Customer_model given
in SYSTEMPATH/Database/MySQLi/Result.php on line 152.
 1 SYSTEMPATH/Database/MySQLi/Result.php(152): mysqli_result->fetch_object()
 2 SYSTEMPATH/Database/BaseResult.php(156): CodeIgniter\Database\MySQLi\Result->fetchObject()
 3 SYSTEMPATH/Database/BaseResult.php(293): CodeIgniter\Database\BaseResult->getCustomResultObject()
 4 SYSTEMPATH/Database/BaseResult.php(280): CodeIgniter\Database\BaseResult->getCustomRowObject()
 5 APPPATH/Models/Customer_model.php(29): CodeIgniter\Database\BaseResult->getRow()
 6 APPPATH/Controllers/Customers.php(41): App\Models\Customer_model->get_customer()
 7 SYSTEMPATH/CodeIgniter.php(934): App\Controllers\Customers->customer_get()
 8 SYSTEMPATH/CodeIgniter.php(499): CodeIgniter\CodeIgniter->runController()
 9 SYSTEMPATH/CodeIgniter.php(368): CodeIgniter\CodeIgniter->handleRequest()
10 FCPATH/index.php(67): CodeIgniter\CodeIgniter->run()
CRITICAL - 2023-03-18 03:58:28 --> mysqli_result::fetch_object(): Argument #1 ($class) must be a valid class name, Customer_model given
in SYSTEMPATH/Database/MySQLi/Result.php on line 152.
 1 SYSTEMPATH/Database/MySQLi/Result.php(152): mysqli_result->fetch_object()
 2 SYSTEMPATH/Database/BaseResult.php(156): CodeIgniter\Database\MySQLi\Result->fetchObject()
 3 SYSTEMPATH/Database/BaseResult.php(293): CodeIgniter\Database\BaseResult->getCustomResultObject()
 4 SYSTEMPATH/Database/BaseResult.php(280): CodeIgniter\Database\BaseResult->getCustomRowObject()
 5 APPPATH/Models/Customer_model.php(29): CodeIgniter\Database\BaseResult->getRow()
 6 APPPATH/Controllers/Customers.php(40): App\Models\Customer_model->get_customer()
 7 SYSTEMPATH/CodeIgniter.php(934): App\Controllers\Customers->customer_get()
 8 SYSTEMPATH/CodeIgniter.php(499): CodeIgniter\CodeIgniter->runController()
 9 SYSTEMPATH/CodeIgniter.php(368): CodeIgniter\CodeIgniter->handleRequest()
10 FCPATH/index.php(67): CodeIgniter\CodeIgniter->run()
CRITICAL - 2023-03-18 03:58:31 --> mysqli_result::fetch_object(): Argument #1 ($class) must be a valid class name, Customer_model given
in SYSTEMPATH/Database/MySQLi/Result.php on line 152.
 1 SYSTEMPATH/Database/MySQLi/Result.php(152): mysqli_result->fetch_object()
 2 SYSTEMPATH/Database/BaseResult.php(156): CodeIgniter\Database\MySQLi\Result->fetchObject()
 3 SYSTEMPATH/Database/BaseResult.php(293): CodeIgniter\Database\BaseResult->getCustomResultObject()
 4 SYSTEMPATH/Database/BaseResult.php(280): CodeIgniter\Database\BaseResult->getCustomRowObject()
 5 APPPATH/Models/Customer_model.php(29): CodeIgniter\Database\BaseResult->getRow()
 6 APPPATH/Controllers/Customers.php(40): App\Models\Customer_model->get_customer()
 7 SYSTEMPATH/CodeIgniter.php(934): App\Controllers\Customers->customer_get()
 8 SYSTEMPATH/CodeIgniter.php(499): CodeIgniter\CodeIgniter->runController()
 9 SYSTEMPATH/CodeIgniter.php(368): CodeIgniter\CodeIgniter->handleRequest()
10 FCPATH/index.php(67): CodeIgniter\CodeIgniter->run()
CRITICAL - 2023-03-18 03:58:32 --> mysqli_result::fetch_object(): Argument #1 ($class) must be a valid class name, Customer_model given
in SYSTEMPATH/Database/MySQLi/Result.php on line 152.
 1 SYSTEMPATH/Database/MySQLi/Result.php(152): mysqli_result->fetch_object()
 2 SYSTEMPATH/Database/BaseResult.php(156): CodeIgniter\Database\MySQLi\Result->fetchObject()
 3 SYSTEMPATH/Database/BaseResult.php(293): CodeIgniter\Database\BaseResult->getCustomResultObject()
 4 SYSTEMPATH/Database/BaseResult.php(280): CodeIgniter\Database\BaseResult->getCustomRowObject()
 5 APPPATH/Models/Customer_model.php(29): CodeIgniter\Database\BaseResult->getRow()
 6 APPPATH/Controllers/Customers.php(40): App\Models\Customer_model->get_customer()
 7 SYSTEMPATH/CodeIgniter.php(934): App\Controllers\Customers->customer_get()
 8 SYSTEMPATH/CodeIgniter.php(499): CodeIgniter\CodeIgniter->runController()
 9 SYSTEMPATH/CodeIgniter.php(368): CodeIgniter\CodeIgniter->handleRequest()
10 FCPATH/index.php(67): CodeIgniter\CodeIgniter->run()
CRITICAL - 2023-03-18 04:01:33 --> CodeIgniter\Database\BaseResult::getRow(): Argument #2 ($type) must be of type string, App\Models\Customer_model given, called in /app/myapp/app/Models/Customer_model.php on line 23
in SYSTEMPATH/Database/BaseResult.php on line 256.
 1 APPPATH/Models/Customer_model.php(23): CodeIgniter\Database\BaseResult->getRow()
 2 APPPATH/Controllers/Customers.php(40): App\Models\Customer_model->get_customer()
 3 SYSTEMPATH/CodeIgniter.php(934): App\Controllers\Customers->customer_get()
 4 SYSTEMPATH/CodeIgniter.php(499): CodeIgniter\CodeIgniter->runController()
 5 SYSTEMPATH/CodeIgniter.php(368): CodeIgniter\CodeIgniter->handleRequest()
 6 FCPATH/index.php(67): CodeIgniter\CodeIgniter->run()
CRITICAL - 2023-03-18 04:01:37 --> CodeIgniter\Database\BaseResult::getRow(): Argument #2 ($type) must be of type string, App\Models\Customer_model given, called in /app/myapp/app/Models/Customer_model.php on line 23
in SYSTEMPATH/Database/BaseResult.php on line 256.
 1 APPPATH/Models/Customer_model.php(23): CodeIgniter\Database\BaseResult->getRow()
 2 APPPATH/Controllers/Customers.php(40): App\Models\Customer_model->get_customer()
 3 SYSTEMPATH/CodeIgniter.php(934): App\Controllers\Customers->customer_get()
 4 SYSTEMPATH/CodeIgniter.php(499): CodeIgniter\CodeIgniter->runController()
 5 SYSTEMPATH/CodeIgniter.php(368): CodeIgniter\CodeIgniter->handleRequest()
 6 FCPATH/index.php(67): CodeIgniter\CodeIgniter->run()
CRITICAL - 2023-03-18 04:14:33 --> CodeIgniter\Database\BaseResult::getRow(): Argument #2 ($type) must be of type string, App\Models\Customer_model given, called in /app/myapp/app/Models/Customer_model.php on line 23
in SYSTEMPATH/Database/BaseResult.php on line 256.
 1 APPPATH/Models/Customer_model.php(23): CodeIgniter\Database\BaseResult->getRow()
 2 APPPATH/Controllers/Customers.php(40): App\Models\Customer_model->get_customer()
 3 SYSTEMPATH/CodeIgniter.php(934): App\Controllers\Customers->customer_get()
 4 SYSTEMPATH/CodeIgniter.php(499): CodeIgniter\CodeIgniter->runController()
 5 SYSTEMPATH/CodeIgniter.php(368): CodeIgniter\CodeIgniter->handleRequest()
 6 FCPATH/index.php(67): CodeIgniter\CodeIgniter->run()
CRITICAL - 2023-03-18 04:14:35 --> CodeIgniter\Database\BaseResult::getRow(): Argument #2 ($type) must be of type string, App\Models\Customer_model given, called in /app/myapp/app/Models/Customer_model.php on line 23
in SYSTEMPATH/Database/BaseResult.php on line 256.
 1 APPPATH/Models/Customer_model.php(23): CodeIgniter\Database\BaseResult->getRow()
 2 APPPATH/Controllers/Customers.php(40): App\Models\Customer_model->get_customer()
 3 SYSTEMPATH/CodeIgniter.php(934): App\Controllers\Customers->customer_get()
 4 SYSTEMPATH/CodeIgniter.php(499): CodeIgniter\CodeIgniter->runController()
 5 SYSTEMPATH/CodeIgniter.php(368): CodeIgniter\CodeIgniter->handleRequest()
 6 FCPATH/index.php(67): CodeIgniter\CodeIgniter->run()
CRITICAL - 2023-03-18 04:14:38 --> CodeIgniter\Database\BaseResult::getRow(): Argument #2 ($type) must be of type string, App\Models\Customer_model given, called in /app/myapp/app/Models/Customer_model.php on line 23
in SYSTEMPATH/Database/BaseResult.php on line 256.
 1 APPPATH/Models/Customer_model.php(23): CodeIgniter\Database\BaseResult->getRow()
 2 APPPATH/Controllers/Customers.php(40): App\Models\Customer_model->get_customer()
 3 SYSTEMPATH/CodeIgniter.php(934): App\Controllers\Customers->customer_get()
 4 SYSTEMPATH/CodeIgniter.php(499): CodeIgniter\CodeIgniter->runController()
 5 SYSTEMPATH/CodeIgniter.php(368): CodeIgniter\CodeIgniter->handleRequest()
 6 FCPATH/index.php(67): CodeIgniter\CodeIgniter->run()
CRITICAL - 2023-03-18 04:17:42 --> CodeIgniter\Database\BaseResult::getRow(): Argument #2 ($type) must be of type string, App\Models\Customer_model given, called in /app/myapp/app/Models/Customer_model.php on line 23
in SYSTEMPATH/Database/BaseResult.php on line 256.
 1 APPPATH/Models/Customer_model.php(23): CodeIgniter\Database\BaseResult->getRow()
 2 APPPATH/Controllers/Customers.php(40): App\Models\Customer_model->get_customer()
 3 SYSTEMPATH/CodeIgniter.php(934): App\Controllers\Customers->customer_get()
 4 SYSTEMPATH/CodeIgniter.php(499): CodeIgniter\CodeIgniter->runController()
 5 SYSTEMPATH/CodeIgniter.php(368): CodeIgniter\CodeIgniter->handleRequest()
 6 FCPATH/index.php(67): CodeIgniter\CodeIgniter->run()
CRITICAL - 2023-03-18 04:18:40 --> CodeIgniter\Database\BaseResult::getRow(): Argument #2 ($type) must be of type string, App\Models\Customer_model given, called in /app/myapp/app/Models/Customer_model.php on line 23
in SYSTEMPATH/Database/BaseResult.php on line 256.
 1 APPPATH/Models/Customer_model.php(23): CodeIgniter\Database\BaseResult->getRow()
 2 APPPATH/Controllers/Customers.php(40): App\Models\Customer_model->get_customer()
 3 SYSTEMPATH/CodeIgniter.php(934): App\Controllers\Customers->customer_get()
 4 SYSTEMPATH/CodeIgniter.php(499): CodeIgniter\CodeIgniter->runController()
 5 SYSTEMPATH/CodeIgniter.php(368): CodeIgniter\CodeIgniter->handleRequest()
 6 FCPATH/index.php(67): CodeIgniter\CodeIgniter->run()
CRITICAL - 2023-03-18 04:19:24 --> CodeIgniter\Database\BaseResult::getRow(): Argument #2 ($type) must be of type string, App\Models\Customer_model given, called in /app/myapp/app/Models/Customer_model.php on line 23
in SYSTEMPATH/Database/BaseResult.php on line 256.
 1 APPPATH/Models/Customer_model.php(23): CodeIgniter\Database\BaseResult->getRow()
 2 APPPATH/Controllers/Customers.php(40): App\Models\Customer_model->get_customer()
 3 SYSTEMPATH/CodeIgniter.php(934): App\Controllers\Customers->customer_get()
 4 SYSTEMPATH/CodeIgniter.php(499): CodeIgniter\CodeIgniter->runController()
 5 SYSTEMPATH/CodeIgniter.php(368): CodeIgniter\CodeIgniter->handleRequest()
 6 FCPATH/index.php(67): CodeIgniter\CodeIgniter->run()
CRITICAL - 2023-03-18 04:20:54 --> Object of class CodeIgniter\Database\MySQLi\Builder could not be converted to string
in APPPATH/Controllers/Customers.php on line 44.
 1 SYSTEMPATH/CodeIgniter.php(934): App\Controllers\Customers->customer_get()
 2 SYSTEMPATH/CodeIgniter.php(499): CodeIgniter\CodeIgniter->runController()
 3 SYSTEMPATH/CodeIgniter.php(368): CodeIgniter\CodeIgniter->handleRequest()
 4 FCPATH/index.php(67): CodeIgniter\CodeIgniter->run()
CRITICAL - 2023-03-18 04:21:11 --> json_decode(): Argument #1 ($json) must be of type string, CodeIgniter\Database\MySQLi\Builder given
in APPPATH/Controllers/Customers.php on line 44.
 1 APPPATH/Controllers/Customers.php(44): json_decode()
 2 SYSTEMPATH/CodeIgniter.php(934): App\Controllers\Customers->customer_get()
 3 SYSTEMPATH/CodeIgniter.php(499): CodeIgniter\CodeIgniter->runController()
 4 SYSTEMPATH/CodeIgniter.php(368): CodeIgniter\CodeIgniter->handleRequest()
 5 FCPATH/index.php(67): CodeIgniter\CodeIgniter->run()
CRITICAL - 2023-03-18 04:21:13 --> json_decode(): Argument #1 ($json) must be of type string, CodeIgniter\Database\MySQLi\Builder given
in APPPATH/Controllers/Customers.php on line 44.
 1 APPPATH/Controllers/Customers.php(44): json_decode()
 2 SYSTEMPATH/CodeIgniter.php(934): App\Controllers\Customers->customer_get()
 3 SYSTEMPATH/CodeIgniter.php(499): CodeIgniter\CodeIgniter->runController()
 4 SYSTEMPATH/CodeIgniter.php(368): CodeIgniter\CodeIgniter->handleRequest()
 5 FCPATH/index.php(67): CodeIgniter\CodeIgniter->run()
CRITICAL - 2023-03-18 04:21:19 --> json_decode(): Argument #1 ($json) must be of type string, CodeIgniter\Database\MySQLi\Builder given
in APPPATH/Controllers/Customers.php on line 44.
 1 APPPATH/Controllers/Customers.php(44): json_decode()
 2 SYSTEMPATH/CodeIgniter.php(934): App\Controllers\Customers->customer_get()
 3 SYSTEMPATH/CodeIgniter.php(499): CodeIgniter\CodeIgniter->runController()
 4 SYSTEMPATH/CodeIgniter.php(368): CodeIgniter\CodeIgniter->handleRequest()
 5 FCPATH/index.php(67): CodeIgniter\CodeIgniter->run()
CRITICAL - 2023-03-18 04:21:20 --> json_decode(): Argument #1 ($json) must be of type string, CodeIgniter\Database\MySQLi\Builder given
in APPPATH/Controllers/Customers.php on line 44.
 1 APPPATH/Controllers/Customers.php(44): json_decode()
 2 SYSTEMPATH/CodeIgniter.php(934): App\Controllers\Customers->customer_get()
 3 SYSTEMPATH/CodeIgniter.php(499): CodeIgniter\CodeIgniter->runController()
 4 SYSTEMPATH/CodeIgniter.php(368): CodeIgniter\CodeIgniter->handleRequest()
 5 FCPATH/index.php(67): CodeIgniter\CodeIgniter->run()
CRITICAL - 2023-03-18 04:21:41 --> syntax error, unexpected identifier "inserted", expecting ";"
in APPPATH/Models/Customer_model.php on line 31.
 1 SYSTEMPATH/Autoloader/Autoloader.php(289): CodeIgniter\Autoloader\Autoloader->includeFile()
 2 SYSTEMPATH/Autoloader/Autoloader.php(267): CodeIgniter\Autoloader\Autoloader->loadInNamespace()
 3 APPPATH/Controllers/Customers.php(19): CodeIgniter\Autoloader\Autoloader->loadClass()
 4 SYSTEMPATH/CodeIgniter.php(906): App\Controllers\Customers->__construct()
 5 SYSTEMPATH/CodeIgniter.php(490): CodeIgniter\CodeIgniter->createController()
 6 SYSTEMPATH/CodeIgniter.php(368): CodeIgniter\CodeIgniter->handleRequest()
 7 FCPATH/index.php(67): CodeIgniter\CodeIgniter->run()
CRITICAL - 2023-03-18 04:22:32 --> Array to string conversion
in APPPATH/Controllers/Customers.php on line 44.
 1 APPPATH/Controllers/Customers.php(44): CodeIgniter\Debug\Exceptions->errorHandler()
 2 SYSTEMPATH/CodeIgniter.php(934): App\Controllers\Customers->customer_get()
 3 SYSTEMPATH/CodeIgniter.php(499): CodeIgniter\CodeIgniter->runController()
 4 SYSTEMPATH/CodeIgniter.php(368): CodeIgniter\CodeIgniter->handleRequest()
 5 FCPATH/index.php(67): CodeIgniter\CodeIgniter->run()
CRITICAL - 2023-03-18 04:22:35 --> Array to string conversion
in APPPATH/Controllers/Customers.php on line 44.
 1 APPPATH/Controllers/Customers.php(44): CodeIgniter\Debug\Exceptions->errorHandler()
 2 SYSTEMPATH/CodeIgniter.php(934): App\Controllers\Customers->customer_get()
 3 SYSTEMPATH/CodeIgniter.php(499): CodeIgniter\CodeIgniter->runController()
 4 SYSTEMPATH/CodeIgniter.php(368): CodeIgniter\CodeIgniter->handleRequest()
 5 FCPATH/index.php(67): CodeIgniter\CodeIgniter->run()
CRITICAL - 2023-03-18 04:23:10 --> Object of class stdClass could not be converted to string
in APPPATH/Controllers/Customers.php on line 44.
 1 SYSTEMPATH/CodeIgniter.php(934): App\Controllers\Customers->customer_get()
 2 SYSTEMPATH/CodeIgniter.php(499): CodeIgniter\CodeIgniter->runController()
 3 SYSTEMPATH/CodeIgniter.php(368): CodeIgniter\CodeIgniter->handleRequest()
 4 FCPATH/index.php(67): CodeIgniter\CodeIgniter->run()
CRITICAL - 2023-03-18 04:23:13 --> Object of class stdClass could not be converted to string
in APPPATH/Controllers/Customers.php on line 44.
 1 SYSTEMPATH/CodeIgniter.php(934): App\Controllers\Customers->customer_get()
 2 SYSTEMPATH/CodeIgniter.php(499): CodeIgniter\CodeIgniter->runController()
 3 SYSTEMPATH/CodeIgniter.php(368): CodeIgniter\CodeIgniter->handleRequest()
 4 FCPATH/index.php(67): CodeIgniter\CodeIgniter->run()
CRITICAL - 2023-03-18 04:23:21 --> Object of class stdClass could not be converted to string
in APPPATH/Controllers/Customers.php on line 44.
 1 SYSTEMPATH/CodeIgniter.php(934): App\Controllers\Customers->customer_get()
 2 SYSTEMPATH/CodeIgniter.php(499): CodeIgniter\CodeIgniter->runController()
 3 SYSTEMPATH/CodeIgniter.php(368): CodeIgniter\CodeIgniter->handleRequest()
 4 FCPATH/index.php(67): CodeIgniter\CodeIgniter->run()
CRITICAL - 2023-03-18 04:23:33 --> Array to string conversion
in APPPATH/Controllers/Customers.php on line 44.
 1 APPPATH/Controllers/Customers.php(44): CodeIgniter\Debug\Exceptions->errorHandler()
 2 SYSTEMPATH/CodeIgniter.php(934): App\Controllers\Customers->customer_get()
 3 SYSTEMPATH/CodeIgniter.php(499): CodeIgniter\CodeIgniter->runController()
 4 SYSTEMPATH/CodeIgniter.php(368): CodeIgniter\CodeIgniter->handleRequest()
 5 FCPATH/index.php(67): CodeIgniter\CodeIgniter->run()
CRITICAL - 2023-03-18 04:23:52 --> CodeIgniter\Database\BaseResult::getRow(): Argument #2 ($type) must be of type string, App\Models\Customer_model given, called in /app/myapp/app/Models/Customer_model.php on line 23
in SYSTEMPATH/Database/BaseResult.php on line 256.
 1 APPPATH/Models/Customer_model.php(23): CodeIgniter\Database\BaseResult->getRow()
 2 APPPATH/Controllers/Customers.php(40): App\Models\Customer_model->get_customer()
 3 SYSTEMPATH/CodeIgniter.php(934): App\Controllers\Customers->customer_get()
 4 SYSTEMPATH/CodeIgniter.php(499): CodeIgniter\CodeIgniter->runController()
 5 SYSTEMPATH/CodeIgniter.php(368): CodeIgniter\CodeIgniter->handleRequest()
 6 FCPATH/index.php(67): CodeIgniter\CodeIgniter->run()
CRITICAL - 2023-03-18 04:23:54 --> CodeIgniter\Database\BaseResult::getRow(): Argument #2 ($type) must be of type string, App\Models\Customer_model given, called in /app/myapp/app/Models/Customer_model.php on line 23
in SYSTEMPATH/Database/BaseResult.php on line 256.
 1 APPPATH/Models/Customer_model.php(23): CodeIgniter\Database\BaseResult->getRow()
 2 APPPATH/Controllers/Customers.php(40): App\Models\Customer_model->get_customer()
 3 SYSTEMPATH/CodeIgniter.php(934): App\Controllers\Customers->customer_get()
 4 SYSTEMPATH/CodeIgniter.php(499): CodeIgniter\CodeIgniter->runController()
 5 SYSTEMPATH/CodeIgniter.php(368): CodeIgniter\CodeIgniter->handleRequest()
 6 FCPATH/index.php(67): CodeIgniter\CodeIgniter->run()
CRITICAL - 2023-03-18 04:34:41 --> CodeIgniter\Database\BaseResult::getRow(): Argument #2 ($type) must be of type string, App\Models\Customer_model given, called in /app/myapp/app/Models/Customer_model.php on line 23
in SYSTEMPATH/Database/BaseResult.php on line 256.
 1 APPPATH/Models/Customer_model.php(23): CodeIgniter\Database\BaseResult->getRow()
 2 APPPATH/Controllers/Customers.php(40): App\Models\Customer_model->get_customer()
 3 SYSTEMPATH/CodeIgniter.php(934): App\Controllers\Customers->customer_get()
 4 SYSTEMPATH/CodeIgniter.php(499): CodeIgniter\CodeIgniter->runController()
 5 SYSTEMPATH/CodeIgniter.php(368): CodeIgniter\CodeIgniter->handleRequest()
 6 FCPATH/index.php(67): CodeIgniter\CodeIgniter->run()
CRITICAL - 2023-03-18 04:35:55 --> CodeIgniter\Database\BaseResult::getRow(): Argument #2 ($type) must be of type string, App\Models\Customer_model given, called in /app/myapp/app/Models/Customer_model.php on line 25
in SYSTEMPATH/Database/BaseResult.php on line 256.
 1 APPPATH/Models/Customer_model.php(25): CodeIgniter\Database\BaseResult->getRow()
 2 APPPATH/Controllers/Customers.php(40): App\Models\Customer_model->get_customer()
 3 SYSTEMPATH/CodeIgniter.php(934): App\Controllers\Customers->customer_get()
 4 SYSTEMPATH/CodeIgniter.php(499): CodeIgniter\CodeIgniter->runController()
 5 SYSTEMPATH/CodeIgniter.php(368): CodeIgniter\CodeIgniter->handleRequest()
 6 FCPATH/index.php(67): CodeIgniter\CodeIgniter->run()
CRITICAL - 2023-03-18 04:36:12 --> CodeIgniter\Database\BaseResult::getRow(): Argument #2 ($type) must be of type string, App\Models\Customer_model given, called in /app/myapp/app/Models/Customer_model.php on line 25
in SYSTEMPATH/Database/BaseResult.php on line 256.
 1 APPPATH/Models/Customer_model.php(25): CodeIgniter\Database\BaseResult->getRow()
 2 APPPATH/Controllers/Customers.php(40): App\Models\Customer_model->get_customer()
 3 SYSTEMPATH/CodeIgniter.php(934): App\Controllers\Customers->customer_get()
 4 SYSTEMPATH/CodeIgniter.php(499): CodeIgniter\CodeIgniter->runController()
 5 SYSTEMPATH/CodeIgniter.php(368): CodeIgniter\CodeIgniter->handleRequest()
 6 FCPATH/index.php(67): CodeIgniter\CodeIgniter->run()
CRITICAL - 2023-03-18 04:36:14 --> CodeIgniter\Database\BaseResult::getRow(): Argument #2 ($type) must be of type string, App\Models\Customer_model given, called in /app/myapp/app/Models/Customer_model.php on line 25
in SYSTEMPATH/Database/BaseResult.php on line 256.
 1 APPPATH/Models/Customer_model.php(25): CodeIgniter\Database\BaseResult->getRow()
 2 APPPATH/Controllers/Customers.php(40): App\Models\Customer_model->get_customer()
 3 SYSTEMPATH/CodeIgniter.php(934): App\Controllers\Customers->customer_get()
 4 SYSTEMPATH/CodeIgniter.php(499): CodeIgniter\CodeIgniter->runController()
 5 SYSTEMPATH/CodeIgniter.php(368): CodeIgniter\CodeIgniter->handleRequest()
 6 FCPATH/index.php(67): CodeIgniter\CodeIgniter->run()
CRITICAL - 2023-03-18 04:37:04 --> CodeIgniter\Database\BaseResult::getRow(): Argument #2 ($type) must be of type string, App\Models\Customer_model given, called in /app/myapp/app/Models/Customer_model.php on line 25
in SYSTEMPATH/Database/BaseResult.php on line 256.
 1 APPPATH/Models/Customer_model.php(25): CodeIgniter\Database\BaseResult->getRow()
 2 APPPATH/Controllers/Customers.php(40): App\Models\Customer_model->get_customer()
 3 SYSTEMPATH/CodeIgniter.php(934): App\Controllers\Customers->customer_get()
 4 SYSTEMPATH/CodeIgniter.php(499): CodeIgniter\CodeIgniter->runController()
 5 SYSTEMPATH/CodeIgniter.php(368): CodeIgniter\CodeIgniter->handleRequest()
 6 FCPATH/index.php(67): CodeIgniter\CodeIgniter->run()
CRITICAL - 2023-03-18 04:37:21 --> Object of class stdClass could not be converted to string
in APPPATH/Controllers/Customers.php on line 44.
 1 SYSTEMPATH/CodeIgniter.php(934): App\Controllers\Customers->customer_get()
 2 SYSTEMPATH/CodeIgniter.php(499): CodeIgniter\CodeIgniter->runController()
 3 SYSTEMPATH/CodeIgniter.php(368): CodeIgniter\CodeIgniter->handleRequest()
 4 FCPATH/index.php(67): CodeIgniter\CodeIgniter->run()
CRITICAL - 2023-03-18 04:37:55 --> syntax error, unexpected variable "$db", expecting "function" or "const"
in APPPATH/Models/Customer_model.php on line 10.
 1 SYSTEMPATH/Autoloader/Autoloader.php(289): CodeIgniter\Autoloader\Autoloader->includeFile()
 2 SYSTEMPATH/Autoloader/Autoloader.php(267): CodeIgniter\Autoloader\Autoloader->loadInNamespace()
 3 APPPATH/Controllers/Customers.php(19): CodeIgniter\Autoloader\Autoloader->loadClass()
 4 SYSTEMPATH/CodeIgniter.php(906): App\Controllers\Customers->__construct()
 5 SYSTEMPATH/CodeIgniter.php(490): CodeIgniter\CodeIgniter->createController()
 6 SYSTEMPATH/CodeIgniter.php(368): CodeIgniter\CodeIgniter->handleRequest()
 7 FCPATH/index.php(67): CodeIgniter\CodeIgniter->run()
CRITICAL - 2023-03-18 04:38:27 --> Constant expression contains invalid operations
in APPPATH/Models/Customer_model.php on line 10.
 1 [internal function]: CodeIgniter\Debug\Exceptions->shutdownHandler()
CRITICAL - 2023-03-18 04:38:28 --> Constant expression contains invalid operations
in APPPATH/Models/Customer_model.php on line 10.
 1 [internal function]: CodeIgniter\Debug\Exceptions->shutdownHandler()
CRITICAL - 2023-03-18 04:39:00 --> Constant expression contains invalid operations
in APPPATH/Models/Customer_model.php on line 10.
 1 [internal function]: CodeIgniter\Debug\Exceptions->shutdownHandler()
CRITICAL - 2023-03-18 04:39:01 --> Constant expression contains invalid operations
in APPPATH/Models/Customer_model.php on line 10.
 1 [internal function]: CodeIgniter\Debug\Exceptions->shutdownHandler()
CRITICAL - 2023-03-18 04:39:46 --> Object of class CodeIgniter\HTTP\Response could not be converted to string
in APPPATH/Controllers/Customers.php on line 42.
 1 SYSTEMPATH/CodeIgniter.php(934): App\Controllers\Customers->customer_get()
 2 SYSTEMPATH/CodeIgniter.php(499): CodeIgniter\CodeIgniter->runController()
 3 SYSTEMPATH/CodeIgniter.php(368): CodeIgniter\CodeIgniter->handleRequest()
 4 FCPATH/index.php(67): CodeIgniter\CodeIgniter->run()
CRITICAL - 2023-03-18 04:39:48 --> Object of class CodeIgniter\HTTP\Response could not be converted to string
in APPPATH/Controllers/Customers.php on line 42.
 1 SYSTEMPATH/CodeIgniter.php(934): App\Controllers\Customers->customer_get()
 2 SYSTEMPATH/CodeIgniter.php(499): CodeIgniter\CodeIgniter->runController()
 3 SYSTEMPATH/CodeIgniter.php(368): CodeIgniter\CodeIgniter->handleRequest()
 4 FCPATH/index.php(67): CodeIgniter\CodeIgniter->run()
CRITICAL - 2023-03-18 04:39:53 --> Object of class CodeIgniter\HTTP\Response could not be converted to string
in APPPATH/Controllers/Customers.php on line 42.
 1 SYSTEMPATH/CodeIgniter.php(934): App\Controllers\Customers->customer_get()
 2 SYSTEMPATH/CodeIgniter.php(499): CodeIgniter\CodeIgniter->runController()
 3 SYSTEMPATH/CodeIgniter.php(368): CodeIgniter\CodeIgniter->handleRequest()
 4 FCPATH/index.php(67): CodeIgniter\CodeIgniter->run()
CRITICAL - 2023-03-18 04:51:35 --> syntax error, unexpected token ")"
in APPPATH/Controllers/Customers.php on line 44.
 1 SYSTEMPATH/Autoloader/Autoloader.php(289): CodeIgniter\Autoloader\Autoloader->includeFile()
 2 SYSTEMPATH/Autoloader/Autoloader.php(267): CodeIgniter\Autoloader\Autoloader->loadInNamespace()
 3 [internal function]: CodeIgniter\Autoloader\Autoloader->loadClass()
 4 SYSTEMPATH/CodeIgniter.php(892): class_exists()
 5 SYSTEMPATH/CodeIgniter.php(486): CodeIgniter\CodeIgniter->startController()
 6 SYSTEMPATH/CodeIgniter.php(368): CodeIgniter\CodeIgniter->handleRequest()
 7 FCPATH/index.php(67): CodeIgniter\CodeIgniter->run()
CRITICAL - 2023-03-18 04:51:37 --> syntax error, unexpected token ")"
in APPPATH/Controllers/Customers.php on line 44.
 1 SYSTEMPATH/Autoloader/Autoloader.php(289): CodeIgniter\Autoloader\Autoloader->includeFile()
 2 SYSTEMPATH/Autoloader/Autoloader.php(267): CodeIgniter\Autoloader\Autoloader->loadInNamespace()
 3 [internal function]: CodeIgniter\Autoloader\Autoloader->loadClass()
 4 SYSTEMPATH/CodeIgniter.php(892): class_exists()
 5 SYSTEMPATH/CodeIgniter.php(486): CodeIgniter\CodeIgniter->startController()
 6 SYSTEMPATH/CodeIgniter.php(368): CodeIgniter\CodeIgniter->handleRequest()
 7 FCPATH/index.php(67): CodeIgniter\CodeIgniter->run()
CRITICAL - 2023-03-18 04:51:41 --> syntax error, unexpected token ")"
in APPPATH/Controllers/Customers.php on line 44.
 1 SYSTEMPATH/Autoloader/Autoloader.php(289): CodeIgniter\Autoloader\Autoloader->includeFile()
 2 SYSTEMPATH/Autoloader/Autoloader.php(267): CodeIgniter\Autoloader\Autoloader->loadInNamespace()
 3 [internal function]: CodeIgniter\Autoloader\Autoloader->loadClass()
 4 SYSTEMPATH/CodeIgniter.php(892): class_exists()
 5 SYSTEMPATH/CodeIgniter.php(486): CodeIgniter\CodeIgniter->startController()
 6 SYSTEMPATH/CodeIgniter.php(368): CodeIgniter\CodeIgniter->handleRequest()
 7 FCPATH/index.php(67): CodeIgniter\CodeIgniter->run()
CRITICAL - 2023-03-18 04:51:45 --> syntax error, unexpected token ")"
in APPPATH/Controllers/Customers.php on line 44.
 1 SYSTEMPATH/Autoloader/Autoloader.php(289): CodeIgniter\Autoloader\Autoloader->includeFile()
 2 SYSTEMPATH/Autoloader/Autoloader.php(267): CodeIgniter\Autoloader\Autoloader->loadInNamespace()
 3 [internal function]: CodeIgniter\Autoloader\Autoloader->loadClass()
 4 SYSTEMPATH/CodeIgniter.php(892): class_exists()
 5 SYSTEMPATH/CodeIgniter.php(486): CodeIgniter\CodeIgniter->startController()
 6 SYSTEMPATH/CodeIgniter.php(368): CodeIgniter\CodeIgniter->handleRequest()
 7 FCPATH/index.php(67): CodeIgniter\CodeIgniter->run()
CRITICAL - 2023-03-18 04:52:05 --> syntax error, unexpected token ")"
in APPPATH/Controllers/Customers.php on line 44.
 1 SYSTEMPATH/Autoloader/Autoloader.php(289): CodeIgniter\Autoloader\Autoloader->includeFile()
 2 SYSTEMPATH/Autoloader/Autoloader.php(267): CodeIgniter\Autoloader\Autoloader->loadInNamespace()
 3 [internal function]: CodeIgniter\Autoloader\Autoloader->loadClass()
 4 SYSTEMPATH/CodeIgniter.php(892): class_exists()
 5 SYSTEMPATH/CodeIgniter.php(486): CodeIgniter\CodeIgniter->startController()
 6 SYSTEMPATH/CodeIgniter.php(368): CodeIgniter\CodeIgniter->handleRequest()
 7 FCPATH/index.php(67): CodeIgniter\CodeIgniter->run()
CRITICAL - 2023-03-18 04:52:07 --> syntax error, unexpected token ")"
in APPPATH/Controllers/Customers.php on line 44.
 1 SYSTEMPATH/Autoloader/Autoloader.php(289): CodeIgniter\Autoloader\Autoloader->includeFile()
 2 SYSTEMPATH/Autoloader/Autoloader.php(267): CodeIgniter\Autoloader\Autoloader->loadInNamespace()
 3 [internal function]: CodeIgniter\Autoloader\Autoloader->loadClass()
 4 SYSTEMPATH/CodeIgniter.php(892): class_exists()
 5 SYSTEMPATH/CodeIgniter.php(486): CodeIgniter\CodeIgniter->startController()
 6 SYSTEMPATH/CodeIgniter.php(368): CodeIgniter\CodeIgniter->handleRequest()
 7 FCPATH/index.php(67): CodeIgniter\CodeIgniter->run()
CRITICAL - 2023-03-18 04:52:08 --> syntax error, unexpected token ")"
in APPPATH/Controllers/Customers.php on line 44.
 1 SYSTEMPATH/Autoloader/Autoloader.php(289): CodeIgniter\Autoloader\Autoloader->includeFile()
 2 SYSTEMPATH/Autoloader/Autoloader.php(267): CodeIgniter\Autoloader\Autoloader->loadInNamespace()
 3 [internal function]: CodeIgniter\Autoloader\Autoloader->loadClass()
 4 SYSTEMPATH/CodeIgniter.php(892): class_exists()
 5 SYSTEMPATH/CodeIgniter.php(486): CodeIgniter\CodeIgniter->startController()
 6 SYSTEMPATH/CodeIgniter.php(368): CodeIgniter\CodeIgniter->handleRequest()
 7 FCPATH/index.php(67): CodeIgniter\CodeIgniter->run()
CRITICAL - 2023-03-18 04:55:49 --> syntax error, unexpected token "}", expecting ";"
in APPPATH/Controllers/Customers.php on line 47.
 1 SYSTEMPATH/Autoloader/Autoloader.php(289): CodeIgniter\Autoloader\Autoloader->includeFile()
 2 SYSTEMPATH/Autoloader/Autoloader.php(267): CodeIgniter\Autoloader\Autoloader->loadInNamespace()
 3 [internal function]: CodeIgniter\Autoloader\Autoloader->loadClass()
 4 SYSTEMPATH/CodeIgniter.php(892): class_exists()
 5 SYSTEMPATH/CodeIgniter.php(486): CodeIgniter\CodeIgniter->startController()
 6 SYSTEMPATH/CodeIgniter.php(368): CodeIgniter\CodeIgniter->handleRequest()
 7 FCPATH/index.php(67): CodeIgniter\CodeIgniter->run()
CRITICAL - 2023-03-18 04:55:54 --> syntax error, unexpected token "}", expecting ";"
in APPPATH/Controllers/Customers.php on line 47.
 1 SYSTEMPATH/Autoloader/Autoloader.php(289): CodeIgniter\Autoloader\Autoloader->includeFile()
 2 SYSTEMPATH/Autoloader/Autoloader.php(267): CodeIgniter\Autoloader\Autoloader->loadInNamespace()
 3 [internal function]: CodeIgniter\Autoloader\Autoloader->loadClass()
 4 SYSTEMPATH/CodeIgniter.php(892): class_exists()
 5 SYSTEMPATH/CodeIgniter.php(486): CodeIgniter\CodeIgniter->startController()
 6 SYSTEMPATH/CodeIgniter.php(368): CodeIgniter\CodeIgniter->handleRequest()
 7 FCPATH/index.php(67): CodeIgniter\CodeIgniter->run()
CRITICAL - 2023-03-18 04:56:04 --> Call to undefined method App\Controllers\Customers::response()
in APPPATH/Controllers/Customers.php on line 46.
 1 SYSTEMPATH/CodeIgniter.php(934): App\Controllers\Customers->customer_get()
 2 SYSTEMPATH/CodeIgniter.php(499): CodeIgniter\CodeIgniter->runController()
 3 SYSTEMPATH/CodeIgniter.php(368): CodeIgniter\CodeIgniter->handleRequest()
 4 FCPATH/index.php(67): CodeIgniter\CodeIgniter->run()
CRITICAL - 2023-03-18 04:56:05 --> Call to undefined method App\Controllers\Customers::response()
in APPPATH/Controllers/Customers.php on line 46.
 1 SYSTEMPATH/CodeIgniter.php(934): App\Controllers\Customers->customer_get()
 2 SYSTEMPATH/CodeIgniter.php(499): CodeIgniter\CodeIgniter->runController()
 3 SYSTEMPATH/CodeIgniter.php(368): CodeIgniter\CodeIgniter->handleRequest()
 4 FCPATH/index.php(67): CodeIgniter\CodeIgniter->run()
CRITICAL - 2023-03-18 05:02:46 --> Attempt to read property "id" on array
in APPPATH/Models/Customer_model.php on line 32.
 1 APPPATH/Models/Customer_model.php(32): CodeIgniter\Debug\Exceptions->errorHandler()
 2 APPPATH/Controllers/Customers.php(42): App\Models\Customer_model->get_customer()
 3 SYSTEMPATH/CodeIgniter.php(934): App\Controllers\Customers->customer_get()
 4 SYSTEMPATH/CodeIgniter.php(499): CodeIgniter\CodeIgniter->runController()
 5 SYSTEMPATH/CodeIgniter.php(368): CodeIgniter\CodeIgniter->handleRequest()
 6 FCPATH/index.php(67): CodeIgniter\CodeIgniter->run()
CRITICAL - 2023-03-18 05:03:15 --> Attempt to read property "id" on array
in APPPATH/Models/Customer_model.php on line 32.
 1 APPPATH/Models/Customer_model.php(32): CodeIgniter\Debug\Exceptions->errorHandler()
 2 APPPATH/Controllers/Customers.php(42): App\Models\Customer_model->get_customer()
 3 SYSTEMPATH/CodeIgniter.php(934): App\Controllers\Customers->customer_get()
 4 SYSTEMPATH/CodeIgniter.php(499): CodeIgniter\CodeIgniter->runController()
 5 SYSTEMPATH/CodeIgniter.php(368): CodeIgniter\CodeIgniter->handleRequest()
 6 FCPATH/index.php(67): CodeIgniter\CodeIgniter->run()
CRITICAL - 2023-03-18 19:52:15 --> Call to undefined method CodeIgniter\HTTP\URI::segment()
in APPPATH/Controllers/Customers.php on line 54.
 1 SYSTEMPATH/CodeIgniter.php(934): App\Controllers\Customers->paginate_get()
 2 SYSTEMPATH/CodeIgniter.php(499): CodeIgniter\CodeIgniter->runController()
 3 SYSTEMPATH/CodeIgniter.php(368): CodeIgniter\CodeIgniter->handleRequest()
 4 FCPATH/index.php(67): CodeIgniter\CodeIgniter->run()
CRITICAL - 2023-03-18 19:52:29 --> Call to undefined method CodeIgniter\HTTP\URI::segment()
in APPPATH/Controllers/Customers.php on line 54.
 1 SYSTEMPATH/CodeIgniter.php(934): App\Controllers\Customers->paginate_get()
 2 SYSTEMPATH/CodeIgniter.php(499): CodeIgniter\CodeIgniter->runController()
 3 SYSTEMPATH/CodeIgniter.php(368): CodeIgniter\CodeIgniter->handleRequest()
 4 FCPATH/index.php(67): CodeIgniter\CodeIgniter->run()
CRITICAL - 2023-03-18 19:53:09 --> syntax error, unexpected token "}", expecting "," or ";"
in APPPATH/Controllers/Customers.php on line 62.
 1 SYSTEMPATH/Autoloader/Autoloader.php(289): CodeIgniter\Autoloader\Autoloader->includeFile()
 2 SYSTEMPATH/Autoloader/Autoloader.php(267): CodeIgniter\Autoloader\Autoloader->loadInNamespace()
 3 [internal function]: CodeIgniter\Autoloader\Autoloader->loadClass()
 4 SYSTEMPATH/CodeIgniter.php(892): class_exists()
 5 SYSTEMPATH/CodeIgniter.php(486): CodeIgniter\CodeIgniter->startController()
 6 SYSTEMPATH/CodeIgniter.php(368): CodeIgniter\CodeIgniter->handleRequest()
 7 FCPATH/index.php(67): CodeIgniter\CodeIgniter->run()
CRITICAL - 2023-03-18 19:53:42 --> syntax error, unexpected token "}", expecting "," or ";"
in APPPATH/Controllers/Customers.php on line 62.
 1 SYSTEMPATH/Autoloader/Autoloader.php(289): CodeIgniter\Autoloader\Autoloader->includeFile()
 2 SYSTEMPATH/Autoloader/Autoloader.php(267): CodeIgniter\Autoloader\Autoloader->loadInNamespace()
 3 [internal function]: CodeIgniter\Autoloader\Autoloader->loadClass()
 4 SYSTEMPATH/CodeIgniter.php(892): class_exists()
 5 SYSTEMPATH/CodeIgniter.php(486): CodeIgniter\CodeIgniter->startController()
 6 SYSTEMPATH/CodeIgniter.php(368): CodeIgniter\CodeIgniter->handleRequest()
 7 FCPATH/index.php(67): CodeIgniter\CodeIgniter->run()
CRITICAL - 2023-03-18 19:53:58 --> syntax error, unexpected token "}", expecting "," or ";"
in APPPATH/Controllers/Customers.php on line 62.
 1 SYSTEMPATH/Autoloader/Autoloader.php(289): CodeIgniter\Autoloader\Autoloader->includeFile()
 2 SYSTEMPATH/Autoloader/Autoloader.php(267): CodeIgniter\Autoloader\Autoloader->loadInNamespace()
 3 [internal function]: CodeIgniter\Autoloader\Autoloader->loadClass()
 4 SYSTEMPATH/CodeIgniter.php(892): class_exists()
 5 SYSTEMPATH/CodeIgniter.php(486): CodeIgniter\CodeIgniter->startController()
 6 SYSTEMPATH/CodeIgniter.php(368): CodeIgniter\CodeIgniter->handleRequest()
 7 FCPATH/index.php(67): CodeIgniter\CodeIgniter->run()
CRITICAL - 2023-03-18 19:54:00 --> syntax error, unexpected token "}", expecting "," or ";"
in APPPATH/Controllers/Customers.php on line 62.
 1 SYSTEMPATH/Autoloader/Autoloader.php(289): CodeIgniter\Autoloader\Autoloader->includeFile()
 2 SYSTEMPATH/Autoloader/Autoloader.php(267): CodeIgniter\Autoloader\Autoloader->loadInNamespace()
 3 [internal function]: CodeIgniter\Autoloader\Autoloader->loadClass()
 4 SYSTEMPATH/CodeIgniter.php(892): class_exists()
 5 SYSTEMPATH/CodeIgniter.php(486): CodeIgniter\CodeIgniter->startController()
 6 SYSTEMPATH/CodeIgniter.php(368): CodeIgniter\CodeIgniter->handleRequest()
 7 FCPATH/index.php(67): CodeIgniter\CodeIgniter->run()
CRITICAL - 2023-03-18 19:54:14 --> syntax error, unexpected token "}", expecting "," or ";"
in APPPATH/Controllers/Customers.php on line 62.
 1 SYSTEMPATH/Autoloader/Autoloader.php(289): CodeIgniter\Autoloader\Autoloader->includeFile()
 2 SYSTEMPATH/Autoloader/Autoloader.php(267): CodeIgniter\Autoloader\Autoloader->loadInNamespace()
 3 [internal function]: CodeIgniter\Autoloader\Autoloader->loadClass()
 4 SYSTEMPATH/CodeIgniter.php(892): class_exists()
 5 SYSTEMPATH/CodeIgniter.php(486): CodeIgniter\CodeIgniter->startController()
 6 SYSTEMPATH/CodeIgniter.php(368): CodeIgniter\CodeIgniter->handleRequest()
 7 FCPATH/index.php(67): CodeIgniter\CodeIgniter->run()
CRITICAL - 2023-03-18 19:54:14 --> syntax error, unexpected token "}", expecting "," or ";"
in APPPATH/Controllers/Customers.php on line 62.
 1 SYSTEMPATH/Autoloader/Autoloader.php(289): CodeIgniter\Autoloader\Autoloader->includeFile()
 2 SYSTEMPATH/Autoloader/Autoloader.php(267): CodeIgniter\Autoloader\Autoloader->loadInNamespace()
 3 [internal function]: CodeIgniter\Autoloader\Autoloader->loadClass()
 4 SYSTEMPATH/CodeIgniter.php(892): class_exists()
 5 SYSTEMPATH/CodeIgniter.php(486): CodeIgniter\CodeIgniter->startController()
 6 SYSTEMPATH/CodeIgniter.php(368): CodeIgniter\CodeIgniter->handleRequest()
 7 FCPATH/index.php(67): CodeIgniter\CodeIgniter->run()
CRITICAL - 2023-03-18 19:54:23 --> syntax error, unexpected token "}", expecting "," or ";"
in APPPATH/Controllers/Customers.php on line 62.
 1 SYSTEMPATH/Autoloader/Autoloader.php(289): CodeIgniter\Autoloader\Autoloader->includeFile()
 2 SYSTEMPATH/Autoloader/Autoloader.php(267): CodeIgniter\Autoloader\Autoloader->loadInNamespace()
 3 [internal function]: CodeIgniter\Autoloader\Autoloader->loadClass()
 4 SYSTEMPATH/CodeIgniter.php(892): class_exists()
 5 SYSTEMPATH/CodeIgniter.php(486): CodeIgniter\CodeIgniter->startController()
 6 SYSTEMPATH/CodeIgniter.php(368): CodeIgniter\CodeIgniter->handleRequest()
 7 FCPATH/index.php(67): CodeIgniter\CodeIgniter->run()
CRITICAL - 2023-03-18 19:54:30 --> syntax error, unexpected token "}", expecting "," or ";"
in APPPATH/Controllers/Customers.php on line 62.
 1 SYSTEMPATH/Autoloader/Autoloader.php(289): CodeIgniter\Autoloader\Autoloader->includeFile()
 2 SYSTEMPATH/Autoloader/Autoloader.php(267): CodeIgniter\Autoloader\Autoloader->loadInNamespace()
 3 [internal function]: CodeIgniter\Autoloader\Autoloader->loadClass()
 4 SYSTEMPATH/CodeIgniter.php(892): class_exists()
 5 SYSTEMPATH/CodeIgniter.php(486): CodeIgniter\CodeIgniter->startController()
 6 SYSTEMPATH/CodeIgniter.php(368): CodeIgniter\CodeIgniter->handleRequest()
 7 FCPATH/index.php(67): CodeIgniter\CodeIgniter->run()
CRITICAL - 2023-03-18 19:54:33 --> syntax error, unexpected token "}", expecting "," or ";"
in APPPATH/Controllers/Customers.php on line 62.
 1 SYSTEMPATH/Autoloader/Autoloader.php(289): CodeIgniter\Autoloader\Autoloader->includeFile()
 2 SYSTEMPATH/Autoloader/Autoloader.php(267): CodeIgniter\Autoloader\Autoloader->loadInNamespace()
 3 [internal function]: CodeIgniter\Autoloader\Autoloader->loadClass()
 4 SYSTEMPATH/CodeIgniter.php(892): class_exists()
 5 SYSTEMPATH/CodeIgniter.php(486): CodeIgniter\CodeIgniter->startController()
 6 SYSTEMPATH/CodeIgniter.php(368): CodeIgniter\CodeIgniter->handleRequest()
 7 FCPATH/index.php(67): CodeIgniter\CodeIgniter->run()
CRITICAL - 2023-03-18 19:55:28 --> syntax error, unexpected token "}", expecting "," or ";"
in APPPATH/Controllers/Customers.php on line 62.
 1 SYSTEMPATH/Autoloader/Autoloader.php(289): CodeIgniter\Autoloader\Autoloader->includeFile()
 2 SYSTEMPATH/Autoloader/Autoloader.php(267): CodeIgniter\Autoloader\Autoloader->loadInNamespace()
 3 [internal function]: CodeIgniter\Autoloader\Autoloader->loadClass()
 4 SYSTEMPATH/CodeIgniter.php(892): class_exists()
 5 SYSTEMPATH/CodeIgniter.php(486): CodeIgniter\CodeIgniter->startController()
 6 SYSTEMPATH/CodeIgniter.php(368): CodeIgniter\CodeIgniter->handleRequest()
 7 FCPATH/index.php(67): CodeIgniter\CodeIgniter->run()
CRITICAL - 2023-03-18 19:55:39 --> syntax error, unexpected token "}", expecting "," or ";"
in APPPATH/Controllers/Customers.php on line 62.
 1 SYSTEMPATH/Autoloader/Autoloader.php(289): CodeIgniter\Autoloader\Autoloader->includeFile()
 2 SYSTEMPATH/Autoloader/Autoloader.php(267): CodeIgniter\Autoloader\Autoloader->loadInNamespace()
 3 [internal function]: CodeIgniter\Autoloader\Autoloader->loadClass()
 4 SYSTEMPATH/CodeIgniter.php(892): class_exists()
 5 SYSTEMPATH/CodeIgniter.php(486): CodeIgniter\CodeIgniter->startController()
 6 SYSTEMPATH/CodeIgniter.php(368): CodeIgniter\CodeIgniter->handleRequest()
 7 FCPATH/index.php(67): CodeIgniter\CodeIgniter->run()
CRITICAL - 2023-03-18 19:55:41 --> syntax error, unexpected token "}", expecting "," or ";"
in APPPATH/Controllers/Customers.php on line 62.
 1 SYSTEMPATH/Autoloader/Autoloader.php(289): CodeIgniter\Autoloader\Autoloader->includeFile()
 2 SYSTEMPATH/Autoloader/Autoloader.php(267): CodeIgniter\Autoloader\Autoloader->loadInNamespace()
 3 [internal function]: CodeIgniter\Autoloader\Autoloader->loadClass()
 4 SYSTEMPATH/CodeIgniter.php(892): class_exists()
 5 SYSTEMPATH/CodeIgniter.php(486): CodeIgniter\CodeIgniter->startController()
 6 SYSTEMPATH/CodeIgniter.php(368): CodeIgniter\CodeIgniter->handleRequest()
 7 FCPATH/index.php(67): CodeIgniter\CodeIgniter->run()
CRITICAL - 2023-03-18 20:01:15 --> Unclosed '{' on line 13
in APPPATH/Controllers/Customers.php on line 68.
 1 SYSTEMPATH/Autoloader/Autoloader.php(289): CodeIgniter\Autoloader\Autoloader->includeFile()
 2 SYSTEMPATH/Autoloader/Autoloader.php(267): CodeIgniter\Autoloader\Autoloader->loadInNamespace()
 3 [internal function]: CodeIgniter\Autoloader\Autoloader->loadClass()
 4 SYSTEMPATH/CodeIgniter.php(892): class_exists()
 5 SYSTEMPATH/CodeIgniter.php(486): CodeIgniter\CodeIgniter->startController()
 6 SYSTEMPATH/CodeIgniter.php(368): CodeIgniter\CodeIgniter->handleRequest()
 7 FCPATH/index.php(67): CodeIgniter\CodeIgniter->run()
CRITICAL - 2023-03-18 20:02:03 --> Unclosed '{' on line 13
in APPPATH/Controllers/Customers.php on line 71.
 1 SYSTEMPATH/Autoloader/Autoloader.php(289): CodeIgniter\Autoloader\Autoloader->includeFile()
 2 SYSTEMPATH/Autoloader/Autoloader.php(267): CodeIgniter\Autoloader\Autoloader->loadInNamespace()
 3 [internal function]: CodeIgniter\Autoloader\Autoloader->loadClass()
 4 SYSTEMPATH/CodeIgniter.php(892): class_exists()
 5 SYSTEMPATH/CodeIgniter.php(486): CodeIgniter\CodeIgniter->startController()
 6 SYSTEMPATH/CodeIgniter.php(368): CodeIgniter\CodeIgniter->handleRequest()
 7 FCPATH/index.php(67): CodeIgniter\CodeIgniter->run()
CRITICAL - 2023-03-18 20:02:06 --> Unclosed '{' on line 13
in APPPATH/Controllers/Customers.php on line 71.
 1 SYSTEMPATH/Autoloader/Autoloader.php(289): CodeIgniter\Autoloader\Autoloader->includeFile()
 2 SYSTEMPATH/Autoloader/Autoloader.php(267): CodeIgniter\Autoloader\Autoloader->loadInNamespace()
 3 [internal function]: CodeIgniter\Autoloader\Autoloader->loadClass()
 4 SYSTEMPATH/CodeIgniter.php(892): class_exists()
 5 SYSTEMPATH/CodeIgniter.php(486): CodeIgniter\CodeIgniter->startController()
 6 SYSTEMPATH/CodeIgniter.php(368): CodeIgniter\CodeIgniter->handleRequest()
 7 FCPATH/index.php(67): CodeIgniter\CodeIgniter->run()
CRITICAL - 2023-03-18 20:02:34 --> Unclosed '{' on line 13
in APPPATH/Controllers/Customers.php on line 73.
 1 SYSTEMPATH/Autoloader/Autoloader.php(289): CodeIgniter\Autoloader\Autoloader->includeFile()
 2 SYSTEMPATH/Autoloader/Autoloader.php(267): CodeIgniter\Autoloader\Autoloader->loadInNamespace()
 3 [internal function]: CodeIgniter\Autoloader\Autoloader->loadClass()
 4 SYSTEMPATH/CodeIgniter.php(892): class_exists()
 5 SYSTEMPATH/CodeIgniter.php(486): CodeIgniter\CodeIgniter->startController()
 6 SYSTEMPATH/CodeIgniter.php(368): CodeIgniter\CodeIgniter->handleRequest()
 7 FCPATH/index.php(67): CodeIgniter\CodeIgniter->run()
CRITICAL - 2023-03-18 20:02:36 --> Unclosed '{' on line 13
in APPPATH/Controllers/Customers.php on line 73.
 1 SYSTEMPATH/Autoloader/Autoloader.php(289): CodeIgniter\Autoloader\Autoloader->includeFile()
 2 SYSTEMPATH/Autoloader/Autoloader.php(267): CodeIgniter\Autoloader\Autoloader->loadInNamespace()
 3 [internal function]: CodeIgniter\Autoloader\Autoloader->loadClass()
 4 SYSTEMPATH/CodeIgniter.php(892): class_exists()
 5 SYSTEMPATH/CodeIgniter.php(486): CodeIgniter\CodeIgniter->startController()
 6 SYSTEMPATH/CodeIgniter.php(368): CodeIgniter\CodeIgniter->handleRequest()
 7 FCPATH/index.php(67): CodeIgniter\CodeIgniter->run()
CRITICAL - 2023-03-18 20:02:50 --> Unclosed '{' on line 13
in APPPATH/Controllers/Customers.php on line 73.
 1 SYSTEMPATH/Autoloader/Autoloader.php(289): CodeIgniter\Autoloader\Autoloader->includeFile()
 2 SYSTEMPATH/Autoloader/Autoloader.php(267): CodeIgniter\Autoloader\Autoloader->loadInNamespace()
 3 [internal function]: CodeIgniter\Autoloader\Autoloader->loadClass()
 4 SYSTEMPATH/CodeIgniter.php(892): class_exists()
 5 SYSTEMPATH/CodeIgniter.php(486): CodeIgniter\CodeIgniter->startController()
 6 SYSTEMPATH/CodeIgniter.php(368): CodeIgniter\CodeIgniter->handleRequest()
 7 FCPATH/index.php(67): CodeIgniter\CodeIgniter->run()
CRITICAL - 2023-03-18 20:03:00 --> Unclosed '{' on line 13
in APPPATH/Controllers/Customers.php on line 73.
 1 SYSTEMPATH/Autoloader/Autoloader.php(289): CodeIgniter\Autoloader\Autoloader->includeFile()
 2 SYSTEMPATH/Autoloader/Autoloader.php(267): CodeIgniter\Autoloader\Autoloader->loadInNamespace()
 3 [internal function]: CodeIgniter\Autoloader\Autoloader->loadClass()
 4 SYSTEMPATH/CodeIgniter.php(892): class_exists()
 5 SYSTEMPATH/CodeIgniter.php(486): CodeIgniter\CodeIgniter->startController()
 6 SYSTEMPATH/CodeIgniter.php(368): CodeIgniter\CodeIgniter->handleRequest()
 7 FCPATH/index.php(67): CodeIgniter\CodeIgniter->run()
CRITICAL - 2023-03-18 20:03:02 --> Unclosed '{' on line 13
in APPPATH/Controllers/Customers.php on line 73.
 1 SYSTEMPATH/Autoloader/Autoloader.php(289): CodeIgniter\Autoloader\Autoloader->includeFile()
 2 SYSTEMPATH/Autoloader/Autoloader.php(267): CodeIgniter\Autoloader\Autoloader->loadInNamespace()
 3 [internal function]: CodeIgniter\Autoloader\Autoloader->loadClass()
 4 SYSTEMPATH/CodeIgniter.php(892): class_exists()
 5 SYSTEMPATH/CodeIgniter.php(486): CodeIgniter\CodeIgniter->startController()
 6 SYSTEMPATH/CodeIgniter.php(368): CodeIgniter\CodeIgniter->handleRequest()
 7 FCPATH/index.php(67): CodeIgniter\CodeIgniter->run()
CRITICAL - 2023-03-18 20:03:20 --> Unclosed '{' on line 13
in APPPATH/Controllers/Customers.php on line 73.
 1 SYSTEMPATH/Autoloader/Autoloader.php(289): CodeIgniter\Autoloader\Autoloader->includeFile()
 2 SYSTEMPATH/Autoloader/Autoloader.php(267): CodeIgniter\Autoloader\Autoloader->loadInNamespace()
 3 [internal function]: CodeIgniter\Autoloader\Autoloader->loadClass()
 4 SYSTEMPATH/CodeIgniter.php(892): class_exists()
 5 SYSTEMPATH/CodeIgniter.php(486): CodeIgniter\CodeIgniter->startController()
 6 SYSTEMPATH/CodeIgniter.php(368): CodeIgniter\CodeIgniter->handleRequest()
 7 FCPATH/index.php(67): CodeIgniter\CodeIgniter->run()
CRITICAL - 2023-03-18 20:03:21 --> Unclosed '{' on line 13
in APPPATH/Controllers/Customers.php on line 73.
 1 SYSTEMPATH/Autoloader/Autoloader.php(289): CodeIgniter\Autoloader\Autoloader->includeFile()
 2 SYSTEMPATH/Autoloader/Autoloader.php(267): CodeIgniter\Autoloader\Autoloader->loadInNamespace()
 3 [internal function]: CodeIgniter\Autoloader\Autoloader->loadClass()
 4 SYSTEMPATH/CodeIgniter.php(892): class_exists()
 5 SYSTEMPATH/CodeIgniter.php(486): CodeIgniter\CodeIgniter->startController()
 6 SYSTEMPATH/CodeIgniter.php(368): CodeIgniter\CodeIgniter->handleRequest()
 7 FCPATH/index.php(67): CodeIgniter\CodeIgniter->run()
CRITICAL - 2023-03-18 20:04:12 --> Cannot use temporary expression in write context
in APPPATH/Controllers/Customers.php on line 21.
 1 [internal function]: CodeIgniter\Debug\Exceptions->shutdownHandler()
CRITICAL - 2023-03-18 20:04:28 --> Cannot use temporary expression in write context
in APPPATH/Controllers/Customers.php on line 21.
 1 [internal function]: CodeIgniter\Debug\Exceptions->shutdownHandler()
CRITICAL - 2023-03-18 20:14:27 --> syntax error, unexpected single-quoted string "current_page", expecting ")"
in APPPATH/Controllers/Customers.php on line 88.
 1 SYSTEMPATH/Autoloader/Autoloader.php(289): CodeIgniter\Autoloader\Autoloader->includeFile()
 2 SYSTEMPATH/Autoloader/Autoloader.php(267): CodeIgniter\Autoloader\Autoloader->loadInNamespace()
 3 [internal function]: CodeIgniter\Autoloader\Autoloader->loadClass()
 4 SYSTEMPATH/CodeIgniter.php(892): class_exists()
 5 SYSTEMPATH/CodeIgniter.php(486): CodeIgniter\CodeIgniter->startController()
 6 SYSTEMPATH/CodeIgniter.php(368): CodeIgniter\CodeIgniter->handleRequest()
 7 FCPATH/index.php(67): CodeIgniter\CodeIgniter->run()
CRITICAL - 2023-03-18 20:14:28 --> syntax error, unexpected single-quoted string "current_page", expecting ")"
in APPPATH/Controllers/Customers.php on line 88.
 1 SYSTEMPATH/Autoloader/Autoloader.php(289): CodeIgniter\Autoloader\Autoloader->includeFile()
 2 SYSTEMPATH/Autoloader/Autoloader.php(267): CodeIgniter\Autoloader\Autoloader->loadInNamespace()
 3 [internal function]: CodeIgniter\Autoloader\Autoloader->loadClass()
 4 SYSTEMPATH/CodeIgniter.php(892): class_exists()
 5 SYSTEMPATH/CodeIgniter.php(486): CodeIgniter\CodeIgniter->startController()
 6 SYSTEMPATH/CodeIgniter.php(368): CodeIgniter\CodeIgniter->handleRequest()
 7 FCPATH/index.php(67): CodeIgniter\CodeIgniter->run()
CRITICAL - 2023-03-18 20:14:37 --> syntax error, unexpected single-quoted string "current_page", expecting ")"
in APPPATH/Controllers/Customers.php on line 88.
 1 SYSTEMPATH/Autoloader/Autoloader.php(289): CodeIgniter\Autoloader\Autoloader->includeFile()
 2 SYSTEMPATH/Autoloader/Autoloader.php(267): CodeIgniter\Autoloader\Autoloader->loadInNamespace()
 3 [internal function]: CodeIgniter\Autoloader\Autoloader->loadClass()
 4 SYSTEMPATH/CodeIgniter.php(892): class_exists()
 5 SYSTEMPATH/CodeIgniter.php(486): CodeIgniter\CodeIgniter->startController()
 6 SYSTEMPATH/CodeIgniter.php(368): CodeIgniter\CodeIgniter->handleRequest()
 7 FCPATH/index.php(67): CodeIgniter\CodeIgniter->run()
CRITICAL - 2023-03-18 20:15:17 --> syntax error, unexpected single-quoted string "current_page", expecting ")"
in APPPATH/Controllers/Customers.php on line 88.
 1 SYSTEMPATH/Autoloader/Autoloader.php(289): CodeIgniter\Autoloader\Autoloader->includeFile()
 2 SYSTEMPATH/Autoloader/Autoloader.php(267): CodeIgniter\Autoloader\Autoloader->loadInNamespace()
 3 [internal function]: CodeIgniter\Autoloader\Autoloader->loadClass()
 4 SYSTEMPATH/CodeIgniter.php(892): class_exists()
 5 SYSTEMPATH/CodeIgniter.php(486): CodeIgniter\CodeIgniter->startController()
 6 SYSTEMPATH/CodeIgniter.php(368): CodeIgniter\CodeIgniter->handleRequest()
 7 FCPATH/index.php(67): CodeIgniter\CodeIgniter->run()
CRITICAL - 2023-03-18 20:15:20 --> syntax error, unexpected single-quoted string "current_page", expecting ")"
in APPPATH/Controllers/Customers.php on line 88.
 1 SYSTEMPATH/Autoloader/Autoloader.php(289): CodeIgniter\Autoloader\Autoloader->includeFile()
 2 SYSTEMPATH/Autoloader/Autoloader.php(267): CodeIgniter\Autoloader\Autoloader->loadInNamespace()
 3 [internal function]: CodeIgniter\Autoloader\Autoloader->loadClass()
 4 SYSTEMPATH/CodeIgniter.php(892): class_exists()
 5 SYSTEMPATH/CodeIgniter.php(486): CodeIgniter\CodeIgniter->startController()
 6 SYSTEMPATH/CodeIgniter.php(368): CodeIgniter\CodeIgniter->handleRequest()
 7 FCPATH/index.php(67): CodeIgniter\CodeIgniter->run()
CRITICAL - 2023-03-18 20:15:20 --> syntax error, unexpected single-quoted string "current_page", expecting ")"
in APPPATH/Controllers/Customers.php on line 88.
 1 SYSTEMPATH/Autoloader/Autoloader.php(289): CodeIgniter\Autoloader\Autoloader->includeFile()
 2 SYSTEMPATH/Autoloader/Autoloader.php(267): CodeIgniter\Autoloader\Autoloader->loadInNamespace()
 3 [internal function]: CodeIgniter\Autoloader\Autoloader->loadClass()
 4 SYSTEMPATH/CodeIgniter.php(892): class_exists()
 5 SYSTEMPATH/CodeIgniter.php(486): CodeIgniter\CodeIgniter->startController()
 6 SYSTEMPATH/CodeIgniter.php(368): CodeIgniter\CodeIgniter->handleRequest()
 7 FCPATH/index.php(67): CodeIgniter\CodeIgniter->run()
CRITICAL - 2023-03-18 20:15:38 --> syntax error, unexpected single-quoted string "current_page", expecting ")"
in APPPATH/Controllers/Customers.php on line 88.
 1 SYSTEMPATH/Autoloader/Autoloader.php(289): CodeIgniter\Autoloader\Autoloader->includeFile()
 2 SYSTEMPATH/Autoloader/Autoloader.php(267): CodeIgniter\Autoloader\Autoloader->loadInNamespace()
 3 [internal function]: CodeIgniter\Autoloader\Autoloader->loadClass()
 4 SYSTEMPATH/CodeIgniter.php(892): class_exists()
 5 SYSTEMPATH/CodeIgniter.php(486): CodeIgniter\CodeIgniter->startController()
 6 SYSTEMPATH/CodeIgniter.php(368): CodeIgniter\CodeIgniter->handleRequest()
 7 FCPATH/index.php(67): CodeIgniter\CodeIgniter->run()
CRITICAL - 2023-03-18 20:30:51 --> Call to undefined method CodeIgniter\Database\Database::connect()
in APPPATH/Helpers/pagination_helper.php on line 7.
 1 APPPATH/Controllers/Customers.php(61): paginate_all()
 2 SYSTEMPATH/CodeIgniter.php(934): App\Controllers\Customers->paginate_get()
 3 SYSTEMPATH/CodeIgniter.php(499): CodeIgniter\CodeIgniter->runController()
 4 SYSTEMPATH/CodeIgniter.php(368): CodeIgniter\CodeIgniter->handleRequest()
 5 FCPATH/index.php(67): CodeIgniter\CodeIgniter->run()
CRITICAL - 2023-03-18 20:32:03 --> Call to undefined method CodeIgniter\Database\Database::connect()
in APPPATH/Helpers/pagination_helper.php on line 7.
 1 APPPATH/Controllers/Customers.php(61): paginate_all()
 2 SYSTEMPATH/CodeIgniter.php(934): App\Controllers\Customers->paginate_get()
 3 SYSTEMPATH/CodeIgniter.php(499): CodeIgniter\CodeIgniter->runController()
 4 SYSTEMPATH/CodeIgniter.php(368): CodeIgniter\CodeIgniter->handleRequest()
 5 FCPATH/index.php(67): CodeIgniter\CodeIgniter->run()
CRITICAL - 2023-03-18 20:32:05 --> Call to undefined method CodeIgniter\Database\Database::connect()
in APPPATH/Helpers/pagination_helper.php on line 7.
 1 APPPATH/Controllers/Customers.php(61): paginate_all()
 2 SYSTEMPATH/CodeIgniter.php(934): App\Controllers\Customers->paginate_get()
 3 SYSTEMPATH/CodeIgniter.php(499): CodeIgniter\CodeIgniter->runController()
 4 SYSTEMPATH/CodeIgniter.php(368): CodeIgniter\CodeIgniter->handleRequest()
 5 FCPATH/index.php(67): CodeIgniter\CodeIgniter->run()
CRITICAL - 2023-03-18 20:32:50 --> Call to undefined method CodeIgniter\Database\Database::connect()
in APPPATH/Helpers/pagination_helper.php on line 7.
 1 APPPATH/Controllers/Customers.php(61): paginate_all()
 2 SYSTEMPATH/CodeIgniter.php(934): App\Controllers\Customers->paginate_get()
 3 SYSTEMPATH/CodeIgniter.php(499): CodeIgniter\CodeIgniter->runController()
 4 SYSTEMPATH/CodeIgniter.php(368): CodeIgniter\CodeIgniter->handleRequest()
 5 FCPATH/index.php(67): CodeIgniter\CodeIgniter->run()
CRITICAL - 2023-03-18 20:32:58 --> Call to undefined method CodeIgniter\Database\Database::connect()
in APPPATH/Helpers/pagination_helper.php on line 7.
 1 APPPATH/Controllers/Customers.php(61): paginate_all()
 2 SYSTEMPATH/CodeIgniter.php(934): App\Controllers\Customers->paginate_get()
 3 SYSTEMPATH/CodeIgniter.php(499): CodeIgniter\CodeIgniter->runController()
 4 SYSTEMPATH/CodeIgniter.php(368): CodeIgniter\CodeIgniter->handleRequest()
 5 FCPATH/index.php(67): CodeIgniter\CodeIgniter->run()
CRITICAL - 2023-03-18 20:32:58 --> Call to undefined method CodeIgniter\Database\Database::connect()
in APPPATH/Helpers/pagination_helper.php on line 7.
 1 APPPATH/Controllers/Customers.php(61): paginate_all()
 2 SYSTEMPATH/CodeIgniter.php(934): App\Controllers\Customers->paginate_get()
 3 SYSTEMPATH/CodeIgniter.php(499): CodeIgniter\CodeIgniter->runController()
 4 SYSTEMPATH/CodeIgniter.php(368): CodeIgniter\CodeIgniter->handleRequest()
 5 FCPATH/index.php(67): CodeIgniter\CodeIgniter->run()
CRITICAL - 2023-03-18 20:33:57 --> Call to undefined method CodeIgniter\Database\Database::connect()
in APPPATH/Helpers/pagination_helper.php on line 7.
 1 APPPATH/Controllers/Customers.php(61): paginate_all()
 2 SYSTEMPATH/CodeIgniter.php(934): App\Controllers\Customers->paginate_get()
 3 SYSTEMPATH/CodeIgniter.php(499): CodeIgniter\CodeIgniter->runController()
 4 SYSTEMPATH/CodeIgniter.php(368): CodeIgniter\CodeIgniter->handleRequest()
 5 FCPATH/index.php(67): CodeIgniter\CodeIgniter->run()
CRITICAL - 2023-03-18 20:34:28 --> Call to undefined method CodeIgniter\Database\Database::connect()
in APPPATH/Helpers/pagination_helper.php on line 7.
 1 APPPATH/Controllers/Customers.php(61): paginate_all()
 2 SYSTEMPATH/CodeIgniter.php(934): App\Controllers\Customers->paginate_get()
 3 SYSTEMPATH/CodeIgniter.php(499): CodeIgniter\CodeIgniter->runController()
 4 SYSTEMPATH/CodeIgniter.php(368): CodeIgniter\CodeIgniter->handleRequest()
 5 FCPATH/index.php(67): CodeIgniter\CodeIgniter->run()
CRITICAL - 2023-03-18 20:35:06 --> Call to undefined method CodeIgniter\Database\Database::connect()
in APPPATH/Helpers/pagination_helper.php on line 7.
 1 APPPATH/Controllers/Customers.php(61): paginate_all()
 2 SYSTEMPATH/CodeIgniter.php(934): App\Controllers\Customers->paginate_get()
 3 SYSTEMPATH/CodeIgniter.php(499): CodeIgniter\CodeIgniter->runController()
 4 SYSTEMPATH/CodeIgniter.php(368): CodeIgniter\CodeIgniter->handleRequest()
 5 FCPATH/index.php(67): CodeIgniter\CodeIgniter->run()
CRITICAL - 2023-03-18 20:35:26 --> Call to undefined method CodeIgniter\Database\Database::connect()
in APPPATH/Helpers/pagination_helper.php on line 7.
 1 APPPATH/Controllers/Customers.php(61): paginate_all()
 2 SYSTEMPATH/CodeIgniter.php(934): App\Controllers\Customers->paginate_get()
 3 SYSTEMPATH/CodeIgniter.php(499): CodeIgniter\CodeIgniter->runController()
 4 SYSTEMPATH/CodeIgniter.php(368): CodeIgniter\CodeIgniter->handleRequest()
 5 FCPATH/index.php(67): CodeIgniter\CodeIgniter->run()
CRITICAL - 2023-03-18 20:36:51 --> Using $this when not in object context
in APPPATH/Helpers/pagination_helper.php on line 12.
 1 APPPATH/Controllers/Customers.php(61): paginate_all()
 2 SYSTEMPATH/CodeIgniter.php(934): App\Controllers\Customers->paginate_get()
 3 SYSTEMPATH/CodeIgniter.php(499): CodeIgniter\CodeIgniter->runController()
 4 SYSTEMPATH/CodeIgniter.php(368): CodeIgniter\CodeIgniter->handleRequest()
 5 FCPATH/index.php(67): CodeIgniter\CodeIgniter->run()
CRITICAL - 2023-03-18 20:37:04 --> Using $this when not in object context
in APPPATH/Helpers/pagination_helper.php on line 12.
 1 APPPATH/Controllers/Customers.php(61): paginate_all()
 2 SYSTEMPATH/CodeIgniter.php(934): App\Controllers\Customers->paginate_get()
 3 SYSTEMPATH/CodeIgniter.php(499): CodeIgniter\CodeIgniter->runController()
 4 SYSTEMPATH/CodeIgniter.php(368): CodeIgniter\CodeIgniter->handleRequest()
 5 FCPATH/index.php(67): CodeIgniter\CodeIgniter->run()
CRITICAL - 2023-03-18 20:40:08 --> Using $this when not in object context
in APPPATH/Helpers/pagination_helper.php on line 12.
 1 APPPATH/Controllers/Customers.php(61): paginate_all()
 2 SYSTEMPATH/CodeIgniter.php(934): App\Controllers\Customers->paginate_get()
 3 SYSTEMPATH/CodeIgniter.php(499): CodeIgniter\CodeIgniter->runController()
 4 SYSTEMPATH/CodeIgniter.php(368): CodeIgniter\CodeIgniter->handleRequest()
 5 FCPATH/index.php(67): CodeIgniter\CodeIgniter->run()
CRITICAL - 2023-03-18 20:41:14 --> Array to string conversion
in APPPATH/Controllers/Customers.php on line 65.
 1 APPPATH/Controllers/Customers.php(65): CodeIgniter\Debug\Exceptions->errorHandler()
 2 SYSTEMPATH/CodeIgniter.php(934): App\Controllers\Customers->paginate_get()
 3 SYSTEMPATH/CodeIgniter.php(499): CodeIgniter\CodeIgniter->runController()
 4 SYSTEMPATH/CodeIgniter.php(368): CodeIgniter\CodeIgniter->handleRequest()
 5 FCPATH/index.php(67): CodeIgniter\CodeIgniter->run()
CRITICAL - 2023-03-18 20:45:53 --> syntax error, unexpected token ";", expecting ")"
in APPPATH/Helpers/pagination_helper.php on line 43.
 1 APPPATH/Controllers/Customers.php(56): helper()
 2 SYSTEMPATH/CodeIgniter.php(934): App\Controllers\Customers->paginate_get()
 3 SYSTEMPATH/CodeIgniter.php(499): CodeIgniter\CodeIgniter->runController()
 4 SYSTEMPATH/CodeIgniter.php(368): CodeIgniter\CodeIgniter->handleRequest()
 5 FCPATH/index.php(67): CodeIgniter\CodeIgniter->run()
ERROR - 2023-03-18 20:47:24 --> mysqli_sql_exception: Unknown column 'contacto' in 'field list' in /app/myapp/system/Database/MySQLi/Connection.php:295
Stack trace:
#0 /app/myapp/system/Database/MySQLi/Connection.php(295): mysqli->query()
#1 /app/myapp/system/Database/BaseConnection.php(691): CodeIgniter\Database\MySQLi\Connection->execute()
#2 /app/myapp/system/Database/BaseConnection.php(605): CodeIgniter\Database\BaseConnection->simpleQuery()
#3 /app/myapp/system/Database/BaseBuilder.php(1616): CodeIgniter\Database\BaseConnection->query()
#4 /app/myapp/app/Helpers/pagination_helper.php(43): CodeIgniter\Database\BaseBuilder->get()
#5 /app/myapp/app/Controllers/Customers.php(62): paginate_all()
#6 /app/myapp/system/CodeIgniter.php(934): App\Controllers\Customers->paginate_get()
#7 /app/myapp/system/CodeIgniter.php(499): CodeIgniter\CodeIgniter->runController()
#8 /app/myapp/system/CodeIgniter.php(368): CodeIgniter\CodeIgniter->handleRequest()
#9 /app/myapp/public/index.php(67): CodeIgniter\CodeIgniter->run()
#10 {main}
CRITICAL - 2023-03-18 20:47:24 --> Unknown column 'contacto' in 'field list'
in SYSTEMPATH/Database/BaseConnection.php on line 645.
 1 SYSTEMPATH/Database/BaseBuilder.php(1616): CodeIgniter\Database\BaseConnection->query()
 2 APPPATH/Helpers/pagination_helper.php(43): CodeIgniter\Database\BaseBuilder->get()
 3 APPPATH/Controllers/Customers.php(62): paginate_all()
 4 SYSTEMPATH/CodeIgniter.php(934): App\Controllers\Customers->paginate_get()
 5 SYSTEMPATH/CodeIgniter.php(499): CodeIgniter\CodeIgniter->runController()
 6 SYSTEMPATH/CodeIgniter.php(368): CodeIgniter\CodeIgniter->handleRequest()
 7 FCPATH/index.php(67): CodeIgniter\CodeIgniter->run()
CRITICAL - 2023-03-18 22:06:26 --> syntax error, unexpected token "echo", expecting ";"
in APPPATH/Controllers/Customers.php on line 90.
 1 SYSTEMPATH/Autoloader/Autoloader.php(289): CodeIgniter\Autoloader\Autoloader->includeFile()
 2 SYSTEMPATH/Autoloader/Autoloader.php(267): CodeIgniter\Autoloader\Autoloader->loadInNamespace()
 3 [internal function]: CodeIgniter\Autoloader\Autoloader->loadClass()
 4 SYSTEMPATH/CodeIgniter.php(892): class_exists()
 5 SYSTEMPATH/CodeIgniter.php(486): CodeIgniter\CodeIgniter->startController()
 6 SYSTEMPATH/CodeIgniter.php(368): CodeIgniter\CodeIgniter->handleRequest()
 7 FCPATH/index.php(67): CodeIgniter\CodeIgniter->run()
CRITICAL - 2023-03-18 22:20:09 --> CodeIgniter\Validation\Validation::run(): Argument #1 ($data) must be of type ?array, string given, called in /app/myapp/app/Controllers/Customers.php on line 89
in SYSTEMPATH/Validation/Validation.php on line 110.
 1 APPPATH/Controllers/Customers.php(89): CodeIgniter\Validation\Validation->run()
 2 SYSTEMPATH/CodeIgniter.php(934): App\Controllers\Customers->customer_put()
 3 SYSTEMPATH/CodeIgniter.php(499): CodeIgniter\CodeIgniter->runController()
 4 SYSTEMPATH/CodeIgniter.php(368): CodeIgniter\CodeIgniter->handleRequest()
 5 FCPATH/index.php(67): CodeIgniter\CodeIgniter->run()
CRITICAL - 2023-03-18 22:20:10 --> CodeIgniter\Validation\Validation::run(): Argument #1 ($data) must be of type ?array, string given, called in /app/myapp/app/Controllers/Customers.php on line 89
in SYSTEMPATH/Validation/Validation.php on line 110.
 1 APPPATH/Controllers/Customers.php(89): CodeIgniter\Validation\Validation->run()
 2 SYSTEMPATH/CodeIgniter.php(934): App\Controllers\Customers->customer_put()
 3 SYSTEMPATH/CodeIgniter.php(499): CodeIgniter\CodeIgniter->runController()
 4 SYSTEMPATH/CodeIgniter.php(368): CodeIgniter\CodeIgniter->handleRequest()
 5 FCPATH/index.php(67): CodeIgniter\CodeIgniter->run()
CRITICAL - 2023-03-18 22:22:11 --> Call to undefined method CodeIgniter\Validation\Validation::setData()
in APPPATH/Controllers/Customers.php on line 78.
 1 SYSTEMPATH/CodeIgniter.php(934): App\Controllers\Customers->customer_put()
 2 SYSTEMPATH/CodeIgniter.php(499): CodeIgniter\CodeIgniter->runController()
 3 SYSTEMPATH/CodeIgniter.php(368): CodeIgniter\CodeIgniter->handleRequest()
 4 FCPATH/index.php(67): CodeIgniter\CodeIgniter->run()
CRITICAL - 2023-03-18 22:22:39 --> CodeIgniter\Validation\Validation::run(): Argument #1 ($data) must be of type ?array, string given, called in /app/myapp/app/Controllers/Customers.php on line 91
in SYSTEMPATH/Validation/Validation.php on line 110.
 1 APPPATH/Controllers/Customers.php(91): CodeIgniter\Validation\Validation->run()
 2 SYSTEMPATH/CodeIgniter.php(934): App\Controllers\Customers->customer_put()
 3 SYSTEMPATH/CodeIgniter.php(499): CodeIgniter\CodeIgniter->runController()
 4 SYSTEMPATH/CodeIgniter.php(368): CodeIgniter\CodeIgniter->handleRequest()
 5 FCPATH/index.php(67): CodeIgniter\CodeIgniter->run()
CRITICAL - 2023-03-18 22:22:40 --> CodeIgniter\Validation\Validation::run(): Argument #1 ($data) must be of type ?array, string given, called in /app/myapp/app/Controllers/Customers.php on line 91
in SYSTEMPATH/Validation/Validation.php on line 110.
 1 APPPATH/Controllers/Customers.php(91): CodeIgniter\Validation\Validation->run()
 2 SYSTEMPATH/CodeIgniter.php(934): App\Controllers\Customers->customer_put()
 3 SYSTEMPATH/CodeIgniter.php(499): CodeIgniter\CodeIgniter->runController()
 4 SYSTEMPATH/CodeIgniter.php(368): CodeIgniter\CodeIgniter->handleRequest()
 5 FCPATH/index.php(67): CodeIgniter\CodeIgniter->run()
CRITICAL - 2023-03-18 22:26:00 --> CodeIgniter\Validation\Validation::run(): Argument #1 ($data) must be of type ?array, string given, called in /app/myapp/app/Controllers/Customers.php on line 91
in SYSTEMPATH/Validation/Validation.php on line 110.
 1 APPPATH/Controllers/Customers.php(91): CodeIgniter\Validation\Validation->run()
 2 SYSTEMPATH/CodeIgniter.php(934): App\Controllers\Customers->customer_put()
 3 SYSTEMPATH/CodeIgniter.php(499): CodeIgniter\CodeIgniter->runController()
 4 SYSTEMPATH/CodeIgniter.php(368): CodeIgniter\CodeIgniter->handleRequest()
 5 FCPATH/index.php(67): CodeIgniter\CodeIgniter->run()
CRITICAL - 2023-03-18 22:26:01 --> CodeIgniter\Validation\Validation::run(): Argument #1 ($data) must be of type ?array, string given, called in /app/myapp/app/Controllers/Customers.php on line 91
in SYSTEMPATH/Validation/Validation.php on line 110.
 1 APPPATH/Controllers/Customers.php(91): CodeIgniter\Validation\Validation->run()
 2 SYSTEMPATH/CodeIgniter.php(934): App\Controllers\Customers->customer_put()
 3 SYSTEMPATH/CodeIgniter.php(499): CodeIgniter\CodeIgniter->runController()
 4 SYSTEMPATH/CodeIgniter.php(368): CodeIgniter\CodeIgniter->handleRequest()
 5 FCPATH/index.php(67): CodeIgniter\CodeIgniter->run()
CRITICAL - 2023-03-18 22:26:03 --> CodeIgniter\Validation\Validation::run(): Argument #1 ($data) must be of type ?array, string given, called in /app/myapp/app/Controllers/Customers.php on line 91
in SYSTEMPATH/Validation/Validation.php on line 110.
 1 APPPATH/Controllers/Customers.php(91): CodeIgniter\Validation\Validation->run()
 2 SYSTEMPATH/CodeIgniter.php(934): App\Controllers\Customers->customer_put()
 3 SYSTEMPATH/CodeIgniter.php(499): CodeIgniter\CodeIgniter->runController()
 4 SYSTEMPATH/CodeIgniter.php(368): CodeIgniter\CodeIgniter->handleRequest()
 5 FCPATH/index.php(67): CodeIgniter\CodeIgniter->run()
CRITICAL - 2023-03-18 22:29:35 --> CodeIgniter\Validation\Validation::run(): Argument #1 ($data) must be of type ?array, string given, called in /app/myapp/app/Controllers/Customers.php on line 96
in SYSTEMPATH/Validation/Validation.php on line 110.
 1 APPPATH/Controllers/Customers.php(96): CodeIgniter\Validation\Validation->run()
 2 SYSTEMPATH/CodeIgniter.php(934): App\Controllers\Customers->customer_put()
 3 SYSTEMPATH/CodeIgniter.php(499): CodeIgniter\CodeIgniter->runController()
 4 SYSTEMPATH/CodeIgniter.php(368): CodeIgniter\CodeIgniter->handleRequest()
 5 FCPATH/index.php(67): CodeIgniter\CodeIgniter->run()
CRITICAL - 2023-03-18 22:29:36 --> CodeIgniter\Validation\Validation::run(): Argument #1 ($data) must be of type ?array, string given, called in /app/myapp/app/Controllers/Customers.php on line 96
in SYSTEMPATH/Validation/Validation.php on line 110.
 1 APPPATH/Controllers/Customers.php(96): CodeIgniter\Validation\Validation->run()
 2 SYSTEMPATH/CodeIgniter.php(934): App\Controllers\Customers->customer_put()
 3 SYSTEMPATH/CodeIgniter.php(499): CodeIgniter\CodeIgniter->runController()
 4 SYSTEMPATH/CodeIgniter.php(368): CodeIgniter\CodeIgniter->handleRequest()
 5 FCPATH/index.php(67): CodeIgniter\CodeIgniter->run()
CRITICAL - 2023-03-18 22:31:44 --> "customer_put" is not a validation rules group.
in SYSTEMPATH/Validation/Validation.php on line 619.
 1 SYSTEMPATH/Validation/Validation.php(619): CodeIgniter\Validation\Exceptions\ValidationException::forGroupNotFound()
 2 SYSTEMPATH/Validation/Validation.php(118): CodeIgniter\Validation\Validation->loadRuleGroup()
 3 APPPATH/Controllers/Customers.php(96): CodeIgniter\Validation\Validation->run()
 4 SYSTEMPATH/CodeIgniter.php(934): App\Controllers\Customers->customer_put()
 5 SYSTEMPATH/CodeIgniter.php(499): CodeIgniter\CodeIgniter->runController()
 6 SYSTEMPATH/CodeIgniter.php(368): CodeIgniter\CodeIgniter->handleRequest()
 7 FCPATH/index.php(67): CodeIgniter\CodeIgniter->run()
CRITICAL - 2023-03-18 22:33:32 --> "customer_put" is not a validation rules group.
in SYSTEMPATH/Validation/Validation.php on line 619.
 1 SYSTEMPATH/Validation/Validation.php(619): CodeIgniter\Validation\Exceptions\ValidationException::forGroupNotFound()
 2 SYSTEMPATH/Validation/Validation.php(118): CodeIgniter\Validation\Validation->loadRuleGroup()
 3 APPPATH/Controllers/Customers.php(97): CodeIgniter\Validation\Validation->run()
 4 SYSTEMPATH/CodeIgniter.php(934): App\Controllers\Customers->customer_put()
 5 SYSTEMPATH/CodeIgniter.php(499): CodeIgniter\CodeIgniter->runController()
 6 SYSTEMPATH/CodeIgniter.php(368): CodeIgniter\CodeIgniter->handleRequest()
 7 FCPATH/index.php(67): CodeIgniter\CodeIgniter->run()
CRITICAL - 2023-03-18 22:33:34 --> "customer_put" is not a validation rules group.
in SYSTEMPATH/Validation/Validation.php on line 619.
 1 SYSTEMPATH/Validation/Validation.php(619): CodeIgniter\Validation\Exceptions\ValidationException::forGroupNotFound()
 2 SYSTEMPATH/Validation/Validation.php(118): CodeIgniter\Validation\Validation->loadRuleGroup()
 3 APPPATH/Controllers/Customers.php(97): CodeIgniter\Validation\Validation->run()
 4 SYSTEMPATH/CodeIgniter.php(934): App\Controllers\Customers->customer_put()
 5 SYSTEMPATH/CodeIgniter.php(499): CodeIgniter\CodeIgniter->runController()
 6 SYSTEMPATH/CodeIgniter.php(368): CodeIgniter\CodeIgniter->handleRequest()
 7 FCPATH/index.php(67): CodeIgniter\CodeIgniter->run()
CRITICAL - 2023-03-18 22:34:14 --> "customer_put" is not a validation rules group.
in SYSTEMPATH/Validation/Validation.php on line 619.
 1 SYSTEMPATH/Validation/Validation.php(619): CodeIgniter\Validation\Exceptions\ValidationException::forGroupNotFound()
 2 SYSTEMPATH/Validation/Validation.php(118): CodeIgniter\Validation\Validation->loadRuleGroup()
 3 APPPATH/Controllers/Customers.php(97): CodeIgniter\Validation\Validation->run()
 4 SYSTEMPATH/CodeIgniter.php(934): App\Controllers\Customers->customer_put()
 5 SYSTEMPATH/CodeIgniter.php(499): CodeIgniter\CodeIgniter->runController()
 6 SYSTEMPATH/CodeIgniter.php(368): CodeIgniter\CodeIgniter->handleRequest()
 7 FCPATH/index.php(67): CodeIgniter\CodeIgniter->run()
CRITICAL - 2023-03-18 22:34:15 --> "customer_put" is not a validation rules group.
in SYSTEMPATH/Validation/Validation.php on line 619.
 1 SYSTEMPATH/Validation/Validation.php(619): CodeIgniter\Validation\Exceptions\ValidationException::forGroupNotFound()
 2 SYSTEMPATH/Validation/Validation.php(118): CodeIgniter\Validation\Validation->loadRuleGroup()
 3 APPPATH/Controllers/Customers.php(97): CodeIgniter\Validation\Validation->run()
 4 SYSTEMPATH/CodeIgniter.php(934): App\Controllers\Customers->customer_put()
 5 SYSTEMPATH/CodeIgniter.php(499): CodeIgniter\CodeIgniter->runController()
 6 SYSTEMPATH/CodeIgniter.php(368): CodeIgniter\CodeIgniter->handleRequest()
 7 FCPATH/index.php(67): CodeIgniter\CodeIgniter->run()
CRITICAL - 2023-03-18 22:34:18 --> "customer_put" is not a validation rules group.
in SYSTEMPATH/Validation/Validation.php on line 619.
 1 SYSTEMPATH/Validation/Validation.php(619): CodeIgniter\Validation\Exceptions\ValidationException::forGroupNotFound()
 2 SYSTEMPATH/Validation/Validation.php(118): CodeIgniter\Validation\Validation->loadRuleGroup()
 3 APPPATH/Controllers/Customers.php(97): CodeIgniter\Validation\Validation->run()
 4 SYSTEMPATH/CodeIgniter.php(934): App\Controllers\Customers->customer_put()
 5 SYSTEMPATH/CodeIgniter.php(499): CodeIgniter\CodeIgniter->runController()
 6 SYSTEMPATH/CodeIgniter.php(368): CodeIgniter\CodeIgniter->handleRequest()
 7 FCPATH/index.php(67): CodeIgniter\CodeIgniter->run()
CRITICAL - 2023-03-18 22:34:55 --> CodeIgniter\Validation\Validation::run(): Argument #1 ($data) must be of type ?array, string given, called in /app/myapp/app/Controllers/Customers.php on line 97
in SYSTEMPATH/Validation/Validation.php on line 110.
 1 APPPATH/Controllers/Customers.php(97): CodeIgniter\Validation\Validation->run()
 2 SYSTEMPATH/CodeIgniter.php(934): App\Controllers\Customers->customer_put()
 3 SYSTEMPATH/CodeIgniter.php(499): CodeIgniter\CodeIgniter->runController()
 4 SYSTEMPATH/CodeIgniter.php(368): CodeIgniter\CodeIgniter->handleRequest()
 5 FCPATH/index.php(67): CodeIgniter\CodeIgniter->run()
CRITICAL - 2023-03-18 22:35:04 --> CodeIgniter\Validation\Validation::run(): Argument #1 ($data) must be of type ?array, string given, called in /app/myapp/app/Controllers/Customers.php on line 97
in SYSTEMPATH/Validation/Validation.php on line 110.
 1 APPPATH/Controllers/Customers.php(97): CodeIgniter\Validation\Validation->run()
 2 SYSTEMPATH/CodeIgniter.php(934): App\Controllers\Customers->customer_put()
 3 SYSTEMPATH/CodeIgniter.php(499): CodeIgniter\CodeIgniter->runController()
 4 SYSTEMPATH/CodeIgniter.php(368): CodeIgniter\CodeIgniter->handleRequest()
 5 FCPATH/index.php(67): CodeIgniter\CodeIgniter->run()
CRITICAL - 2023-03-18 22:35:13 --> Call to undefined method CodeIgniter\Validation\Validation::setData()
in APPPATH/Controllers/Customers.php on line 84.
 1 SYSTEMPATH/CodeIgniter.php(934): App\Controllers\Customers->customer_put()
 2 SYSTEMPATH/CodeIgniter.php(499): CodeIgniter\CodeIgniter->runController()
 3 SYSTEMPATH/CodeIgniter.php(368): CodeIgniter\CodeIgniter->handleRequest()
 4 FCPATH/index.php(67): CodeIgniter\CodeIgniter->run()
CRITICAL - 2023-03-18 22:35:43 --> Call to undefined method CodeIgniter\Validation\Validation::setData()
in APPPATH/Controllers/Customers.php on line 84.
 1 SYSTEMPATH/CodeIgniter.php(934): App\Controllers\Customers->customer_put()
 2 SYSTEMPATH/CodeIgniter.php(499): CodeIgniter\CodeIgniter->runController()
 3 SYSTEMPATH/CodeIgniter.php(368): CodeIgniter\CodeIgniter->handleRequest()
 4 FCPATH/index.php(67): CodeIgniter\CodeIgniter->run()
CRITICAL - 2023-03-18 22:35:44 --> Call to undefined method CodeIgniter\Validation\Validation::setData()
in APPPATH/Controllers/Customers.php on line 84.
 1 SYSTEMPATH/CodeIgniter.php(934): App\Controllers\Customers->customer_put()
 2 SYSTEMPATH/CodeIgniter.php(499): CodeIgniter\CodeIgniter->runController()
 3 SYSTEMPATH/CodeIgniter.php(368): CodeIgniter\CodeIgniter->handleRequest()
 4 FCPATH/index.php(67): CodeIgniter\CodeIgniter->run()
CRITICAL - 2023-03-18 22:35:59 --> Call to undefined method CodeIgniter\Validation\Validation::setData()
in APPPATH/Controllers/Customers.php on line 84.
 1 SYSTEMPATH/CodeIgniter.php(934): App\Controllers\Customers->customer_put()
 2 SYSTEMPATH/CodeIgniter.php(499): CodeIgniter\CodeIgniter->runController()
 3 SYSTEMPATH/CodeIgniter.php(368): CodeIgniter\CodeIgniter->handleRequest()
 4 FCPATH/index.php(67): CodeIgniter\CodeIgniter->run()
CRITICAL - 2023-03-18 22:36:00 --> Call to undefined method CodeIgniter\Validation\Validation::setData()
in APPPATH/Controllers/Customers.php on line 84.
 1 SYSTEMPATH/CodeIgniter.php(934): App\Controllers\Customers->customer_put()
 2 SYSTEMPATH/CodeIgniter.php(499): CodeIgniter\CodeIgniter->runController()
 3 SYSTEMPATH/CodeIgniter.php(368): CodeIgniter\CodeIgniter->handleRequest()
 4 FCPATH/index.php(67): CodeIgniter\CodeIgniter->run()
CRITICAL - 2023-03-18 22:36:34 --> CodeIgniter\Validation\Validation::run(): Argument #1 ($data) must be of type ?array, string given, called in /app/myapp/app/Controllers/Customers.php on line 98
in SYSTEMPATH/Validation/Validation.php on line 110.
 1 APPPATH/Controllers/Customers.php(98): CodeIgniter\Validation\Validation->run()
 2 SYSTEMPATH/CodeIgniter.php(934): App\Controllers\Customers->customer_put()
 3 SYSTEMPATH/CodeIgniter.php(499): CodeIgniter\CodeIgniter->runController()
 4 SYSTEMPATH/CodeIgniter.php(368): CodeIgniter\CodeIgniter->handleRequest()
 5 FCPATH/index.php(67): CodeIgniter\CodeIgniter->run()
CRITICAL - 2023-03-18 22:36:49 --> "customer_put" is not a validation rules group.
in SYSTEMPATH/Validation/Validation.php on line 619.
 1 SYSTEMPATH/Validation/Validation.php(619): CodeIgniter\Validation\Exceptions\ValidationException::forGroupNotFound()
 2 SYSTEMPATH/Validation/Validation.php(118): CodeIgniter\Validation\Validation->loadRuleGroup()
 3 APPPATH/Controllers/Customers.php(98): CodeIgniter\Validation\Validation->run()
 4 SYSTEMPATH/CodeIgniter.php(934): App\Controllers\Customers->customer_put()
 5 SYSTEMPATH/CodeIgniter.php(499): CodeIgniter\CodeIgniter->runController()
 6 SYSTEMPATH/CodeIgniter.php(368): CodeIgniter\CodeIgniter->handleRequest()
 7 FCPATH/index.php(67): CodeIgniter\CodeIgniter->run()
CRITICAL - 2023-03-18 22:37:48 --> "customer_put" is not a validation rules group.
in SYSTEMPATH/Validation/Validation.php on line 619.
 1 SYSTEMPATH/Validation/Validation.php(619): CodeIgniter\Validation\Exceptions\ValidationException::forGroupNotFound()
 2 SYSTEMPATH/Validation/Validation.php(118): CodeIgniter\Validation\Validation->loadRuleGroup()
 3 APPPATH/Controllers/Customers.php(98): CodeIgniter\Validation\Validation->run()
 4 SYSTEMPATH/CodeIgniter.php(934): App\Controllers\Customers->customer_put()
 5 SYSTEMPATH/CodeIgniter.php(499): CodeIgniter\CodeIgniter->runController()
 6 SYSTEMPATH/CodeIgniter.php(368): CodeIgniter\CodeIgniter->handleRequest()
 7 FCPATH/index.php(67): CodeIgniter\CodeIgniter->run()
CRITICAL - 2023-03-18 22:39:07 --> "customer_put" is not a validation rules group.
in SYSTEMPATH/Validation/Validation.php on line 619.
 1 SYSTEMPATH/Validation/Validation.php(619): CodeIgniter\Validation\Exceptions\ValidationException::forGroupNotFound()
 2 SYSTEMPATH/Validation/Validation.php(118): CodeIgniter\Validation\Validation->loadRuleGroup()
 3 APPPATH/Controllers/Customers.php(98): CodeIgniter\Validation\Validation->run()
 4 SYSTEMPATH/CodeIgniter.php(934): App\Controllers\Customers->customer_put()
 5 SYSTEMPATH/CodeIgniter.php(499): CodeIgniter\CodeIgniter->runController()
 6 SYSTEMPATH/CodeIgniter.php(368): CodeIgniter\CodeIgniter->handleRequest()
 7 FCPATH/index.php(67): CodeIgniter\CodeIgniter->run()
CRITICAL - 2023-03-18 23:18:03 --> "customer_put" is not a validation rules group.
in SYSTEMPATH/Validation/Validation.php on line 619.
 1 SYSTEMPATH/Validation/Validation.php(619): CodeIgniter\Validation\Exceptions\ValidationException::forGroupNotFound()
 2 SYSTEMPATH/Validation/Validation.php(118): CodeIgniter\Validation\Validation->loadRuleGroup()
 3 APPPATH/Controllers/Customers.php(98): CodeIgniter\Validation\Validation->run()
 4 SYSTEMPATH/CodeIgniter.php(934): App\Controllers\Customers->customer_put()
 5 SYSTEMPATH/CodeIgniter.php(499): CodeIgniter\CodeIgniter->runController()
 6 SYSTEMPATH/CodeIgniter.php(368): CodeIgniter\CodeIgniter->handleRequest()
 7 FCPATH/index.php(67): CodeIgniter\CodeIgniter->run()
CRITICAL - 2023-03-18 23:23:16 --> "customer_put" is not a validation rules group.
in SYSTEMPATH/Validation/Validation.php on line 619.
 1 SYSTEMPATH/Validation/Validation.php(619): CodeIgniter\Validation\Exceptions\ValidationException::forGroupNotFound()
 2 SYSTEMPATH/Validation/Validation.php(118): CodeIgniter\Validation\Validation->loadRuleGroup()
 3 APPPATH/Controllers/Customers.php(98): CodeIgniter\Validation\Validation->run()
 4 SYSTEMPATH/CodeIgniter.php(934): App\Controllers\Customers->customer_put()
 5 SYSTEMPATH/CodeIgniter.php(499): CodeIgniter\CodeIgniter->runController()
 6 SYSTEMPATH/CodeIgniter.php(368): CodeIgniter\CodeIgniter->handleRequest()
 7 FCPATH/index.php(67): CodeIgniter\CodeIgniter->run()
CRITICAL - 2023-03-18 23:26:33 --> "customer" is not a validation rules group.
in SYSTEMPATH/Validation/Validation.php on line 619.
 1 SYSTEMPATH/Validation/Validation.php(619): CodeIgniter\Validation\Exceptions\ValidationException::forGroupNotFound()
 2 SYSTEMPATH/Validation/Validation.php(118): CodeIgniter\Validation\Validation->loadRuleGroup()
 3 APPPATH/Controllers/Customers.php(98): CodeIgniter\Validation\Validation->run()
 4 SYSTEMPATH/CodeIgniter.php(934): App\Controllers\Customers->customer_put()
 5 SYSTEMPATH/CodeIgniter.php(499): CodeIgniter\CodeIgniter->runController()
 6 SYSTEMPATH/CodeIgniter.php(368): CodeIgniter\CodeIgniter->handleRequest()
 7 FCPATH/index.php(67): CodeIgniter\CodeIgniter->run()
CRITICAL - 2023-03-18 23:26:48 --> "clientes" is not a validation rules group.
in SYSTEMPATH/Validation/Validation.php on line 619.
 1 SYSTEMPATH/Validation/Validation.php(619): CodeIgniter\Validation\Exceptions\ValidationException::forGroupNotFound()
 2 SYSTEMPATH/Validation/Validation.php(118): CodeIgniter\Validation\Validation->loadRuleGroup()
 3 APPPATH/Controllers/Customers.php(98): CodeIgniter\Validation\Validation->run()
 4 SYSTEMPATH/CodeIgniter.php(934): App\Controllers\Customers->customer_put()
 5 SYSTEMPATH/CodeIgniter.php(499): CodeIgniter\CodeIgniter->runController()
 6 SYSTEMPATH/CodeIgniter.php(368): CodeIgniter\CodeIgniter->handleRequest()
 7 FCPATH/index.php(67): CodeIgniter\CodeIgniter->run()
CRITICAL - 2023-03-18 23:32:53 --> Undefined property: App\Controllers\Customers::$db
in APPPATH/Controllers/Customers.php on line 106.
 1 APPPATH/Controllers/Customers.php(106): CodeIgniter\Debug\Exceptions->errorHandler()
 2 SYSTEMPATH/CodeIgniter.php(934): App\Controllers\Customers->customer_put()
 3 SYSTEMPATH/CodeIgniter.php(499): CodeIgniter\CodeIgniter->runController()
 4 SYSTEMPATH/CodeIgniter.php(368): CodeIgniter\CodeIgniter->handleRequest()
 5 FCPATH/index.php(67): CodeIgniter\CodeIgniter->run()
CRITICAL - 2023-03-18 23:35:13 --> Undefined property: App\Controllers\Customers::$db
in APPPATH/Controllers/Customers.php on line 106.
 1 APPPATH/Controllers/Customers.php(106): CodeIgniter\Debug\Exceptions->errorHandler()
 2 SYSTEMPATH/CodeIgniter.php(934): App\Controllers\Customers->customer_put()
 3 SYSTEMPATH/CodeIgniter.php(499): CodeIgniter\CodeIgniter->runController()
 4 SYSTEMPATH/CodeIgniter.php(368): CodeIgniter\CodeIgniter->handleRequest()
 5 FCPATH/index.php(67): CodeIgniter\CodeIgniter->run()
